2021-04-09 09:29:14.458 WARN  [Thread-22]com.alibaba.nacos.common.notify.NotifyCenter.shutdown:145 -[NotifyCenter] Start destroying Publisher
2021-04-09 09:29:14.458 WARN  [Thread-16]com.alibaba.nacos.common.http.HttpClientBeanHolder.shutdown:108 -[HttpClientBeanHolder] Start destroying common HttpClient
2021-04-09 09:29:14.468 WARN  [Thread-22]com.alibaba.nacos.common.notify.NotifyCenter.shutdown:162 -[NotifyCenter] Destruction of the end
2021-04-09 09:29:14.475 WARN  [Thread-16]com.alibaba.nacos.common.http.HttpClientBeanHolder.shutdown:114 -[HttpClientBeanHolder] Destruction of the end
2021-04-09 09:29:20.739 WARN  [SpringContextShutdownHook]o.s.beans.factory.support.DisposableBeanAdapter.invokeCustomDestroyMethod:349 -Destroy method 'close' on bean with name 'nacosServiceRegistry' threw an exception: java.lang.NullPointerException
2021-04-09 09:29:36.305 WARN  [main]org.springframework.boot.actuate.endpoint.EndpointId.logWarning:155 -Endpoint ID 'service-registry' contains invalid characters, please migrate to a valid format.
2021-04-09 09:29:36.398 WARN  [main]org.mybatis.spring.mapper.ClassPathMapperScanner.warn:44 -No MyBatis mapper was found in '[xyz.fusheng]' package. Please check your configuration.
2021-04-09 09:29:37.739 WARN  [main]o.s.s.o.provider.token.store.JwtAccessTokenConverter.afterPropertiesSet:302 -Unable to create an RSA verifier from verifierKey (ignoreable if using MAC)
2021-04-09 09:29:39.303 WARN  [main]com.netflix.config.sources.URLConfigurationSource.<init>:121 -No URLs will be polled as dynamic configuration sources.
2021-04-09 09:29:39.310 WARN  [main]com.netflix.config.sources.URLConfigurationSource.<init>:121 -No URLs will be polled as dynamic configuration sources.
2021-04-09 09:29:39.935 WARN  [main]o.s.c.s.oauth2.SpringCloudSecurityAutoConfiguration.<init>:38 -All Spring Cloud Security modules and starters are deprecated. They will be moved to individual projects in the next major release.
2021-04-09 10:21:50.927 WARN  [Thread-21]com.alibaba.nacos.common.notify.NotifyCenter.shutdown:145 -[NotifyCenter] Start destroying Publisher
2021-04-09 10:21:50.927 WARN  [Thread-15]com.alibaba.nacos.common.http.HttpClientBeanHolder.shutdown:108 -[HttpClientBeanHolder] Start destroying common HttpClient
2021-04-09 10:21:50.930 WARN  [Thread-21]com.alibaba.nacos.common.notify.NotifyCenter.shutdown:162 -[NotifyCenter] Destruction of the end
2021-04-09 10:21:50.932 WARN  [Thread-15]com.alibaba.nacos.common.http.HttpClientBeanHolder.shutdown:114 -[HttpClientBeanHolder] Destruction of the end
2021-04-09 10:21:58.877 WARN  [SpringContextShutdownHook]o.s.beans.factory.support.DisposableBeanAdapter.invokeCustomDestroyMethod:349 -Destroy method 'close' on bean with name 'nacosServiceRegistry' threw an exception: java.lang.NullPointerException
2021-04-09 10:22:08.136 WARN  [main]org.springframework.boot.actuate.endpoint.EndpointId.logWarning:155 -Endpoint ID 'service-registry' contains invalid characters, please migrate to a valid format.
2021-04-09 10:22:08.197 WARN  [main]org.mybatis.spring.mapper.ClassPathMapperScanner.warn:44 -No MyBatis mapper was found in '[xyz.fusheng]' package. Please check your configuration.
2021-04-09 10:22:09.410 WARN  [main]o.s.s.o.provider.token.store.JwtAccessTokenConverter.afterPropertiesSet:302 -Unable to create an RSA verifier from verifierKey (ignoreable if using MAC)
2021-04-09 10:22:11.135 WARN  [main]com.netflix.config.sources.URLConfigurationSource.<init>:121 -No URLs will be polled as dynamic configuration sources.
2021-04-09 10:22:11.141 WARN  [main]com.netflix.config.sources.URLConfigurationSource.<init>:121 -No URLs will be polled as dynamic configuration sources.
2021-04-09 10:22:11.639 WARN  [main]o.s.c.s.oauth2.SpringCloudSecurityAutoConfiguration.<init>:38 -All Spring Cloud Security modules and starters are deprecated. They will be moved to individual projects in the next major release.
2021-04-09 10:48:09.880 WARN  [Thread-20]com.alibaba.nacos.common.notify.NotifyCenter.shutdown:145 -[NotifyCenter] Start destroying Publisher
2021-04-09 10:48:09.880 WARN  [Thread-14]com.alibaba.nacos.common.http.HttpClientBeanHolder.shutdown:108 -[HttpClientBeanHolder] Start destroying common HttpClient
2021-04-09 10:48:09.882 WARN  [Thread-20]com.alibaba.nacos.common.notify.NotifyCenter.shutdown:162 -[NotifyCenter] Destruction of the end
2021-04-09 10:48:09.882 WARN  [Thread-14]com.alibaba.nacos.common.http.HttpClientBeanHolder.shutdown:114 -[HttpClientBeanHolder] Destruction of the end
2021-04-09 10:48:18.078 WARN  [SpringContextShutdownHook]o.s.beans.factory.support.DisposableBeanAdapter.invokeCustomDestroyMethod:349 -Destroy method 'close' on bean with name 'nacosServiceRegistry' threw an exception: java.lang.NullPointerException
2021-04-09 10:48:24.869 WARN  [main]org.springframework.boot.actuate.endpoint.EndpointId.logWarning:155 -Endpoint ID 'service-registry' contains invalid characters, please migrate to a valid format.
2021-04-09 10:48:24.924 WARN  [main]org.mybatis.spring.mapper.ClassPathMapperScanner.warn:44 -No MyBatis mapper was found in '[xyz.fusheng]' package. Please check your configuration.
2021-04-09 10:48:25.841 WARN  [main]o.s.s.o.provider.token.store.JwtAccessTokenConverter.afterPropertiesSet:302 -Unable to create an RSA verifier from verifierKey (ignoreable if using MAC)
2021-04-09 10:48:27.066 WARN  [main]com.netflix.config.sources.URLConfigurationSource.<init>:121 -No URLs will be polled as dynamic configuration sources.
2021-04-09 10:48:27.071 WARN  [main]com.netflix.config.sources.URLConfigurationSource.<init>:121 -No URLs will be polled as dynamic configuration sources.
2021-04-09 10:48:27.442 WARN  [main]o.s.c.s.oauth2.SpringCloudSecurityAutoConfiguration.<init>:38 -All Spring Cloud Security modules and starters are deprecated. They will be moved to individual projects in the next major release.
2021-04-09 10:51:26.177 WARN  [Thread-12]com.alibaba.nacos.common.http.HttpClientBeanHolder.shutdown:108 -[HttpClientBeanHolder] Start destroying common HttpClient
2021-04-09 10:51:26.177 WARN  [Thread-18]com.alibaba.nacos.common.notify.NotifyCenter.shutdown:145 -[NotifyCenter] Start destroying Publisher
2021-04-09 10:51:26.178 WARN  [Thread-18]com.alibaba.nacos.common.notify.NotifyCenter.shutdown:162 -[NotifyCenter] Destruction of the end
2021-04-09 10:51:26.179 WARN  [Thread-12]com.alibaba.nacos.common.http.HttpClientBeanHolder.shutdown:114 -[HttpClientBeanHolder] Destruction of the end
2021-04-09 10:51:31.765 WARN  [SpringContextShutdownHook]o.s.beans.factory.support.DisposableBeanAdapter.invokeCustomDestroyMethod:349 -Destroy method 'close' on bean with name 'nacosServiceRegistry' threw an exception: java.lang.NullPointerException
2021-04-09 10:51:38.998 WARN  [main]org.springframework.boot.actuate.endpoint.EndpointId.logWarning:155 -Endpoint ID 'service-registry' contains invalid characters, please migrate to a valid format.
2021-04-09 10:51:39.055 WARN  [main]org.mybatis.spring.mapper.ClassPathMapperScanner.warn:44 -No MyBatis mapper was found in '[xyz.fusheng]' package. Please check your configuration.
2021-04-09 10:51:40.014 WARN  [main]o.s.s.o.provider.token.store.JwtAccessTokenConverter.afterPropertiesSet:302 -Unable to create an RSA verifier from verifierKey (ignoreable if using MAC)
2021-04-09 10:51:41.244 WARN  [main]com.netflix.config.sources.URLConfigurationSource.<init>:121 -No URLs will be polled as dynamic configuration sources.
2021-04-09 10:51:41.248 WARN  [main]com.netflix.config.sources.URLConfigurationSource.<init>:121 -No URLs will be polled as dynamic configuration sources.
2021-04-09 10:51:41.642 WARN  [main]o.s.c.s.oauth2.SpringCloudSecurityAutoConfiguration.<init>:38 -All Spring Cloud Security modules and starters are deprecated. They will be moved to individual projects in the next major release.
2021-04-09 10:56:11.638 WARN  [Thread-18]com.alibaba.nacos.common.notify.NotifyCenter.shutdown:145 -[NotifyCenter] Start destroying Publisher
2021-04-09 10:56:11.638 WARN  [Thread-12]com.alibaba.nacos.common.http.HttpClientBeanHolder.shutdown:108 -[HttpClientBeanHolder] Start destroying common HttpClient
2021-04-09 10:56:11.639 WARN  [Thread-18]com.alibaba.nacos.common.notify.NotifyCenter.shutdown:162 -[NotifyCenter] Destruction of the end
2021-04-09 10:56:11.641 WARN  [Thread-12]com.alibaba.nacos.common.http.HttpClientBeanHolder.shutdown:114 -[HttpClientBeanHolder] Destruction of the end
2021-04-09 10:56:21.873 WARN  [SpringContextShutdownHook]o.s.beans.factory.support.DisposableBeanAdapter.invokeCustomDestroyMethod:349 -Destroy method 'close' on bean with name 'nacosServiceRegistry' threw an exception: java.lang.NullPointerException
2021-04-09 10:56:28.870 WARN  [main]org.springframework.boot.actuate.endpoint.EndpointId.logWarning:155 -Endpoint ID 'service-registry' contains invalid characters, please migrate to a valid format.
2021-04-09 10:56:28.944 WARN  [main]org.mybatis.spring.mapper.ClassPathMapperScanner.warn:44 -No MyBatis mapper was found in '[xyz.fusheng]' package. Please check your configuration.
2021-04-09 10:56:30.194 WARN  [main]o.s.s.o.provider.token.store.JwtAccessTokenConverter.afterPropertiesSet:302 -Unable to create an RSA verifier from verifierKey (ignoreable if using MAC)
2021-04-09 10:56:33.413 WARN  [main]com.netflix.config.sources.URLConfigurationSource.<init>:121 -No URLs will be polled as dynamic configuration sources.
2021-04-09 10:56:33.424 WARN  [main]com.netflix.config.sources.URLConfigurationSource.<init>:121 -No URLs will be polled as dynamic configuration sources.
2021-04-09 10:56:35.722 WARN  [main]o.s.c.s.oauth2.SpringCloudSecurityAutoConfiguration.<init>:38 -All Spring Cloud Security modules and starters are deprecated. They will be moved to individual projects in the next major release.
2021-04-09 11:03:52.775 WARN  [Thread-23]com.alibaba.nacos.common.notify.NotifyCenter.shutdown:145 -[NotifyCenter] Start destroying Publisher
2021-04-09 11:03:52.775 WARN  [Thread-17]com.alibaba.nacos.common.http.HttpClientBeanHolder.shutdown:108 -[HttpClientBeanHolder] Start destroying common HttpClient
2021-04-09 11:03:52.776 WARN  [Thread-23]com.alibaba.nacos.common.notify.NotifyCenter.shutdown:162 -[NotifyCenter] Destruction of the end
2021-04-09 11:03:52.777 WARN  [Thread-17]com.alibaba.nacos.common.http.HttpClientBeanHolder.shutdown:114 -[HttpClientBeanHolder] Destruction of the end
2021-04-09 11:04:02.612 WARN  [SpringContextShutdownHook]o.s.beans.factory.support.DisposableBeanAdapter.invokeCustomDestroyMethod:349 -Destroy method 'close' on bean with name 'nacosServiceRegistry' threw an exception: java.lang.NullPointerException
2021-04-09 11:04:11.028 WARN  [main]org.springframework.boot.actuate.endpoint.EndpointId.logWarning:155 -Endpoint ID 'service-registry' contains invalid characters, please migrate to a valid format.
2021-04-09 11:04:11.093 WARN  [main]org.mybatis.spring.mapper.ClassPathMapperScanner.warn:44 -No MyBatis mapper was found in '[xyz.fusheng]' package. Please check your configuration.
2021-04-09 11:04:12.078 WARN  [main]o.s.s.o.provider.token.store.JwtAccessTokenConverter.afterPropertiesSet:302 -Unable to create an RSA verifier from verifierKey (ignoreable if using MAC)
2021-04-09 11:04:13.373 WARN  [main]com.netflix.config.sources.URLConfigurationSource.<init>:121 -No URLs will be polled as dynamic configuration sources.
2021-04-09 11:04:13.378 WARN  [main]com.netflix.config.sources.URLConfigurationSource.<init>:121 -No URLs will be polled as dynamic configuration sources.
2021-04-09 11:04:13.808 WARN  [main]o.s.c.s.oauth2.SpringCloudSecurityAutoConfiguration.<init>:38 -All Spring Cloud Security modules and starters are deprecated. They will be moved to individual projects in the next major release.
2021-04-09 11:08:32.792 WARN  [Thread-18]com.alibaba.nacos.common.notify.NotifyCenter.shutdown:145 -[NotifyCenter] Start destroying Publisher
2021-04-09 11:08:32.791 WARN  [Thread-12]com.alibaba.nacos.common.http.HttpClientBeanHolder.shutdown:108 -[HttpClientBeanHolder] Start destroying common HttpClient
2021-04-09 11:08:32.793 WARN  [Thread-18]com.alibaba.nacos.common.notify.NotifyCenter.shutdown:162 -[NotifyCenter] Destruction of the end
2021-04-09 11:08:32.794 WARN  [Thread-12]com.alibaba.nacos.common.http.HttpClientBeanHolder.shutdown:114 -[HttpClientBeanHolder] Destruction of the end
2021-04-09 11:08:38.209 WARN  [SpringContextShutdownHook]o.s.beans.factory.support.DisposableBeanAdapter.invokeCustomDestroyMethod:349 -Destroy method 'close' on bean with name 'nacosServiceRegistry' threw an exception: java.lang.NullPointerException
2021-04-09 11:08:44.283 WARN  [main]org.springframework.boot.actuate.endpoint.EndpointId.logWarning:155 -Endpoint ID 'service-registry' contains invalid characters, please migrate to a valid format.
2021-04-09 11:08:44.353 WARN  [main]org.mybatis.spring.mapper.ClassPathMapperScanner.warn:44 -No MyBatis mapper was found in '[xyz.fusheng]' package. Please check your configuration.
2021-04-09 11:08:45.481 WARN  [main]o.s.s.o.provider.token.store.JwtAccessTokenConverter.afterPropertiesSet:302 -Unable to create an RSA verifier from verifierKey (ignoreable if using MAC)
2021-04-09 11:08:46.813 WARN  [main]com.netflix.config.sources.URLConfigurationSource.<init>:121 -No URLs will be polled as dynamic configuration sources.
2021-04-09 11:08:46.818 WARN  [main]com.netflix.config.sources.URLConfigurationSource.<init>:121 -No URLs will be polled as dynamic configuration sources.
2021-04-09 11:08:47.285 WARN  [main]o.s.c.s.oauth2.SpringCloudSecurityAutoConfiguration.<init>:38 -All Spring Cloud Security modules and starters are deprecated. They will be moved to individual projects in the next major release.
2021-04-09 12:42:27.240 WARN  [http-nio-9000-exec-8]o.s.security.oauth2.provider.endpoint.TokenEndpoint.handleException:185 -Handling error: InvalidGrantException, Invalid authorization code: DyrC1M
2021-04-09 14:58:30.307 WARN  [Thread-19]com.alibaba.nacos.common.notify.NotifyCenter.shutdown:145 -[NotifyCenter] Start destroying Publisher
2021-04-09 14:58:30.308 WARN  [Thread-13]com.alibaba.nacos.common.http.HttpClientBeanHolder.shutdown:108 -[HttpClientBeanHolder] Start destroying common HttpClient
2021-04-09 14:58:30.309 WARN  [Thread-19]com.alibaba.nacos.common.notify.NotifyCenter.shutdown:162 -[NotifyCenter] Destruction of the end
2021-04-09 14:58:30.311 WARN  [Thread-13]com.alibaba.nacos.common.http.HttpClientBeanHolder.shutdown:114 -[HttpClientBeanHolder] Destruction of the end
2021-04-09 14:58:40.547 WARN  [SpringContextShutdownHook]o.s.beans.factory.support.DisposableBeanAdapter.invokeCustomDestroyMethod:349 -Destroy method 'close' on bean with name 'nacosServiceRegistry' threw an exception: java.lang.NullPointerException
2021-04-09 14:58:50.584 WARN  [main]org.springframework.boot.actuate.endpoint.EndpointId.logWarning:155 -Endpoint ID 'service-registry' contains invalid characters, please migrate to a valid format.
2021-04-09 14:58:50.649 WARN  [main]org.mybatis.spring.mapper.ClassPathMapperScanner.warn:44 -No MyBatis mapper was found in '[xyz.fusheng]' package. Please check your configuration.
2021-04-09 14:58:51.671 WARN  [main]o.s.s.o.provider.token.store.JwtAccessTokenConverter.afterPropertiesSet:302 -Unable to create an RSA verifier from verifierKey (ignoreable if using MAC)
2021-04-09 14:58:52.967 WARN  [main]com.netflix.config.sources.URLConfigurationSource.<init>:121 -No URLs will be polled as dynamic configuration sources.
2021-04-09 14:58:52.971 WARN  [main]com.netflix.config.sources.URLConfigurationSource.<init>:121 -No URLs will be polled as dynamic configuration sources.
2021-04-09 14:58:53.391 WARN  [main]o.s.c.s.oauth2.SpringCloudSecurityAutoConfiguration.<init>:38 -All Spring Cloud Security modules and starters are deprecated. They will be moved to individual projects in the next major release.
2021-04-09 15:00:28.264 WARN  [http-nio-9000-exec-1]o.s.security.oauth2.provider.endpoint.TokenEndpoint.handleException:185 -Handling error: InvalidClientException, Unauthorized grant type: sms_code
2021-04-09 15:02:59.236 WARN  [Thread-13]com.alibaba.nacos.common.http.HttpClientBeanHolder.shutdown:108 -[HttpClientBeanHolder] Start destroying common HttpClient
2021-04-09 15:02:59.236 WARN  [Thread-19]com.alibaba.nacos.common.notify.NotifyCenter.shutdown:145 -[NotifyCenter] Start destroying Publisher
2021-04-09 15:02:59.239 WARN  [Thread-19]com.alibaba.nacos.common.notify.NotifyCenter.shutdown:162 -[NotifyCenter] Destruction of the end
2021-04-09 15:02:59.239 WARN  [Thread-13]com.alibaba.nacos.common.http.HttpClientBeanHolder.shutdown:114 -[HttpClientBeanHolder] Destruction of the end
2021-04-09 15:03:07.814 WARN  [SpringContextShutdownHook]o.s.beans.factory.support.DisposableBeanAdapter.invokeCustomDestroyMethod:349 -Destroy method 'close' on bean with name 'nacosServiceRegistry' threw an exception: java.lang.NullPointerException
2021-04-09 15:03:17.036 WARN  [main]org.springframework.boot.actuate.endpoint.EndpointId.logWarning:155 -Endpoint ID 'service-registry' contains invalid characters, please migrate to a valid format.
2021-04-09 15:03:17.091 WARN  [main]org.mybatis.spring.mapper.ClassPathMapperScanner.warn:44 -No MyBatis mapper was found in '[xyz.fusheng]' package. Please check your configuration.
2021-04-09 15:03:18.102 WARN  [main]o.s.s.o.provider.token.store.JwtAccessTokenConverter.afterPropertiesSet:302 -Unable to create an RSA verifier from verifierKey (ignoreable if using MAC)
2021-04-09 15:03:19.388 WARN  [main]com.netflix.config.sources.URLConfigurationSource.<init>:121 -No URLs will be polled as dynamic configuration sources.
2021-04-09 15:03:19.395 WARN  [main]com.netflix.config.sources.URLConfigurationSource.<init>:121 -No URLs will be polled as dynamic configuration sources.
2021-04-09 15:03:19.804 WARN  [main]o.s.c.s.oauth2.SpringCloudSecurityAutoConfiguration.<init>:38 -All Spring Cloud Security modules and starters are deprecated. They will be moved to individual projects in the next major release.
2021-04-09 15:03:25.328 WARN  [http-nio-9000-exec-1]o.s.security.oauth2.provider.endpoint.TokenEndpoint.handleException:185 -Handling error: InvalidClientException, Unauthorized grant type: sms_code
2021-04-09 15:10:08.275 WARN  [Thread-12]com.alibaba.nacos.common.http.HttpClientBeanHolder.shutdown:108 -[HttpClientBeanHolder] Start destroying common HttpClient
2021-04-09 15:10:08.275 WARN  [Thread-18]com.alibaba.nacos.common.notify.NotifyCenter.shutdown:145 -[NotifyCenter] Start destroying Publisher
2021-04-09 15:10:08.276 WARN  [Thread-18]com.alibaba.nacos.common.notify.NotifyCenter.shutdown:162 -[NotifyCenter] Destruction of the end
2021-04-09 15:10:08.431 WARN  [Thread-12]com.alibaba.nacos.common.http.HttpClientBeanHolder.shutdown:114 -[HttpClientBeanHolder] Destruction of the end
2021-04-09 15:10:16.590 WARN  [SpringContextShutdownHook]o.s.beans.factory.support.DisposableBeanAdapter.invokeCustomDestroyMethod:349 -Destroy method 'close' on bean with name 'nacosServiceRegistry' threw an exception: java.lang.NullPointerException
2021-04-09 15:10:24.601 WARN  [main]org.springframework.boot.actuate.endpoint.EndpointId.logWarning:155 -Endpoint ID 'service-registry' contains invalid characters, please migrate to a valid format.
2021-04-09 15:10:24.662 WARN  [main]org.mybatis.spring.mapper.ClassPathMapperScanner.warn:44 -No MyBatis mapper was found in '[xyz.fusheng]' package. Please check your configuration.
2021-04-09 15:10:25.504 WARN  [main]o.s.s.o.provider.token.store.JwtAccessTokenConverter.afterPropertiesSet:302 -Unable to create an RSA verifier from verifierKey (ignoreable if using MAC)
2021-04-09 15:10:27.212 WARN  [main]com.netflix.config.sources.URLConfigurationSource.<init>:121 -No URLs will be polled as dynamic configuration sources.
2021-04-09 15:10:27.216 WARN  [main]com.netflix.config.sources.URLConfigurationSource.<init>:121 -No URLs will be polled as dynamic configuration sources.
2021-04-09 15:10:27.666 WARN  [main]o.s.c.s.oauth2.SpringCloudSecurityAutoConfiguration.<init>:38 -All Spring Cloud Security modules and starters are deprecated. They will be moved to individual projects in the next major release.
2021-04-09 15:11:12.284 WARN  [http-nio-9000-exec-3]o.s.security.oauth2.provider.endpoint.TokenEndpoint.handleException:185 -Handling error: InvalidClientException, Unauthorized grant type: sms_code
2021-04-09 15:12:21.689 WARN  [Thread-20]com.alibaba.nacos.common.notify.NotifyCenter.shutdown:145 -[NotifyCenter] Start destroying Publisher
2021-04-09 15:12:21.689 WARN  [Thread-14]com.alibaba.nacos.common.http.HttpClientBeanHolder.shutdown:108 -[HttpClientBeanHolder] Start destroying common HttpClient
2021-04-09 15:12:21.691 WARN  [Thread-20]com.alibaba.nacos.common.notify.NotifyCenter.shutdown:162 -[NotifyCenter] Destruction of the end
2021-04-09 15:12:21.691 WARN  [Thread-14]com.alibaba.nacos.common.http.HttpClientBeanHolder.shutdown:114 -[HttpClientBeanHolder] Destruction of the end
2021-04-09 15:12:29.074 WARN  [SpringContextShutdownHook]o.s.beans.factory.support.DisposableBeanAdapter.invokeCustomDestroyMethod:349 -Destroy method 'close' on bean with name 'nacosServiceRegistry' threw an exception: java.lang.NullPointerException
2021-04-09 15:12:35.731 WARN  [main]org.springframework.boot.actuate.endpoint.EndpointId.logWarning:155 -Endpoint ID 'service-registry' contains invalid characters, please migrate to a valid format.
2021-04-09 15:12:35.804 WARN  [main]org.mybatis.spring.mapper.ClassPathMapperScanner.warn:44 -No MyBatis mapper was found in '[xyz.fusheng]' package. Please check your configuration.
2021-04-09 15:12:36.651 WARN  [main]o.s.s.o.provider.token.store.JwtAccessTokenConverter.afterPropertiesSet:302 -Unable to create an RSA verifier from verifierKey (ignoreable if using MAC)
2021-04-09 15:12:38.523 WARN  [main]com.netflix.config.sources.URLConfigurationSource.<init>:121 -No URLs will be polled as dynamic configuration sources.
2021-04-09 15:12:38.528 WARN  [main]com.netflix.config.sources.URLConfigurationSource.<init>:121 -No URLs will be polled as dynamic configuration sources.
2021-04-09 15:12:38.997 WARN  [main]o.s.c.s.oauth2.SpringCloudSecurityAutoConfiguration.<init>:38 -All Spring Cloud Security modules and starters are deprecated. They will be moved to individual projects in the next major release.
2021-04-09 15:25:34.236 WARN  [http-nio-9000-exec-2]o.s.security.oauth2.provider.endpoint.TokenEndpoint.handleException:185 -Handling error: InvalidClientException, Unauthorized grant type: sms_code
2021-04-09 15:59:03.868 WARN  [http-nio-9000-exec-4]o.s.security.oauth2.provider.endpoint.TokenEndpoint.handleException:185 -Handling error: InvalidClientException, Unauthorized grant type: sms_code
2021-04-09 16:00:18.063 WARN  [http-nio-9000-exec-3]o.s.security.oauth2.provider.endpoint.TokenEndpoint.handleException:185 -Handling error: InvalidClientException, Unauthorized grant type: sms_code
2021-04-09 16:00:35.987 WARN  [http-nio-9000-exec-5]o.s.security.oauth2.provider.endpoint.TokenEndpoint.handleException:185 -Handling error: InvalidClientException, Unauthorized grant type: sms_code
2021-04-09 16:00:36.063 WARN  [Thread-20]com.alibaba.nacos.common.notify.NotifyCenter.shutdown:145 -[NotifyCenter] Start destroying Publisher
2021-04-09 16:00:36.062 WARN  [Thread-14]com.alibaba.nacos.common.http.HttpClientBeanHolder.shutdown:108 -[HttpClientBeanHolder] Start destroying common HttpClient
2021-04-09 16:00:36.066 WARN  [Thread-20]com.alibaba.nacos.common.notify.NotifyCenter.shutdown:162 -[NotifyCenter] Destruction of the end
2021-04-09 16:00:36.067 WARN  [Thread-14]com.alibaba.nacos.common.http.HttpClientBeanHolder.shutdown:114 -[HttpClientBeanHolder] Destruction of the end
2021-04-09 16:00:45.125 WARN  [SpringContextShutdownHook]o.s.beans.factory.support.DisposableBeanAdapter.invokeCustomDestroyMethod:349 -Destroy method 'close' on bean with name 'nacosServiceRegistry' threw an exception: java.lang.NullPointerException
2021-04-09 16:00:52.825 WARN  [main]org.springframework.boot.actuate.endpoint.EndpointId.logWarning:155 -Endpoint ID 'service-registry' contains invalid characters, please migrate to a valid format.
2021-04-09 16:00:52.890 WARN  [main]org.mybatis.spring.mapper.ClassPathMapperScanner.warn:44 -No MyBatis mapper was found in '[xyz.fusheng]' package. Please check your configuration.
2021-04-09 16:00:53.637 WARN  [main]o.s.s.o.provider.token.store.JwtAccessTokenConverter.afterPropertiesSet:302 -Unable to create an RSA verifier from verifierKey (ignoreable if using MAC)
2021-04-09 16:00:55.284 WARN  [main]com.netflix.config.sources.URLConfigurationSource.<init>:121 -No URLs will be polled as dynamic configuration sources.
2021-04-09 16:00:55.289 WARN  [main]com.netflix.config.sources.URLConfigurationSource.<init>:121 -No URLs will be polled as dynamic configuration sources.
2021-04-09 16:00:55.704 WARN  [main]o.s.c.s.oauth2.SpringCloudSecurityAutoConfiguration.<init>:38 -All Spring Cloud Security modules and starters are deprecated. They will be moved to individual projects in the next major release.
2021-04-09 16:01:07.384 WARN  [http-nio-9000-exec-2]o.s.security.oauth2.provider.endpoint.TokenEndpoint.handleException:185 -Handling error: InvalidClientException, Unauthorized grant type: sms_code
2021-04-09 16:01:37.429 WARN  [Thread-13]com.alibaba.nacos.common.http.HttpClientBeanHolder.shutdown:108 -[HttpClientBeanHolder] Start destroying common HttpClient
2021-04-09 16:01:37.429 WARN  [Thread-19]com.alibaba.nacos.common.notify.NotifyCenter.shutdown:145 -[NotifyCenter] Start destroying Publisher
2021-04-09 16:01:37.432 WARN  [Thread-19]com.alibaba.nacos.common.notify.NotifyCenter.shutdown:162 -[NotifyCenter] Destruction of the end
2021-04-09 16:01:37.433 WARN  [Thread-13]com.alibaba.nacos.common.http.HttpClientBeanHolder.shutdown:114 -[HttpClientBeanHolder] Destruction of the end
2021-04-09 16:01:47.022 WARN  [SpringContextShutdownHook]o.s.beans.factory.support.DisposableBeanAdapter.invokeCustomDestroyMethod:349 -Destroy method 'close' on bean with name 'nacosServiceRegistry' threw an exception: java.lang.NullPointerException
2021-04-09 16:01:54.007 WARN  [main]org.springframework.boot.actuate.endpoint.EndpointId.logWarning:155 -Endpoint ID 'service-registry' contains invalid characters, please migrate to a valid format.
2021-04-09 16:01:54.068 WARN  [main]org.mybatis.spring.mapper.ClassPathMapperScanner.warn:44 -No MyBatis mapper was found in '[xyz.fusheng]' package. Please check your configuration.
2021-04-09 16:01:54.801 WARN  [main]o.s.s.o.provider.token.store.JwtAccessTokenConverter.afterPropertiesSet:302 -Unable to create an RSA verifier from verifierKey (ignoreable if using MAC)
2021-04-09 16:01:56.373 WARN  [main]com.netflix.config.sources.URLConfigurationSource.<init>:121 -No URLs will be polled as dynamic configuration sources.
2021-04-09 16:01:56.378 WARN  [main]com.netflix.config.sources.URLConfigurationSource.<init>:121 -No URLs will be polled as dynamic configuration sources.
2021-04-09 16:01:56.790 WARN  [main]o.s.c.s.oauth2.SpringCloudSecurityAutoConfiguration.<init>:38 -All Spring Cloud Security modules and starters are deprecated. They will be moved to individual projects in the next major release.
2021-04-09 16:02:09.473 WARN  [http-nio-9000-exec-1]o.s.security.oauth2.provider.endpoint.TokenEndpoint.handleException:169 -Handling error: ProviderNotFoundException, No AuthenticationProvider found for xyz.fusheng.sms.SmsCodeAuthenticationToken
2021-04-09 16:05:40.104 WARN  [Thread-12]com.alibaba.nacos.common.http.HttpClientBeanHolder.shutdown:108 -[HttpClientBeanHolder] Start destroying common HttpClient
2021-04-09 16:05:40.104 WARN  [Thread-18]com.alibaba.nacos.common.notify.NotifyCenter.shutdown:145 -[NotifyCenter] Start destroying Publisher
2021-04-09 16:05:40.106 WARN  [Thread-18]com.alibaba.nacos.common.notify.NotifyCenter.shutdown:162 -[NotifyCenter] Destruction of the end
2021-04-09 16:05:40.106 WARN  [Thread-12]com.alibaba.nacos.common.http.HttpClientBeanHolder.shutdown:114 -[HttpClientBeanHolder] Destruction of the end
2021-04-09 16:05:48.347 WARN  [SpringContextShutdownHook]o.s.beans.factory.support.DisposableBeanAdapter.invokeCustomDestroyMethod:349 -Destroy method 'close' on bean with name 'nacosServiceRegistry' threw an exception: java.lang.NullPointerException
2021-04-09 16:05:55.507 WARN  [main]org.springframework.boot.actuate.endpoint.EndpointId.logWarning:155 -Endpoint ID 'service-registry' contains invalid characters, please migrate to a valid format.
2021-04-09 16:05:55.580 WARN  [main]org.mybatis.spring.mapper.ClassPathMapperScanner.warn:44 -No MyBatis mapper was found in '[xyz.fusheng]' package. Please check your configuration.
2021-04-09 16:05:56.431 WARN  [main]o.s.s.o.provider.token.store.JwtAccessTokenConverter.afterPropertiesSet:302 -Unable to create an RSA verifier from verifierKey (ignoreable if using MAC)
2021-04-09 16:05:58.265 WARN  [main]com.netflix.config.sources.URLConfigurationSource.<init>:121 -No URLs will be polled as dynamic configuration sources.
2021-04-09 16:05:58.271 WARN  [main]com.netflix.config.sources.URLConfigurationSource.<init>:121 -No URLs will be polled as dynamic configuration sources.
2021-04-09 16:05:58.736 WARN  [main]o.s.c.s.oauth2.SpringCloudSecurityAutoConfiguration.<init>:38 -All Spring Cloud Security modules and starters are deprecated. They will be moved to individual projects in the next major release.
2021-04-09 16:07:48.739 WARN  [http-nio-9000-exec-2]o.s.security.oauth2.provider.endpoint.TokenEndpoint.handleException:169 -Handling error: ProviderNotFoundException, No AuthenticationProvider found for xyz.fusheng.sms.SmsCodeAuthenticationToken
2021-04-09 16:14:00.997 WARN  [Thread-15]com.alibaba.nacos.common.http.HttpClientBeanHolder.shutdown:108 -[HttpClientBeanHolder] Start destroying common HttpClient
2021-04-09 16:14:00.997 WARN  [Thread-21]com.alibaba.nacos.common.notify.NotifyCenter.shutdown:145 -[NotifyCenter] Start destroying Publisher
2021-04-09 16:14:00.999 WARN  [Thread-21]com.alibaba.nacos.common.notify.NotifyCenter.shutdown:162 -[NotifyCenter] Destruction of the end
2021-04-09 16:14:01.000 WARN  [Thread-15]com.alibaba.nacos.common.http.HttpClientBeanHolder.shutdown:114 -[HttpClientBeanHolder] Destruction of the end
2021-04-09 16:14:10.329 WARN  [SpringContextShutdownHook]o.s.beans.factory.support.DisposableBeanAdapter.invokeCustomDestroyMethod:349 -Destroy method 'close' on bean with name 'nacosServiceRegistry' threw an exception: java.lang.NullPointerException
2021-04-09 16:14:17.979 WARN  [main]org.springframework.boot.actuate.endpoint.EndpointId.logWarning:155 -Endpoint ID 'service-registry' contains invalid characters, please migrate to a valid format.
2021-04-09 16:14:18.036 WARN  [main]org.mybatis.spring.mapper.ClassPathMapperScanner.warn:44 -No MyBatis mapper was found in '[xyz.fusheng]' package. Please check your configuration.
2021-04-09 16:14:18.761 WARN  [main]o.s.s.o.provider.token.store.JwtAccessTokenConverter.afterPropertiesSet:302 -Unable to create an RSA verifier from verifierKey (ignoreable if using MAC)
2021-04-09 16:14:20.352 WARN  [main]com.netflix.config.sources.URLConfigurationSource.<init>:121 -No URLs will be polled as dynamic configuration sources.
2021-04-09 16:14:20.356 WARN  [main]com.netflix.config.sources.URLConfigurationSource.<init>:121 -No URLs will be polled as dynamic configuration sources.
2021-04-09 16:14:20.739 WARN  [main]o.s.c.s.oauth2.SpringCloudSecurityAutoConfiguration.<init>:38 -All Spring Cloud Security modules and starters are deprecated. They will be moved to individual projects in the next major release.
2021-04-09 16:14:28.877 WARN  [http-nio-9000-exec-2]o.s.security.oauth2.provider.endpoint.TokenEndpoint.handleException:169 -Handling error: ProviderNotFoundException, No AuthenticationProvider found for xyz.fusheng.sms.SmsCodeAuthenticationToken
2021-04-09 16:23:33.745 WARN  [Thread-12]com.alibaba.nacos.common.http.HttpClientBeanHolder.shutdown:108 -[HttpClientBeanHolder] Start destroying common HttpClient
2021-04-09 16:23:33.745 WARN  [Thread-18]com.alibaba.nacos.common.notify.NotifyCenter.shutdown:145 -[NotifyCenter] Start destroying Publisher
2021-04-09 16:23:33.748 WARN  [Thread-18]com.alibaba.nacos.common.notify.NotifyCenter.shutdown:162 -[NotifyCenter] Destruction of the end
2021-04-09 16:23:33.750 WARN  [Thread-12]com.alibaba.nacos.common.http.HttpClientBeanHolder.shutdown:114 -[HttpClientBeanHolder] Destruction of the end
2021-04-09 16:23:42.758 WARN  [SpringContextShutdownHook]o.s.beans.factory.support.DisposableBeanAdapter.invokeCustomDestroyMethod:349 -Destroy method 'close' on bean with name 'nacosServiceRegistry' threw an exception: java.lang.NullPointerException
2021-04-09 16:23:51.865 WARN  [main]org.springframework.boot.actuate.endpoint.EndpointId.logWarning:155 -Endpoint ID 'service-registry' contains invalid characters, please migrate to a valid format.
2021-04-09 16:23:51.921 WARN  [main]org.mybatis.spring.mapper.ClassPathMapperScanner.warn:44 -No MyBatis mapper was found in '[xyz.fusheng]' package. Please check your configuration.
2021-04-09 16:23:52.609 WARN  [main]o.s.s.o.provider.token.store.JwtAccessTokenConverter.afterPropertiesSet:302 -Unable to create an RSA verifier from verifierKey (ignoreable if using MAC)
2021-04-09 16:23:54.172 WARN  [main]com.netflix.config.sources.URLConfigurationSource.<init>:121 -No URLs will be polled as dynamic configuration sources.
2021-04-09 16:23:54.177 WARN  [main]com.netflix.config.sources.URLConfigurationSource.<init>:121 -No URLs will be polled as dynamic configuration sources.
2021-04-09 16:23:54.555 WARN  [main]o.s.c.s.oauth2.SpringCloudSecurityAutoConfiguration.<init>:38 -All Spring Cloud Security modules and starters are deprecated. They will be moved to individual projects in the next major release.
2021-04-09 16:23:59.357 WARN  [Thread-14]com.alibaba.nacos.common.http.HttpClientBeanHolder.shutdown:108 -[HttpClientBeanHolder] Start destroying common HttpClient
2021-04-09 16:23:59.357 WARN  [Thread-20]com.alibaba.nacos.common.notify.NotifyCenter.shutdown:145 -[NotifyCenter] Start destroying Publisher
2021-04-09 16:23:59.357 WARN  [Thread-20]com.alibaba.nacos.common.notify.NotifyCenter.shutdown:162 -[NotifyCenter] Destruction of the end
2021-04-09 16:23:59.358 WARN  [Thread-14]com.alibaba.nacos.common.http.HttpClientBeanHolder.shutdown:114 -[HttpClientBeanHolder] Destruction of the end
2021-04-09 16:24:08.769 WARN  [SpringContextShutdownHook]o.s.beans.factory.support.DisposableBeanAdapter.invokeCustomDestroyMethod:349 -Destroy method 'close' on bean with name 'nacosServiceRegistry' threw an exception: java.lang.NullPointerException
2021-04-09 16:24:14.732 WARN  [main]org.springframework.boot.actuate.endpoint.EndpointId.logWarning:155 -Endpoint ID 'service-registry' contains invalid characters, please migrate to a valid format.
2021-04-09 16:24:14.802 WARN  [main]org.mybatis.spring.mapper.ClassPathMapperScanner.warn:44 -No MyBatis mapper was found in '[xyz.fusheng]' package. Please check your configuration.
2021-04-09 16:24:15.641 WARN  [main]o.s.s.o.provider.token.store.JwtAccessTokenConverter.afterPropertiesSet:302 -Unable to create an RSA verifier from verifierKey (ignoreable if using MAC)
2021-04-09 16:24:17.445 WARN  [main]com.netflix.config.sources.URLConfigurationSource.<init>:121 -No URLs will be polled as dynamic configuration sources.
2021-04-09 16:24:17.451 WARN  [main]com.netflix.config.sources.URLConfigurationSource.<init>:121 -No URLs will be polled as dynamic configuration sources.
2021-04-09 16:24:17.911 WARN  [main]o.s.c.s.oauth2.SpringCloudSecurityAutoConfiguration.<init>:38 -All Spring Cloud Security modules and starters are deprecated. They will be moved to individual projects in the next major release.
2021-04-09 16:40:05.758 WARN  [http-nio-9000-exec-2]o.s.security.oauth2.provider.endpoint.TokenEndpoint.handleException:169 -Handling error: ProviderNotFoundException, No AuthenticationProvider found for xyz.fusheng.sms.SmsCodeAuthenticationToken
2021-04-09 16:40:05.822 WARN  [Thread-19]com.alibaba.nacos.common.notify.NotifyCenter.shutdown:145 -[NotifyCenter] Start destroying Publisher
2021-04-09 16:40:05.822 WARN  [Thread-19]com.alibaba.nacos.common.notify.NotifyCenter.shutdown:162 -[NotifyCenter] Destruction of the end
2021-04-09 16:40:05.822 WARN  [Thread-13]com.alibaba.nacos.common.http.HttpClientBeanHolder.shutdown:108 -[HttpClientBeanHolder] Start destroying common HttpClient
2021-04-09 16:40:05.823 WARN  [Thread-13]com.alibaba.nacos.common.http.HttpClientBeanHolder.shutdown:114 -[HttpClientBeanHolder] Destruction of the end
2021-04-09 16:40:16.089 WARN  [SpringContextShutdownHook]o.s.beans.factory.support.DisposableBeanAdapter.invokeCustomDestroyMethod:349 -Destroy method 'close' on bean with name 'nacosServiceRegistry' threw an exception: java.lang.NullPointerException
2021-04-09 16:40:24.033 WARN  [main]org.springframework.boot.actuate.endpoint.EndpointId.logWarning:155 -Endpoint ID 'service-registry' contains invalid characters, please migrate to a valid format.
2021-04-09 16:40:24.102 WARN  [main]org.mybatis.spring.mapper.ClassPathMapperScanner.warn:44 -No MyBatis mapper was found in '[xyz.fusheng]' package. Please check your configuration.
2021-04-09 16:40:24.920 WARN  [main]o.s.s.o.provider.token.store.JwtAccessTokenConverter.afterPropertiesSet:302 -Unable to create an RSA verifier from verifierKey (ignoreable if using MAC)
2021-04-09 16:40:26.704 WARN  [main]com.netflix.config.sources.URLConfigurationSource.<init>:121 -No URLs will be polled as dynamic configuration sources.
2021-04-09 16:40:26.710 WARN  [main]com.netflix.config.sources.URLConfigurationSource.<init>:121 -No URLs will be polled as dynamic configuration sources.
2021-04-09 16:40:27.170 WARN  [main]o.s.c.s.oauth2.SpringCloudSecurityAutoConfiguration.<init>:38 -All Spring Cloud Security modules and starters are deprecated. They will be moved to individual projects in the next major release.
2021-04-09 16:41:47.678 WARN  [http-nio-9000-exec-2]o.s.security.oauth2.provider.endpoint.TokenEndpoint.handleException:169 -Handling error: ProviderNotFoundException, No AuthenticationProvider found for xyz.fusheng.sms.SmsCodeAuthenticationToken
2021-04-09 16:42:14.631 WARN  [http-nio-9000-exec-3]o.s.security.oauth2.provider.endpoint.TokenEndpoint.handleException:185 -Handling error: InvalidGrantException, Invalid authorization code: REC2Ay
2021-04-09 16:46:19.212 WARN  [http-nio-9000-exec-6]o.s.security.oauth2.provider.endpoint.TokenEndpoint.handleException:169 -Handling error: ProviderNotFoundException, No AuthenticationProvider found for xyz.fusheng.sms.SmsCodeAuthenticationToken
2021-04-09 16:54:29.060 WARN  [Thread-13]com.alibaba.nacos.common.http.HttpClientBeanHolder.shutdown:108 -[HttpClientBeanHolder] Start destroying common HttpClient
2021-04-09 16:54:29.060 WARN  [Thread-19]com.alibaba.nacos.common.notify.NotifyCenter.shutdown:145 -[NotifyCenter] Start destroying Publisher
2021-04-09 16:54:29.062 WARN  [Thread-19]com.alibaba.nacos.common.notify.NotifyCenter.shutdown:162 -[NotifyCenter] Destruction of the end
2021-04-09 16:54:29.063 WARN  [Thread-13]com.alibaba.nacos.common.http.HttpClientBeanHolder.shutdown:114 -[HttpClientBeanHolder] Destruction of the end
2021-04-09 16:54:39.299 WARN  [SpringContextShutdownHook]o.s.beans.factory.support.DisposableBeanAdapter.invokeCustomDestroyMethod:349 -Destroy method 'close' on bean with name 'nacosServiceRegistry' threw an exception: java.lang.NullPointerException
2021-04-09 16:54:47.995 WARN  [main]org.springframework.boot.actuate.endpoint.EndpointId.logWarning:155 -Endpoint ID 'service-registry' contains invalid characters, please migrate to a valid format.
2021-04-09 16:54:48.064 WARN  [main]org.mybatis.spring.mapper.ClassPathMapperScanner.warn:44 -No MyBatis mapper was found in '[xyz.fusheng]' package. Please check your configuration.
2021-04-09 16:54:48.896 WARN  [main]o.s.s.o.provider.token.store.JwtAccessTokenConverter.afterPropertiesSet:302 -Unable to create an RSA verifier from verifierKey (ignoreable if using MAC)
2021-04-09 16:54:50.751 WARN  [main]com.netflix.config.sources.URLConfigurationSource.<init>:121 -No URLs will be polled as dynamic configuration sources.
2021-04-09 16:54:50.758 WARN  [main]com.netflix.config.sources.URLConfigurationSource.<init>:121 -No URLs will be polled as dynamic configuration sources.
2021-04-09 16:54:51.282 WARN  [main]o.s.c.s.oauth2.SpringCloudSecurityAutoConfiguration.<init>:38 -All Spring Cloud Security modules and starters are deprecated. They will be moved to individual projects in the next major release.
2021-04-09 16:55:13.103 WARN  [http-nio-9000-exec-2]o.s.security.oauth2.provider.endpoint.TokenEndpoint.handleException:169 -Handling error: ProviderNotFoundException, No AuthenticationProvider found for xyz.fusheng.sms.SmsCodeAuthenticationToken
2021-04-09 16:55:18.515 WARN  [http-nio-9000-exec-3]o.s.security.oauth2.provider.endpoint.TokenEndpoint.handleException:169 -Handling error: ProviderNotFoundException, No AuthenticationProvider found for xyz.fusheng.sms.SmsCodeAuthenticationToken
2021-04-09 16:58:49.285 WARN  [Thread-14]com.alibaba.nacos.common.http.HttpClientBeanHolder.shutdown:108 -[HttpClientBeanHolder] Start destroying common HttpClient
2021-04-09 16:58:49.285 WARN  [Thread-20]com.alibaba.nacos.common.notify.NotifyCenter.shutdown:145 -[NotifyCenter] Start destroying Publisher
2021-04-09 16:58:49.287 WARN  [Thread-20]com.alibaba.nacos.common.notify.NotifyCenter.shutdown:162 -[NotifyCenter] Destruction of the end
2021-04-09 16:58:49.287 WARN  [Thread-14]com.alibaba.nacos.common.http.HttpClientBeanHolder.shutdown:114 -[HttpClientBeanHolder] Destruction of the end
2021-04-09 16:58:55.698 WARN  [SpringContextShutdownHook]o.s.beans.factory.support.DisposableBeanAdapter.invokeCustomDestroyMethod:349 -Destroy method 'close' on bean with name 'nacosServiceRegistry' threw an exception: java.lang.NullPointerException
2021-04-09 16:59:05.931 WARN  [main]org.springframework.boot.actuate.endpoint.EndpointId.logWarning:155 -Endpoint ID 'service-registry' contains invalid characters, please migrate to a valid format.
2021-04-09 16:59:05.998 WARN  [main]org.mybatis.spring.mapper.ClassPathMapperScanner.warn:44 -No MyBatis mapper was found in '[xyz.fusheng]' package. Please check your configuration.
2021-04-09 16:59:06.832 WARN  [main]o.s.s.o.provider.token.store.JwtAccessTokenConverter.afterPropertiesSet:302 -Unable to create an RSA verifier from verifierKey (ignoreable if using MAC)
2021-04-09 16:59:08.551 WARN  [main]com.netflix.config.sources.URLConfigurationSource.<init>:121 -No URLs will be polled as dynamic configuration sources.
2021-04-09 16:59:08.555 WARN  [main]com.netflix.config.sources.URLConfigurationSource.<init>:121 -No URLs will be polled as dynamic configuration sources.
2021-04-09 16:59:09.017 WARN  [main]o.s.c.s.oauth2.SpringCloudSecurityAutoConfiguration.<init>:38 -All Spring Cloud Security modules and starters are deprecated. They will be moved to individual projects in the next major release.
2021-04-09 16:59:16.558 WARN  [http-nio-9000-exec-2]o.s.security.oauth2.provider.endpoint.TokenEndpoint.handleException:169 -Handling error: ProviderNotFoundException, No AuthenticationProvider found for xyz.fusheng.sms.SmsCodeAuthenticationToken
2021-04-09 16:59:28.046 WARN  [http-nio-9000-exec-3]o.s.security.oauth2.provider.endpoint.TokenEndpoint.handleException:169 -Handling error: ProviderNotFoundException, No AuthenticationProvider found for xyz.fusheng.sms.SmsCodeAuthenticationToken
2021-04-09 17:01:38.293 WARN  [http-nio-9000-exec-6]o.s.security.oauth2.provider.endpoint.TokenEndpoint.handleException:169 -Handling error: ProviderNotFoundException, No AuthenticationProvider found for xyz.fusheng.sms.SmsCodeAuthenticationToken
2021-04-09 17:08:31.347 WARN  [Thread-20]com.alibaba.nacos.common.notify.NotifyCenter.shutdown:145 -[NotifyCenter] Start destroying Publisher
2021-04-09 17:08:31.347 WARN  [Thread-14]com.alibaba.nacos.common.http.HttpClientBeanHolder.shutdown:108 -[HttpClientBeanHolder] Start destroying common HttpClient
2021-04-09 17:08:31.349 WARN  [Thread-20]com.alibaba.nacos.common.notify.NotifyCenter.shutdown:162 -[NotifyCenter] Destruction of the end
2021-04-09 17:08:31.350 WARN  [Thread-14]com.alibaba.nacos.common.http.HttpClientBeanHolder.shutdown:114 -[HttpClientBeanHolder] Destruction of the end
2021-04-09 17:08:41.127 WARN  [SpringContextShutdownHook]o.s.beans.factory.support.DisposableBeanAdapter.invokeCustomDestroyMethod:349 -Destroy method 'close' on bean with name 'nacosServiceRegistry' threw an exception: java.lang.NullPointerException
2021-04-09 17:08:48.073 WARN  [main]org.springframework.boot.actuate.endpoint.EndpointId.logWarning:155 -Endpoint ID 'service-registry' contains invalid characters, please migrate to a valid format.
2021-04-09 17:08:48.153 WARN  [main]org.mybatis.spring.mapper.ClassPathMapperScanner.warn:44 -No MyBatis mapper was found in '[xyz.fusheng]' package. Please check your configuration.
2021-04-09 17:08:49.051 WARN  [main]o.s.s.o.provider.token.store.JwtAccessTokenConverter.afterPropertiesSet:302 -Unable to create an RSA verifier from verifierKey (ignoreable if using MAC)
2021-04-09 17:08:50.970 WARN  [main]com.netflix.config.sources.URLConfigurationSource.<init>:121 -No URLs will be polled as dynamic configuration sources.
2021-04-09 17:08:50.976 WARN  [main]com.netflix.config.sources.URLConfigurationSource.<init>:121 -No URLs will be polled as dynamic configuration sources.
2021-04-09 17:08:51.472 WARN  [main]o.s.c.s.oauth2.SpringCloudSecurityAutoConfiguration.<init>:38 -All Spring Cloud Security modules and starters are deprecated. They will be moved to individual projects in the next major release.
2021-04-09 17:12:58.778 WARN  [http-nio-9000-exec-2]o.s.security.oauth2.provider.endpoint.TokenEndpoint.handleException:169 -Handling error: ProviderNotFoundException, No AuthenticationProvider found for xyz.fusheng.sms.SmsCodeAuthenticationToken
2021-04-09 17:23:40.293 WARN  [http-nio-9000-exec-3]o.s.security.oauth2.provider.endpoint.TokenEndpoint.handleException:169 -Handling error: ProviderNotFoundException, No AuthenticationProvider found for xyz.fusheng.sms.SmsCodeAuthenticationToken
2021-04-09 17:26:39.539 WARN  [Thread-20]com.alibaba.nacos.common.notify.NotifyCenter.shutdown:145 -[NotifyCenter] Start destroying Publisher
2021-04-09 17:26:39.540 WARN  [Thread-14]com.alibaba.nacos.common.http.HttpClientBeanHolder.shutdown:108 -[HttpClientBeanHolder] Start destroying common HttpClient
2021-04-09 17:26:39.543 WARN  [Thread-20]com.alibaba.nacos.common.notify.NotifyCenter.shutdown:162 -[NotifyCenter] Destruction of the end
2021-04-09 17:26:39.544 WARN  [Thread-14]com.alibaba.nacos.common.http.HttpClientBeanHolder.shutdown:114 -[HttpClientBeanHolder] Destruction of the end
2021-04-09 17:26:49.732 WARN  [SpringContextShutdownHook]o.s.beans.factory.support.DisposableBeanAdapter.invokeCustomDestroyMethod:349 -Destroy method 'close' on bean with name 'nacosServiceRegistry' threw an exception: java.lang.NullPointerException
2021-04-09 17:26:56.163 WARN  [main]org.springframework.boot.actuate.endpoint.EndpointId.logWarning:155 -Endpoint ID 'service-registry' contains invalid characters, please migrate to a valid format.
2021-04-09 17:26:56.238 WARN  [main]org.mybatis.spring.mapper.ClassPathMapperScanner.warn:44 -No MyBatis mapper was found in '[xyz.fusheng]' package. Please check your configuration.
2021-04-09 17:26:57.012 WARN  [main]o.s.s.o.provider.token.store.JwtAccessTokenConverter.afterPropertiesSet:302 -Unable to create an RSA verifier from verifierKey (ignoreable if using MAC)
2021-04-09 17:26:58.667 WARN  [main]com.netflix.config.sources.URLConfigurationSource.<init>:121 -No URLs will be polled as dynamic configuration sources.
2021-04-09 17:26:58.671 WARN  [main]com.netflix.config.sources.URLConfigurationSource.<init>:121 -No URLs will be polled as dynamic configuration sources.
2021-04-09 17:26:59.074 WARN  [main]o.s.c.s.oauth2.SpringCloudSecurityAutoConfiguration.<init>:38 -All Spring Cloud Security modules and starters are deprecated. They will be moved to individual projects in the next major release.
2021-04-09 17:47:43.556 WARN  [Thread-13]com.alibaba.nacos.common.http.HttpClientBeanHolder.shutdown:108 -[HttpClientBeanHolder] Start destroying common HttpClient
2021-04-09 17:47:43.556 WARN  [Thread-19]com.alibaba.nacos.common.notify.NotifyCenter.shutdown:145 -[NotifyCenter] Start destroying Publisher
2021-04-09 17:47:43.559 WARN  [Thread-19]com.alibaba.nacos.common.notify.NotifyCenter.shutdown:162 -[NotifyCenter] Destruction of the end
2021-04-09 17:47:43.559 WARN  [Thread-13]com.alibaba.nacos.common.http.HttpClientBeanHolder.shutdown:114 -[HttpClientBeanHolder] Destruction of the end
2021-04-09 17:47:51.930 WARN  [SpringContextShutdownHook]o.s.beans.factory.support.DisposableBeanAdapter.invokeCustomDestroyMethod:349 -Destroy method 'close' on bean with name 'nacosServiceRegistry' threw an exception: java.lang.NullPointerException
2021-04-09 17:47:59.817 WARN  [main]org.springframework.boot.actuate.endpoint.EndpointId.logWarning:155 -Endpoint ID 'service-registry' contains invalid characters, please migrate to a valid format.
2021-04-09 17:47:59.882 WARN  [main]org.mybatis.spring.mapper.ClassPathMapperScanner.warn:44 -No MyBatis mapper was found in '[xyz.fusheng]' package. Please check your configuration.
2021-04-09 17:48:00.637 WARN  [main]o.s.s.o.provider.token.store.JwtAccessTokenConverter.afterPropertiesSet:302 -Unable to create an RSA verifier from verifierKey (ignoreable if using MAC)
2021-04-09 17:48:02.213 WARN  [main]com.netflix.config.sources.URLConfigurationSource.<init>:121 -No URLs will be polled as dynamic configuration sources.
2021-04-09 17:48:02.218 WARN  [main]com.netflix.config.sources.URLConfigurationSource.<init>:121 -No URLs will be polled as dynamic configuration sources.
2021-04-09 17:48:02.599 WARN  [main]o.s.c.s.oauth2.SpringCloudSecurityAutoConfiguration.<init>:38 -All Spring Cloud Security modules and starters are deprecated. They will be moved to individual projects in the next major release.
2021-04-09 18:01:21.224 WARN  [Thread-12]com.alibaba.nacos.common.http.HttpClientBeanHolder.shutdown:108 -[HttpClientBeanHolder] Start destroying common HttpClient
2021-04-09 18:01:21.224 WARN  [Thread-18]com.alibaba.nacos.common.notify.NotifyCenter.shutdown:145 -[NotifyCenter] Start destroying Publisher
2021-04-09 18:01:21.225 WARN  [Thread-18]com.alibaba.nacos.common.notify.NotifyCenter.shutdown:162 -[NotifyCenter] Destruction of the end
2021-04-09 18:01:21.225 WARN  [Thread-12]com.alibaba.nacos.common.http.HttpClientBeanHolder.shutdown:114 -[HttpClientBeanHolder] Destruction of the end
2021-04-09 18:01:27.335 WARN  [SpringContextShutdownHook]o.s.beans.factory.support.DisposableBeanAdapter.invokeCustomDestroyMethod:349 -Destroy method 'close' on bean with name 'nacosServiceRegistry' threw an exception: java.lang.NullPointerException
