2021-04-12 10:09:37.250 INFO  [main]xyz.fusheng.ExamServerApplication.logStartupProfileInfo:651 -No active profile set, falling back to default profiles: default
2021-04-12 10:09:38.757 WARN  [main]org.springframework.boot.actuate.endpoint.EndpointId.logWarning:155 -Endpoint ID 'service-registry' contains invalid characters, please migrate to a valid format.
2021-04-12 10:09:38.901 INFO  [main]org.springframework.cloud.context.scope.GenericScope.setSerializationId:295 -BeanFactory id=a11eff68-1953-3f7f-a637-d26e9a7b3366
2021-04-12 10:09:39.256 INFO  [main]o.s.boot.web.embedded.tomcat.TomcatWebServer.initialize:108 -Tomcat initialized with port(s): 8080 (http)
2021-04-12 10:09:39.267 INFO  [main]org.apache.coyote.http11.Http11NioProtocol.log:173 -Initializing ProtocolHandler ["http-nio-8080"]
2021-04-12 10:09:39.268 INFO  [main]org.apache.catalina.core.StandardService.log:173 -Starting service [Tomcat]
2021-04-12 10:09:39.269 INFO  [main]org.apache.catalina.core.StandardEngine.log:173 -Starting Servlet engine: [Apache Tomcat/9.0.41]
2021-04-12 10:09:39.378 INFO  [main]o.a.catalina.core.ContainerBase.[Tomcat].[localhost].[/].log:173 -Initializing Spring embedded WebApplicationContext
2021-04-12 10:09:39.379 INFO  [main]o.s.b.w.s.context.ServletWebServerApplicationContext.prepareWebApplicationContext:285 -Root WebApplicationContext: initialization completed in 2095 ms
2021-04-12 10:09:39.564 WARN  [main]o.s.b.w.s.c.AnnotationConfigServletWebServerApplicationContext.refresh:559 -Exception encountered during context initialization - cancelling refresh attempt: org.springframework.beans.factory.BeanCreationException: Error creating bean with name 'examServiceImpl': Injection of resource dependencies failed; nested exception is org.springframework.beans.factory.UnsatisfiedDependencyException: Error creating bean with name 'examMapper' defined in file [/Users/zhanghao/IdeaProjects/core/code-galaxy/server-center/exam-server/target/classes/xyz/fusheng/mapper/ExamMapper.class]: Unsatisfied dependency expressed through bean property 'sqlSessionFactory'; nested exception is org.springframework.beans.factory.UnsatisfiedDependencyException: Error creating bean with name 'sqlSessionFactory' defined in class path resource [com/baomidou/mybatisplus/autoconfigure/MybatisPlusAutoConfiguration.class]: Unsatisfied dependency expressed through method 'sqlSessionFactory' parameter 0; nested exception is org.springframework.beans.factory.BeanCreationException: Error creating bean with name 'dataSource' defined in class path resource [org/springframework/boot/autoconfigure/jdbc/DataSourceConfiguration$Hikari.class]: Bean instantiation via factory method failed; nested exception is org.springframework.beans.BeanInstantiationException: Failed to instantiate [com.zaxxer.hikari.HikariDataSource]: Factory method 'dataSource' threw exception; nested exception is org.springframework.boot.autoconfigure.jdbc.DataSourceProperties$DataSourceBeanCreationException: Failed to determine a suitable driver class
2021-04-12 10:09:39.566 INFO  [main]org.apache.catalina.core.StandardService.log:173 -Stopping service [Tomcat]
2021-04-12 10:09:39.592 INFO  [main]o.s.b.a.logging.ConditionEvaluationReportLoggingListener.logMessage:136 -

Error starting ApplicationContext. To display the conditions report re-run your application with 'debug' enabled.
2021-04-12 10:09:39.604 ERROR [main]o.s.boot.diagnostics.LoggingFailureAnalysisReporter.report:40 -

***************************
APPLICATION FAILED TO START
***************************

Description:

Failed to configure a DataSource: 'url' attribute is not specified and no embedded datasource could be configured.

Reason: Failed to determine a suitable driver class


Action:

Consider the following:
	If you want an embedded database (H2, HSQL or Derby), please put it on the classpath.
	If you have database settings to be loaded from a particular profile you may need to activate it (no profiles are currently active).

2021-04-12 14:21:41.287 INFO  [main]xyz.fusheng.ExamServerApplication.logStartupProfileInfo:651 -No active profile set, falling back to default profiles: default
2021-04-12 14:21:42.112 WARN  [main]org.springframework.boot.actuate.endpoint.EndpointId.logWarning:155 -Endpoint ID 'service-registry' contains invalid characters, please migrate to a valid format.
2021-04-12 14:21:42.224 INFO  [main]org.springframework.cloud.context.scope.GenericScope.setSerializationId:295 -BeanFactory id=e11e8d23-78e0-37cf-971d-d612cf26b209
2021-04-12 14:21:42.491 INFO  [main]o.s.boot.web.embedded.tomcat.TomcatWebServer.initialize:108 -Tomcat initialized with port(s): 10300 (http)
2021-04-12 14:21:42.501 INFO  [main]org.apache.coyote.http11.Http11NioProtocol.log:173 -Initializing ProtocolHandler ["http-nio-10300"]
2021-04-12 14:21:42.501 INFO  [main]org.apache.catalina.core.StandardService.log:173 -Starting service [Tomcat]
2021-04-12 14:21:42.502 INFO  [main]org.apache.catalina.core.StandardEngine.log:173 -Starting Servlet engine: [Apache Tomcat/9.0.41]
2021-04-12 14:21:42.598 INFO  [main]o.a.catalina.core.ContainerBase.[Tomcat].[localhost].[/].log:173 -Initializing Spring embedded WebApplicationContext
2021-04-12 14:21:42.599 INFO  [main]o.s.b.w.s.context.ServletWebServerApplicationContext.prepareWebApplicationContext:285 -Root WebApplicationContext: initialization completed in 1275 ms
2021-04-12 14:21:43.133 WARN  [main]com.netflix.config.sources.URLConfigurationSource.<init>:121 -No URLs will be polled as dynamic configuration sources.
2021-04-12 14:21:43.133 INFO  [main]com.netflix.config.sources.URLConfigurationSource.<init>:122 -To enable URLs as dynamic configuration sources, define System property archaius.configurationSource.additionalUrls or make config.properties available on classpath.
2021-04-12 14:21:43.137 WARN  [main]com.netflix.config.sources.URLConfigurationSource.<init>:121 -No URLs will be polled as dynamic configuration sources.
2021-04-12 14:21:43.137 INFO  [main]com.netflix.config.sources.URLConfigurationSource.<init>:122 -To enable URLs as dynamic configuration sources, define System property archaius.configurationSource.additionalUrls or make config.properties available on classpath.
2021-04-12 14:21:43.247 INFO  [main]o.s.scheduling.concurrent.ThreadPoolTaskExecutor.initialize:181 -Initializing ExecutorService 'applicationTaskExecutor'
2021-04-12 14:21:43.374 INFO  [main]o.s.scheduling.concurrent.ThreadPoolTaskScheduler.initialize:181 -Initializing ExecutorService 'Nacos-Watch-Task-Scheduler'
2021-04-12 14:21:43.662 INFO  [main]o.s.b.a.s.servlet.UserDetailsServiceAutoConfiguration.getOrDeducePassword:86 -

Using generated security password: 2e983170-dcae-4ffd-93ac-49c5abc9f8b4

2021-04-12 14:21:43.854 INFO  [main]o.s.security.web.DefaultSecurityFilterChain.<init>:43 -Creating filter chain: any request, [org.springframework.security.web.context.request.async.WebAsyncManagerIntegrationFilter@6d293993, org.springframework.security.web.context.SecurityContextPersistenceFilter@4bf03fee, org.springframework.security.web.header.HeaderWriterFilter@1f84327b, org.springframework.security.web.authentication.logout.LogoutFilter@7cf63b9a, org.springframework.security.oauth2.provider.authentication.OAuth2AuthenticationProcessingFilter@12952aff, org.springframework.security.web.savedrequest.RequestCacheAwareFilter@44f0ff2b, org.springframework.security.web.servletapi.SecurityContextHolderAwareRequestFilter@44e4cb76, org.springframework.security.web.authentication.AnonymousAuthenticationFilter@475f5672, org.springframework.security.web.session.SessionManagementFilter@256a0d95, org.springframework.security.web.access.ExceptionTranslationFilter@412ebe64, org.springframework.security.web.access.intercept.FilterSecurityInterceptor@5b5f9003]
2021-04-12 14:21:43.931 WARN  [main]o.s.c.s.oauth2.SpringCloudSecurityAutoConfiguration.<init>:38 -All Spring Cloud Security modules and starters are deprecated. They will be moved to individual projects in the next major release.
2021-04-12 14:21:43.935 INFO  [main]o.s.boot.actuate.endpoint.web.EndpointLinksResolver.<init>:58 -Exposing 2 endpoint(s) beneath base path '/actuator'
2021-04-12 14:21:44.103 INFO  [main]org.apache.coyote.http11.Http11NioProtocol.log:173 -Starting ProtocolHandler ["http-nio-10300"]
2021-04-12 14:21:44.131 INFO  [main]o.s.boot.web.embedded.tomcat.TomcatWebServer.start:220 -Tomcat started on port(s): 10300 (http) with context path ''
2021-04-12 14:21:44.147 INFO  [main]com.alibaba.cloud.nacos.registry.NacosServiceRegistry.register:75 -nacos registry, DEFAULT_GROUP exam-server 192.168.0.2:10300 register finished
2021-04-12 14:21:44.166 INFO  [main]xyz.fusheng.ExamServerApplication.logStarted:61 -Started ExamServerApplication in 3.877 seconds (JVM running for 4.48)
2021-04-12 14:21:44.172 INFO  [main]xyz.fusheng.ExamServerApplication.main:32 -考试服务[exam-server]已经启动,端口号:10300
2021-04-12 14:21:44.372 INFO  [RMI TCP Connection(2)-192.168.0.2]o.a.catalina.core.ContainerBase.[Tomcat].[localhost].[/].log:173 -Initializing Spring DispatcherServlet 'dispatcherServlet'
2021-04-12 14:21:44.372 INFO  [RMI TCP Connection(2)-192.168.0.2]org.springframework.web.servlet.DispatcherServlet.initServletBean:525 -Initializing Servlet 'dispatcherServlet'
2021-04-12 14:21:44.380 INFO  [RMI TCP Connection(2)-192.168.0.2]org.springframework.web.servlet.DispatcherServlet.initServletBean:547 -Completed initialization in 7 ms
2021-04-12 14:21:44.419 INFO  [RMI TCP Connection(3)-192.168.0.2]com.alibaba.druid.pool.DruidDataSource.init:922 -{dataSource-1} inited
2021-04-12 18:33:22.768 INFO  [background-preinit]org.hibernate.validator.internal.util.Version.<clinit>:21 -HV000001: Hibernate Validator 6.1.7.Final
2021-04-12 18:33:23.305 INFO  [main]xyz.fusheng.ExamServerApplication.logStartupProfileInfo:651 -No active profile set, falling back to default profiles: default
2021-04-12 18:33:24.369 WARN  [main]org.springframework.boot.actuate.endpoint.EndpointId.logWarning:155 -Endpoint ID 'service-registry' contains invalid characters, please migrate to a valid format.
2021-04-12 18:33:24.505 INFO  [main]org.springframework.cloud.context.scope.GenericScope.setSerializationId:295 -BeanFactory id=0f7ff2fb-0e16-3801-89f8-41f9e752aca7
2021-04-12 18:33:24.815 INFO  [main]o.s.boot.web.embedded.tomcat.TomcatWebServer.initialize:108 -Tomcat initialized with port(s): 10300 (http)
2021-04-12 18:33:24.824 INFO  [main]org.apache.coyote.http11.Http11NioProtocol.log:173 -Initializing ProtocolHandler ["http-nio-10300"]
2021-04-12 18:33:24.825 INFO  [main]org.apache.catalina.core.StandardService.log:173 -Starting service [Tomcat]
2021-04-12 18:33:24.825 INFO  [main]org.apache.catalina.core.StandardEngine.log:173 -Starting Servlet engine: [Apache Tomcat/9.0.41]
2021-04-12 18:33:24.957 INFO  [main]o.a.catalina.core.ContainerBase.[Tomcat].[localhost].[/].log:173 -Initializing Spring embedded WebApplicationContext
2021-04-12 18:33:24.958 INFO  [main]o.s.b.w.s.context.ServletWebServerApplicationContext.prepareWebApplicationContext:285 -Root WebApplicationContext: initialization completed in 1623 ms
2021-04-12 18:33:25.648 WARN  [main]com.netflix.config.sources.URLConfigurationSource.<init>:121 -No URLs will be polled as dynamic configuration sources.
2021-04-12 18:33:25.648 INFO  [main]com.netflix.config.sources.URLConfigurationSource.<init>:122 -To enable URLs as dynamic configuration sources, define System property archaius.configurationSource.additionalUrls or make config.properties available on classpath.
2021-04-12 18:33:25.652 WARN  [main]com.netflix.config.sources.URLConfigurationSource.<init>:121 -No URLs will be polled as dynamic configuration sources.
2021-04-12 18:33:25.653 INFO  [main]com.netflix.config.sources.URLConfigurationSource.<init>:122 -To enable URLs as dynamic configuration sources, define System property archaius.configurationSource.additionalUrls or make config.properties available on classpath.
2021-04-12 18:33:25.803 INFO  [main]o.s.scheduling.concurrent.ThreadPoolTaskExecutor.initialize:181 -Initializing ExecutorService 'applicationTaskExecutor'
2021-04-12 18:33:25.930 INFO  [main]o.s.scheduling.concurrent.ThreadPoolTaskScheduler.initialize:181 -Initializing ExecutorService 'Nacos-Watch-Task-Scheduler'
2021-04-12 18:33:26.290 INFO  [main]o.s.b.a.s.servlet.UserDetailsServiceAutoConfiguration.getOrDeducePassword:86 -

Using generated security password: 551a1fc9-ab0a-40c2-bbd1-d373338b1439

2021-04-12 18:33:26.541 INFO  [main]o.s.security.web.DefaultSecurityFilterChain.<init>:43 -Creating filter chain: any request, [org.springframework.security.web.context.request.async.WebAsyncManagerIntegrationFilter@4e4162bc, org.springframework.security.web.context.SecurityContextPersistenceFilter@3086f480, org.springframework.security.web.header.HeaderWriterFilter@1142d377, org.springframework.security.web.authentication.logout.LogoutFilter@17222c11, org.springframework.security.oauth2.provider.authentication.OAuth2AuthenticationProcessingFilter@5e1a5f, org.springframework.security.web.savedrequest.RequestCacheAwareFilter@35e98af, org.springframework.security.web.servletapi.SecurityContextHolderAwareRequestFilter@7c11d32, org.springframework.security.web.authentication.AnonymousAuthenticationFilter@4c319d52, org.springframework.security.web.session.SessionManagementFilter@48cb2d73, org.springframework.security.web.access.ExceptionTranslationFilter@4cffd3fd, org.springframework.security.web.access.intercept.FilterSecurityInterceptor@486e9d1d]
2021-04-12 18:33:26.656 WARN  [main]o.s.c.s.oauth2.SpringCloudSecurityAutoConfiguration.<init>:38 -All Spring Cloud Security modules and starters are deprecated. They will be moved to individual projects in the next major release.
2021-04-12 18:33:26.664 INFO  [main]o.s.boot.actuate.endpoint.web.EndpointLinksResolver.<init>:58 -Exposing 2 endpoint(s) beneath base path '/actuator'
2021-04-12 18:33:26.930 INFO  [main]org.apache.coyote.http11.Http11NioProtocol.log:173 -Starting ProtocolHandler ["http-nio-10300"]
2021-04-12 18:33:26.965 INFO  [main]o.s.boot.web.embedded.tomcat.TomcatWebServer.start:220 -Tomcat started on port(s): 10300 (http) with context path ''
2021-04-12 18:33:26.976 INFO  [main]com.alibaba.cloud.nacos.registry.NacosServiceRegistry.register:75 -nacos registry, DEFAULT_GROUP exam-server 192.168.0.2:10300 register finished
2021-04-12 18:33:27.001 INFO  [main]xyz.fusheng.ExamServerApplication.logStarted:61 -Started ExamServerApplication in 5.027 seconds (JVM running for 5.942)
2021-04-12 18:33:27.009 INFO  [main]xyz.fusheng.ExamServerApplication.main:32 -考试服务[exam-server]已经启动,端口号:10300
2021-04-12 18:33:27.181 INFO  [RMI TCP Connection(2)-127.0.0.1]o.a.catalina.core.ContainerBase.[Tomcat].[localhost].[/].log:173 -Initializing Spring DispatcherServlet 'dispatcherServlet'
2021-04-12 18:33:27.182 INFO  [RMI TCP Connection(2)-127.0.0.1]org.springframework.web.servlet.DispatcherServlet.initServletBean:525 -Initializing Servlet 'dispatcherServlet'
2021-04-12 18:33:27.195 INFO  [RMI TCP Connection(2)-127.0.0.1]org.springframework.web.servlet.DispatcherServlet.initServletBean:547 -Completed initialization in 13 ms
2021-04-12 18:33:27.248 INFO  [RMI TCP Connection(3)-127.0.0.1]com.alibaba.druid.pool.DruidDataSource.init:922 -{dataSource-1} inited
