2021-04-09 09:29:14.509 WARN  [Thread-14]com.alibaba.nacos.common.http.HttpClientBeanHolder.shutdown:108 -[HttpClientBeanHolder] Start destroying common HttpClient
2021-04-09 09:29:14.509 WARN  [Thread-20]com.alibaba.nacos.common.notify.NotifyCenter.shutdown:145 -[NotifyCenter] Start destroying Publisher
2021-04-09 09:29:14.513 WARN  [Thread-20]com.alibaba.nacos.common.notify.NotifyCenter.shutdown:162 -[NotifyCenter] Destruction of the end
2021-04-09 09:29:14.514 WARN  [Thread-14]com.alibaba.nacos.common.http.HttpClientBeanHolder.shutdown:114 -[HttpClientBeanHolder] Destruction of the end
2021-04-09 09:29:20.638 WARN  [SpringContextShutdownHook]o.s.beans.factory.support.DisposableBeanAdapter.invokeCustomDestroyMethod:349 -Destroy method 'close' on bean with name 'nacosServiceRegistry' threw an exception: java.lang.NullPointerException
2021-04-09 09:29:45.661 WARN  [main]org.springframework.boot.actuate.endpoint.EndpointId.logWarning:155 -Endpoint ID 'service-registry' contains invalid characters, please migrate to a valid format.
2021-04-09 09:29:45.720 WARN  [main]org.mybatis.spring.mapper.ClassPathMapperScanner.warn:44 -No MyBatis mapper was found in '[xyz.fusheng]' package. Please check your configuration.
2021-04-09 09:29:46.740 WARN  [main]com.netflix.config.sources.URLConfigurationSource.<init>:121 -No URLs will be polled as dynamic configuration sources.
2021-04-09 09:29:46.743 WARN  [main]com.netflix.config.sources.URLConfigurationSource.<init>:121 -No URLs will be polled as dynamic configuration sources.
2021-04-09 09:29:48.140 WARN  [main]o.s.c.s.oauth2.SpringCloudSecurityAutoConfiguration.<init>:38 -All Spring Cloud Security modules and starters are deprecated. They will be moved to individual projects in the next major release.
2021-04-09 10:34:55.974 WARN  [Thread-19]com.alibaba.nacos.common.notify.NotifyCenter.shutdown:145 -[NotifyCenter] Start destroying Publisher
2021-04-09 10:34:55.975 WARN  [Thread-13]com.alibaba.nacos.common.http.HttpClientBeanHolder.shutdown:108 -[HttpClientBeanHolder] Start destroying common HttpClient
2021-04-09 10:34:55.976 WARN  [Thread-19]com.alibaba.nacos.common.notify.NotifyCenter.shutdown:162 -[NotifyCenter] Destruction of the end
2021-04-09 10:34:55.977 WARN  [Thread-13]com.alibaba.nacos.common.http.HttpClientBeanHolder.shutdown:114 -[HttpClientBeanHolder] Destruction of the end
2021-04-09 10:35:04.218 WARN  [SpringContextShutdownHook]o.s.beans.factory.support.DisposableBeanAdapter.invokeCustomDestroyMethod:349 -Destroy method 'close' on bean with name 'nacosServiceRegistry' threw an exception: java.lang.NullPointerException
2021-04-09 10:35:13.521 WARN  [main]org.springframework.boot.actuate.endpoint.EndpointId.logWarning:155 -Endpoint ID 'service-registry' contains invalid characters, please migrate to a valid format.
2021-04-09 10:35:13.565 WARN  [main]org.mybatis.spring.mapper.ClassPathMapperScanner.warn:44 -No MyBatis mapper was found in '[xyz.fusheng]' package. Please check your configuration.
2021-04-09 10:35:13.861 WARN  [main]o.s.b.w.r.c.AnnotationConfigReactiveWebServerApplicationContext.refresh:559 -Exception encountered during context initialization - cancelling refresh attempt: org.springframework.beans.factory.UnsatisfiedDependencyException: Error creating bean with name 'customAuthenticationManager' defined in file [/Users/zhanghao/IdeaProjects/core/code-galaxy/gateway-server/target/classes/xyz/fusheng/manager/CustomAuthenticationManager.class]: Unsatisfied dependency expressed through constructor parameter 0; nested exception is org.springframework.beans.factory.BeanCurrentlyInCreationException: Error creating bean with name 'customAuthenticationManager': Requested bean is currently in creation: Is there an unresolvable circular reference?
2021-04-09 10:39:07.350 WARN  [main]org.springframework.boot.actuate.endpoint.EndpointId.logWarning:155 -Endpoint ID 'service-registry' contains invalid characters, please migrate to a valid format.
2021-04-09 10:39:07.407 WARN  [main]org.mybatis.spring.mapper.ClassPathMapperScanner.warn:44 -No MyBatis mapper was found in '[xyz.fusheng]' package. Please check your configuration.
2021-04-09 10:39:08.328 WARN  [main]com.netflix.config.sources.URLConfigurationSource.<init>:121 -No URLs will be polled as dynamic configuration sources.
2021-04-09 10:39:08.332 WARN  [main]com.netflix.config.sources.URLConfigurationSource.<init>:121 -No URLs will be polled as dynamic configuration sources.
2021-04-09 10:39:09.066 WARN  [main]o.s.c.s.oauth2.SpringCloudSecurityAutoConfiguration.<init>:38 -All Spring Cloud Security modules and starters are deprecated. They will be moved to individual projects in the next major release.
2021-04-09 10:45:30.494 WARN  [Thread-16]com.alibaba.nacos.common.notify.NotifyCenter.shutdown:145 -[NotifyCenter] Start destroying Publisher
2021-04-09 10:45:30.494 WARN  [Thread-10]com.alibaba.nacos.common.http.HttpClientBeanHolder.shutdown:108 -[HttpClientBeanHolder] Start destroying common HttpClient
2021-04-09 10:45:30.495 WARN  [Thread-16]com.alibaba.nacos.common.notify.NotifyCenter.shutdown:162 -[NotifyCenter] Destruction of the end
2021-04-09 10:45:30.495 WARN  [Thread-10]com.alibaba.nacos.common.http.HttpClientBeanHolder.shutdown:114 -[HttpClientBeanHolder] Destruction of the end
2021-04-09 10:45:39.547 WARN  [SpringContextShutdownHook]o.s.beans.factory.support.DisposableBeanAdapter.invokeCustomDestroyMethod:349 -Destroy method 'close' on bean with name 'nacosServiceRegistry' threw an exception: java.lang.NullPointerException
2021-04-09 10:45:48.605 WARN  [main]org.springframework.boot.actuate.endpoint.EndpointId.logWarning:155 -Endpoint ID 'service-registry' contains invalid characters, please migrate to a valid format.
2021-04-09 10:45:48.648 WARN  [main]org.mybatis.spring.mapper.ClassPathMapperScanner.warn:44 -No MyBatis mapper was found in '[xyz.fusheng]' package. Please check your configuration.
2021-04-09 10:45:49.433 WARN  [main]com.netflix.config.sources.URLConfigurationSource.<init>:121 -No URLs will be polled as dynamic configuration sources.
2021-04-09 10:45:49.436 WARN  [main]com.netflix.config.sources.URLConfigurationSource.<init>:121 -No URLs will be polled as dynamic configuration sources.
2021-04-09 10:45:50.181 WARN  [main]o.s.c.s.oauth2.SpringCloudSecurityAutoConfiguration.<init>:38 -All Spring Cloud Security modules and starters are deprecated. They will be moved to individual projects in the next major release.
2021-04-09 10:47:01.897 WARN  [Thread-16]com.alibaba.nacos.common.notify.NotifyCenter.shutdown:145 -[NotifyCenter] Start destroying Publisher
2021-04-09 10:47:01.897 WARN  [Thread-10]com.alibaba.nacos.common.http.HttpClientBeanHolder.shutdown:108 -[HttpClientBeanHolder] Start destroying common HttpClient
2021-04-09 10:47:01.898 WARN  [Thread-10]com.alibaba.nacos.common.http.HttpClientBeanHolder.shutdown:114 -[HttpClientBeanHolder] Destruction of the end
2021-04-09 10:47:01.900 WARN  [Thread-16]com.alibaba.nacos.common.notify.NotifyCenter.shutdown:162 -[NotifyCenter] Destruction of the end
2021-04-09 10:47:10.959 WARN  [SpringContextShutdownHook]o.s.beans.factory.support.DisposableBeanAdapter.invokeCustomDestroyMethod:349 -Destroy method 'close' on bean with name 'nacosServiceRegistry' threw an exception: java.lang.NullPointerException
2021-04-09 10:47:19.887 WARN  [main]org.springframework.boot.actuate.endpoint.EndpointId.logWarning:155 -Endpoint ID 'service-registry' contains invalid characters, please migrate to a valid format.
2021-04-09 10:47:19.932 WARN  [main]org.mybatis.spring.mapper.ClassPathMapperScanner.warn:44 -No MyBatis mapper was found in '[xyz.fusheng]' package. Please check your configuration.
2021-04-09 10:47:20.671 WARN  [main]o.s.s.o.provider.token.store.JwtAccessTokenConverter.afterPropertiesSet:302 -Unable to create an RSA verifier from verifierKey (ignoreable if using MAC)
2021-04-09 10:47:20.738 WARN  [main]com.netflix.config.sources.URLConfigurationSource.<init>:121 -No URLs will be polled as dynamic configuration sources.
2021-04-09 10:47:20.741 WARN  [main]com.netflix.config.sources.URLConfigurationSource.<init>:121 -No URLs will be polled as dynamic configuration sources.
2021-04-09 10:47:21.478 WARN  [main]o.s.c.s.oauth2.SpringCloudSecurityAutoConfiguration.<init>:38 -All Spring Cloud Security modules and starters are deprecated. They will be moved to individual projects in the next major release.
2021-04-09 18:01:21.173 WARN  [Thread-10]com.alibaba.nacos.common.http.HttpClientBeanHolder.shutdown:108 -[HttpClientBeanHolder] Start destroying common HttpClient
2021-04-09 18:01:21.173 WARN  [Thread-16]com.alibaba.nacos.common.notify.NotifyCenter.shutdown:145 -[NotifyCenter] Start destroying Publisher
2021-04-09 18:01:21.177 WARN  [Thread-16]com.alibaba.nacos.common.notify.NotifyCenter.shutdown:162 -[NotifyCenter] Destruction of the end
2021-04-09 18:01:21.181 WARN  [Thread-10]com.alibaba.nacos.common.http.HttpClientBeanHolder.shutdown:114 -[HttpClientBeanHolder] Destruction of the end
2021-04-09 18:01:30.271 WARN  [SpringContextShutdownHook]o.s.beans.factory.support.DisposableBeanAdapter.invokeCustomDestroyMethod:349 -Destroy method 'close' on bean with name 'nacosServiceRegistry' threw an exception: java.lang.NullPointerException
