2021-04-09 09:29:14.627 WARN  [Thread-17]com.alibaba.nacos.common.notify.NotifyCenter.shutdown:145 -[NotifyCenter] Start destroying Publisher
2021-04-09 09:29:14.627 WARN  [Thread-11]com.alibaba.nacos.common.http.HttpClientBeanHolder.shutdown:108 -[HttpClientBeanHolder] Start destroying common HttpClient
2021-04-09 09:29:14.634 WARN  [Thread-17]com.alibaba.nacos.common.notify.NotifyCenter.shutdown:162 -[NotifyCenter] Destruction of the end
2021-04-09 09:29:14.642 WARN  [Thread-11]com.alibaba.nacos.common.http.HttpClientBeanHolder.shutdown:114 -[HttpClientBeanHolder] Destruction of the end
2021-04-09 09:29:23.851 WARN  [SpringContextShutdownHook]o.s.beans.factory.support.DisposableBeanAdapter.invokeCustomDestroyMethod:349 -Destroy method 'close' on bean with name 'nacosServiceRegistry' threw an exception: java.lang.NullPointerException
2021-04-09 09:29:56.056 WARN  [main]com.netflix.config.sources.URLConfigurationSource.<init>:121 -No URLs will be polled as dynamic configuration sources.
2021-04-09 09:29:56.062 WARN  [main]com.netflix.config.sources.URLConfigurationSource.<init>:121 -No URLs will be polled as dynamic configuration sources.
2021-04-09 13:43:47.128 WARN  [Thread-12]com.alibaba.nacos.common.http.HttpClientBeanHolder.shutdown:108 -[HttpClientBeanHolder] Start destroying common HttpClient
2021-04-09 13:43:47.128 WARN  [Thread-18]com.alibaba.nacos.common.notify.NotifyCenter.shutdown:145 -[NotifyCenter] Start destroying Publisher
2021-04-09 13:43:47.131 WARN  [Thread-18]com.alibaba.nacos.common.notify.NotifyCenter.shutdown:162 -[NotifyCenter] Destruction of the end
2021-04-09 13:43:47.132 WARN  [Thread-12]com.alibaba.nacos.common.http.HttpClientBeanHolder.shutdown:114 -[HttpClientBeanHolder] Destruction of the end
2021-04-09 13:43:57.347 WARN  [SpringContextShutdownHook]o.s.beans.factory.support.DisposableBeanAdapter.invokeCustomDestroyMethod:349 -Destroy method 'close' on bean with name 'nacosServiceRegistry' threw an exception: java.lang.NullPointerException
2021-04-09 13:44:11.310 WARN  [main]com.netflix.config.sources.URLConfigurationSource.<init>:121 -No URLs will be polled as dynamic configuration sources.
2021-04-09 13:44:11.323 WARN  [main]com.netflix.config.sources.URLConfigurationSource.<init>:121 -No URLs will be polled as dynamic configuration sources.
2021-04-09 17:58:07.053 WARN  [Thread-11]com.alibaba.nacos.common.notify.NotifyCenter.shutdown:145 -[NotifyCenter] Start destroying Publisher
2021-04-09 17:58:07.053 WARN  [Thread-5]com.alibaba.nacos.common.http.HttpClientBeanHolder.shutdown:108 -[HttpClientBeanHolder] Start destroying common HttpClient
2021-04-09 17:58:07.055 WARN  [Thread-11]com.alibaba.nacos.common.notify.NotifyCenter.shutdown:162 -[NotifyCenter] Destruction of the end
2021-04-09 17:58:07.057 WARN  [Thread-5]com.alibaba.nacos.common.http.HttpClientBeanHolder.shutdown:114 -[HttpClientBeanHolder] Destruction of the end
2021-04-09 17:58:16.779 WARN  [SpringContextShutdownHook]o.s.beans.factory.support.DisposableBeanAdapter.invokeCustomDestroyMethod:349 -Destroy method 'close' on bean with name 'nacosServiceRegistry' threw an exception: java.lang.NullPointerException
2021-04-09 17:58:25.514 WARN  [main]com.netflix.config.sources.URLConfigurationSource.<init>:121 -No URLs will be polled as dynamic configuration sources.
2021-04-09 17:58:25.517 WARN  [main]com.netflix.config.sources.URLConfigurationSource.<init>:121 -No URLs will be polled as dynamic configuration sources.
2021-04-09 18:01:21.116 WARN  [Thread-17]com.alibaba.nacos.common.notify.NotifyCenter.shutdown:145 -[NotifyCenter] Start destroying Publisher
2021-04-09 18:01:21.116 WARN  [Thread-11]com.alibaba.nacos.common.http.HttpClientBeanHolder.shutdown:108 -[HttpClientBeanHolder] Start destroying common HttpClient
2021-04-09 18:01:21.117 WARN  [Thread-17]com.alibaba.nacos.common.notify.NotifyCenter.shutdown:162 -[NotifyCenter] Destruction of the end
2021-04-09 18:01:21.117 WARN  [Thread-11]com.alibaba.nacos.common.http.HttpClientBeanHolder.shutdown:114 -[HttpClientBeanHolder] Destruction of the end
2021-04-09 18:01:30.166 WARN  [SpringContextShutdownHook]o.s.beans.factory.support.DisposableBeanAdapter.invokeCustomDestroyMethod:349 -Destroy method 'close' on bean with name 'nacosServiceRegistry' threw an exception: java.lang.NullPointerException
