2021-04-09 09:29:14.786 INFO  [SpringContextShutdownHook]o.s.scheduling.concurrent.ThreadPoolTaskScheduler.shutdown:218 -Shutting down ExecutorService 'Nacos-Watch-Task-Scheduler'
2021-04-09 09:29:14.808 INFO  [SpringContextShutdownHook]com.alibaba.cloud.nacos.registry.NacosServiceRegistry.deregister:90 -De-registering from Nacos Server now...
2021-04-09 09:29:14.814 INFO  [SpringContextShutdownHook]com.alibaba.cloud.nacos.registry.NacosServiceRegistry.deregister:110 -De-registration finished.
2021-04-09 09:29:23.855 INFO  [SpringContextShutdownHook]o.s.scheduling.concurrent.ThreadPoolTaskExecutor.shutdown:218 -Shutting down ExecutorService 'applicationTaskExecutor'
2021-04-09 09:29:23.866 INFO  [SpringContextShutdownHook]com.alibaba.druid.pool.DruidDataSource.close:1817 -{dataSource-1} closed
2021-04-09 09:29:53.721 INFO  [main]xyz.fusheng.UserServerApplication.logStartupProfileInfo:651 -No active profile set, falling back to default profiles: default
2021-04-09 09:29:54.661 INFO  [main]org.springframework.cloud.context.scope.GenericScope.setSerializationId:295 -BeanFactory id=73a44c0c-d6a6-336e-aa3e-8f0058843494
2021-04-09 09:29:54.930 INFO  [main]o.s.boot.web.embedded.tomcat.TomcatWebServer.initialize:108 -Tomcat initialized with port(s): 10010 (http)
2021-04-09 09:29:54.941 INFO  [main]org.apache.coyote.http11.Http11NioProtocol.log:173 -Initializing ProtocolHandler ["http-nio-10010"]
2021-04-09 09:29:54.942 INFO  [main]org.apache.catalina.core.StandardService.log:173 -Starting service [Tomcat]
2021-04-09 09:29:54.942 INFO  [main]org.apache.catalina.core.StandardEngine.log:173 -Starting Servlet engine: [Apache Tomcat/9.0.41]
2021-04-09 09:29:55.053 INFO  [main]o.a.catalina.core.ContainerBase.[Tomcat].[localhost].[/].log:173 -Initializing Spring embedded WebApplicationContext
2021-04-09 09:29:55.053 INFO  [main]o.s.b.w.s.context.ServletWebServerApplicationContext.prepareWebApplicationContext:285 -Root WebApplicationContext: initialization completed in 1310 ms
2021-04-09 09:29:56.037 INFO  [main]s.d.s.web.PropertySourcedRequestMappingHandlerMapping.initHandlerMethods:69 -Mapped URL path [/v2/api-docs] onto method [springfox.documentation.swagger2.web.Swagger2Controller#getDocumentation(String, HttpServletRequest)]
2021-04-09 09:29:56.057 INFO  [main]com.netflix.config.sources.URLConfigurationSource.<init>:122 -To enable URLs as dynamic configuration sources, define System property archaius.configurationSource.additionalUrls or make config.properties available on classpath.
2021-04-09 09:29:56.062 INFO  [main]com.netflix.config.sources.URLConfigurationSource.<init>:122 -To enable URLs as dynamic configuration sources, define System property archaius.configurationSource.additionalUrls or make config.properties available on classpath.
2021-04-09 09:29:56.149 INFO  [main]o.s.scheduling.concurrent.ThreadPoolTaskExecutor.initialize:181 -Initializing ExecutorService 'applicationTaskExecutor'
2021-04-09 09:29:56.263 INFO  [main]o.s.scheduling.concurrent.ThreadPoolTaskScheduler.initialize:181 -Initializing ExecutorService 'Nacos-Watch-Task-Scheduler'
2021-04-09 09:29:56.568 INFO  [main]org.apache.coyote.http11.Http11NioProtocol.log:173 -Starting ProtocolHandler ["http-nio-10010"]
2021-04-09 09:29:56.595 INFO  [main]o.s.boot.web.embedded.tomcat.TomcatWebServer.start:220 -Tomcat started on port(s): 10010 (http) with context path ''
2021-04-09 09:29:56.605 INFO  [main]com.alibaba.cloud.nacos.registry.NacosServiceRegistry.register:75 -nacos registry, DEFAULT_GROUP user-server 192.168.0.2:10010 register finished
2021-04-09 09:29:56.608 INFO  [main]s.d.spring.web.plugins.DocumentationPluginsBootstrapper.start:160 -Context refreshed
2021-04-09 09:29:56.618 INFO  [main]s.d.spring.web.plugins.DocumentationPluginsBootstrapper.start:163 -Found 1 custom documentation plugin(s)
2021-04-09 09:29:56.646 INFO  [main]s.d.spring.web.scanners.ApiListingReferenceScanner.scan:41 -Scanning for api listing references
2021-04-09 09:29:56.665 INFO  [main]xyz.fusheng.UserServerApplication.logStarted:61 -Started UserServerApplication in 4.074 seconds (JVM running for 4.818)
2021-04-09 09:29:56.668 INFO  [main]xyz.fusheng.UserServerApplication.main:31 -用户服务[user-server]已经启动,端口号:10010
2021-04-09 09:30:33.005 INFO  [http-nio-10010-exec-1]o.a.catalina.core.ContainerBase.[Tomcat].[localhost].[/].log:173 -Initializing Spring DispatcherServlet 'dispatcherServlet'
2021-04-09 09:30:33.006 INFO  [http-nio-10010-exec-1]org.springframework.web.servlet.DispatcherServlet.initServletBean:525 -Initializing Servlet 'dispatcherServlet'
2021-04-09 09:30:33.017 INFO  [http-nio-10010-exec-1]org.springframework.web.servlet.DispatcherServlet.initServletBean:547 -Completed initialization in 11 ms
2021-04-09 09:30:33.211 INFO  [http-nio-10010-exec-1]com.alibaba.druid.pool.DruidDataSource.init:922 -{dataSource-1} inited
2021-04-09 13:43:48.288 INFO  [SpringContextShutdownHook]o.s.scheduling.concurrent.ThreadPoolTaskScheduler.shutdown:218 -Shutting down ExecutorService 'Nacos-Watch-Task-Scheduler'
2021-04-09 13:43:48.293 INFO  [SpringContextShutdownHook]com.alibaba.cloud.nacos.registry.NacosServiceRegistry.deregister:90 -De-registering from Nacos Server now...
2021-04-09 13:43:48.299 INFO  [SpringContextShutdownHook]com.alibaba.cloud.nacos.registry.NacosServiceRegistry.deregister:110 -De-registration finished.
2021-04-09 13:43:57.351 INFO  [SpringContextShutdownHook]o.s.scheduling.concurrent.ThreadPoolTaskExecutor.shutdown:218 -Shutting down ExecutorService 'applicationTaskExecutor'
2021-04-09 13:43:57.360 INFO  [SpringContextShutdownHook]com.alibaba.druid.pool.DruidDataSource.close:1817 -{dataSource-1} closed
2021-04-09 13:44:09.184 INFO  [main]xyz.fusheng.UserServerApplication.logStartupProfileInfo:651 -No active profile set, falling back to default profiles: default
2021-04-09 13:44:10.080 INFO  [main]org.springframework.cloud.context.scope.GenericScope.setSerializationId:295 -BeanFactory id=585ebfe8-1db1-3abb-8d4e-7891b0764f3f
2021-04-09 13:44:10.372 INFO  [main]o.s.boot.web.embedded.tomcat.TomcatWebServer.initialize:108 -Tomcat initialized with port(s): 10010 (http)
2021-04-09 13:44:10.383 INFO  [main]org.apache.coyote.http11.Http11NioProtocol.log:173 -Initializing ProtocolHandler ["http-nio-10010"]
2021-04-09 13:44:10.384 INFO  [main]org.apache.catalina.core.StandardService.log:173 -Starting service [Tomcat]
2021-04-09 13:44:10.385 INFO  [main]org.apache.catalina.core.StandardEngine.log:173 -Starting Servlet engine: [Apache Tomcat/9.0.41]
2021-04-09 13:44:10.476 INFO  [main]o.a.catalina.core.ContainerBase.[Tomcat].[localhost].[/].log:173 -Initializing Spring embedded WebApplicationContext
2021-04-09 13:44:10.477 INFO  [main]o.s.b.w.s.context.ServletWebServerApplicationContext.prepareWebApplicationContext:285 -Root WebApplicationContext: initialization completed in 1268 ms
2021-04-09 13:44:11.275 INFO  [main]s.d.s.web.PropertySourcedRequestMappingHandlerMapping.initHandlerMethods:69 -Mapped URL path [/v2/api-docs] onto method [springfox.documentation.swagger2.web.Swagger2Controller#getDocumentation(String, HttpServletRequest)]
2021-04-09 13:44:11.313 INFO  [main]com.netflix.config.sources.URLConfigurationSource.<init>:122 -To enable URLs as dynamic configuration sources, define System property archaius.configurationSource.additionalUrls or make config.properties available on classpath.
2021-04-09 13:44:11.324 INFO  [main]com.netflix.config.sources.URLConfigurationSource.<init>:122 -To enable URLs as dynamic configuration sources, define System property archaius.configurationSource.additionalUrls or make config.properties available on classpath.
2021-04-09 13:44:11.586 INFO  [main]o.s.scheduling.concurrent.ThreadPoolTaskExecutor.initialize:181 -Initializing ExecutorService 'applicationTaskExecutor'
2021-04-09 13:44:12.060 INFO  [main]o.s.scheduling.concurrent.ThreadPoolTaskScheduler.initialize:181 -Initializing ExecutorService 'Nacos-Watch-Task-Scheduler'
2021-04-09 13:44:13.466 INFO  [main]org.apache.coyote.http11.Http11NioProtocol.log:173 -Starting ProtocolHandler ["http-nio-10010"]
2021-04-09 13:44:13.683 INFO  [main]o.s.boot.web.embedded.tomcat.TomcatWebServer.start:220 -Tomcat started on port(s): 10010 (http) with context path ''
2021-04-09 13:44:13.792 INFO  [main]com.alibaba.cloud.nacos.registry.NacosServiceRegistry.register:75 -nacos registry, DEFAULT_GROUP user-server 192.168.0.2:10010 register finished
2021-04-09 13:44:13.814 INFO  [main]s.d.spring.web.plugins.DocumentationPluginsBootstrapper.start:160 -Context refreshed
2021-04-09 13:44:13.932 INFO  [main]s.d.spring.web.plugins.DocumentationPluginsBootstrapper.start:163 -Found 1 custom documentation plugin(s)
2021-04-09 13:44:14.207 INFO  [main]s.d.spring.web.scanners.ApiListingReferenceScanner.scan:41 -Scanning for api listing references
2021-04-09 13:44:14.363 INFO  [main]xyz.fusheng.UserServerApplication.logStarted:61 -Started UserServerApplication in 6.639 seconds (JVM running for 7.456)
2021-04-09 13:44:14.368 INFO  [main]xyz.fusheng.UserServerApplication.main:31 -用户服务[user-server]已经启动,端口号:10010
2021-04-09 15:04:25.278 INFO  [http-nio-10010-exec-1]o.a.catalina.core.ContainerBase.[Tomcat].[localhost].[/].log:173 -Initializing Spring DispatcherServlet 'dispatcherServlet'
2021-04-09 15:04:25.279 INFO  [http-nio-10010-exec-1]org.springframework.web.servlet.DispatcherServlet.initServletBean:525 -Initializing Servlet 'dispatcherServlet'
2021-04-09 15:04:25.292 INFO  [http-nio-10010-exec-1]org.springframework.web.servlet.DispatcherServlet.initServletBean:547 -Completed initialization in 13 ms
2021-04-09 15:04:25.545 INFO  [http-nio-10010-exec-1]com.alibaba.druid.pool.DruidDataSource.init:922 -{dataSource-1} inited
2021-04-09 17:58:08.211 INFO  [SpringContextShutdownHook]o.s.scheduling.concurrent.ThreadPoolTaskScheduler.shutdown:218 -Shutting down ExecutorService 'Nacos-Watch-Task-Scheduler'
2021-04-09 17:58:08.215 INFO  [SpringContextShutdownHook]com.alibaba.cloud.nacos.registry.NacosServiceRegistry.deregister:90 -De-registering from Nacos Server now...
2021-04-09 17:58:08.220 INFO  [SpringContextShutdownHook]com.alibaba.cloud.nacos.registry.NacosServiceRegistry.deregister:110 -De-registration finished.
2021-04-09 17:58:16.780 INFO  [SpringContextShutdownHook]o.s.scheduling.concurrent.ThreadPoolTaskExecutor.shutdown:218 -Shutting down ExecutorService 'applicationTaskExecutor'
2021-04-09 17:58:16.792 INFO  [SpringContextShutdownHook]com.alibaba.druid.pool.DruidDataSource.close:1817 -{dataSource-1} closed
2021-04-09 17:58:23.680 INFO  [main]xyz.fusheng.UserServerApplication.logStartupProfileInfo:651 -No active profile set, falling back to default profiles: default
2021-04-09 17:58:24.443 INFO  [main]org.springframework.cloud.context.scope.GenericScope.setSerializationId:295 -BeanFactory id=73a44c0c-d6a6-336e-aa3e-8f0058843494
2021-04-09 17:58:24.684 INFO  [main]o.s.boot.web.embedded.tomcat.TomcatWebServer.initialize:108 -Tomcat initialized with port(s): 10010 (http)
2021-04-09 17:58:24.693 INFO  [main]org.apache.coyote.http11.Http11NioProtocol.log:173 -Initializing ProtocolHandler ["http-nio-10010"]
2021-04-09 17:58:24.694 INFO  [main]org.apache.catalina.core.StandardService.log:173 -Starting service [Tomcat]
2021-04-09 17:58:24.694 INFO  [main]org.apache.catalina.core.StandardEngine.log:173 -Starting Servlet engine: [Apache Tomcat/9.0.41]
2021-04-09 17:58:24.786 INFO  [main]o.a.catalina.core.ContainerBase.[Tomcat].[localhost].[/].log:173 -Initializing Spring embedded WebApplicationContext
2021-04-09 17:58:24.786 INFO  [main]o.s.b.w.s.context.ServletWebServerApplicationContext.prepareWebApplicationContext:285 -Root WebApplicationContext: initialization completed in 1087 ms
2021-04-09 17:58:25.498 INFO  [main]s.d.s.web.PropertySourcedRequestMappingHandlerMapping.initHandlerMethods:69 -Mapped URL path [/v2/api-docs] onto method [springfox.documentation.swagger2.web.Swagger2Controller#getDocumentation(String, HttpServletRequest)]
2021-04-09 17:58:25.514 INFO  [main]com.netflix.config.sources.URLConfigurationSource.<init>:122 -To enable URLs as dynamic configuration sources, define System property archaius.configurationSource.additionalUrls or make config.properties available on classpath.
2021-04-09 17:58:25.518 INFO  [main]com.netflix.config.sources.URLConfigurationSource.<init>:122 -To enable URLs as dynamic configuration sources, define System property archaius.configurationSource.additionalUrls or make config.properties available on classpath.
2021-04-09 17:58:25.595 INFO  [main]o.s.scheduling.concurrent.ThreadPoolTaskExecutor.initialize:181 -Initializing ExecutorService 'applicationTaskExecutor'
2021-04-09 17:58:25.696 INFO  [main]o.s.scheduling.concurrent.ThreadPoolTaskScheduler.initialize:181 -Initializing ExecutorService 'Nacos-Watch-Task-Scheduler'
2021-04-09 17:58:26.010 INFO  [main]org.apache.coyote.http11.Http11NioProtocol.log:173 -Starting ProtocolHandler ["http-nio-10010"]
2021-04-09 17:58:26.037 INFO  [main]o.s.boot.web.embedded.tomcat.TomcatWebServer.start:220 -Tomcat started on port(s): 10010 (http) with context path ''
2021-04-09 17:58:26.047 INFO  [main]com.alibaba.cloud.nacos.registry.NacosServiceRegistry.register:75 -nacos registry, DEFAULT_GROUP user-server 192.168.0.2:10010 register finished
2021-04-09 17:58:26.051 INFO  [main]s.d.spring.web.plugins.DocumentationPluginsBootstrapper.start:160 -Context refreshed
2021-04-09 17:58:26.062 INFO  [main]s.d.spring.web.plugins.DocumentationPluginsBootstrapper.start:163 -Found 1 custom documentation plugin(s)
2021-04-09 17:58:26.099 INFO  [main]s.d.spring.web.scanners.ApiListingReferenceScanner.scan:41 -Scanning for api listing references
2021-04-09 17:58:26.118 INFO  [main]xyz.fusheng.UserServerApplication.logStarted:61 -Started UserServerApplication in 3.445 seconds (JVM running for 4.19)
2021-04-09 17:58:26.121 INFO  [main]xyz.fusheng.UserServerApplication.main:31 -用户服务[user-server]已经启动,端口号:10010
2021-04-09 18:01:22.283 INFO  [SpringContextShutdownHook]o.s.scheduling.concurrent.ThreadPoolTaskScheduler.shutdown:218 -Shutting down ExecutorService 'Nacos-Watch-Task-Scheduler'
2021-04-09 18:01:22.286 INFO  [SpringContextShutdownHook]com.alibaba.cloud.nacos.registry.NacosServiceRegistry.deregister:90 -De-registering from Nacos Server now...
2021-04-09 18:01:22.288 INFO  [SpringContextShutdownHook]com.alibaba.cloud.nacos.registry.NacosServiceRegistry.deregister:110 -De-registration finished.
2021-04-09 18:01:30.168 INFO  [SpringContextShutdownHook]o.s.scheduling.concurrent.ThreadPoolTaskExecutor.shutdown:218 -Shutting down ExecutorService 'applicationTaskExecutor'
