2021-04-09 09:29:14.627 WARN  [Thread-17]com.alibaba.nacos.common.notify.NotifyCenter.shutdown:145 -[NotifyCenter] Start destroying Publisher
2021-04-09 09:29:14.627 WARN  [Thread-11]com.alibaba.nacos.common.http.HttpClientBeanHolder.shutdown:108 -[HttpClientBeanHolder] Start destroying common HttpClient
2021-04-09 09:29:14.634 WARN  [Thread-17]com.alibaba.nacos.common.notify.NotifyCenter.shutdown:162 -[NotifyCenter] Destruction of the end
2021-04-09 09:29:14.642 WARN  [Thread-11]com.alibaba.nacos.common.http.HttpClientBeanHolder.shutdown:114 -[HttpClientBeanHolder] Destruction of the end
2021-04-09 09:29:14.786 INFO  [SpringContextShutdownHook]o.s.scheduling.concurrent.ThreadPoolTaskScheduler.shutdown:218 -Shutting down ExecutorService 'Nacos-Watch-Task-Scheduler'
2021-04-09 09:29:14.808 INFO  [SpringContextShutdownHook]com.alibaba.cloud.nacos.registry.NacosServiceRegistry.deregister:90 -De-registering from Nacos Server now...
2021-04-09 09:29:14.814 INFO  [SpringContextShutdownHook]com.alibaba.cloud.nacos.registry.NacosServiceRegistry.deregister:110 -De-registration finished.
2021-04-09 09:29:23.851 WARN  [SpringContextShutdownHook]o.s.beans.factory.support.DisposableBeanAdapter.invokeCustomDestroyMethod:349 -Destroy method 'close' on bean with name 'nacosServiceRegistry' threw an exception: java.lang.NullPointerException
2021-04-09 09:29:23.855 INFO  [SpringContextShutdownHook]o.s.scheduling.concurrent.ThreadPoolTaskExecutor.shutdown:218 -Shutting down ExecutorService 'applicationTaskExecutor'
2021-04-09 09:29:23.866 INFO  [SpringContextShutdownHook]com.alibaba.druid.pool.DruidDataSource.close:1817 -{dataSource-1} closed
2021-04-09 09:29:53.721 INFO  [main]xyz.fusheng.UserServerApplication.logStartupProfileInfo:651 -No active profile set, falling back to default profiles: default
2021-04-09 09:29:54.661 INFO  [main]org.springframework.cloud.context.scope.GenericScope.setSerializationId:295 -BeanFactory id=73a44c0c-d6a6-336e-aa3e-8f0058843494
2021-04-09 09:29:54.930 INFO  [main]o.s.boot.web.embedded.tomcat.TomcatWebServer.initialize:108 -Tomcat initialized with port(s): 10010 (http)
2021-04-09 09:29:54.941 INFO  [main]org.apache.coyote.http11.Http11NioProtocol.log:173 -Initializing ProtocolHandler ["http-nio-10010"]
2021-04-09 09:29:54.942 INFO  [main]org.apache.catalina.core.StandardService.log:173 -Starting service [Tomcat]
2021-04-09 09:29:54.942 INFO  [main]org.apache.catalina.core.StandardEngine.log:173 -Starting Servlet engine: [Apache Tomcat/9.0.41]
2021-04-09 09:29:55.053 INFO  [main]o.a.catalina.core.ContainerBase.[Tomcat].[localhost].[/].log:173 -Initializing Spring embedded WebApplicationContext
2021-04-09 09:29:55.053 INFO  [main]o.s.b.w.s.context.ServletWebServerApplicationContext.prepareWebApplicationContext:285 -Root WebApplicationContext: initialization completed in 1310 ms
2021-04-09 09:29:56.037 INFO  [main]s.d.s.web.PropertySourcedRequestMappingHandlerMapping.initHandlerMethods:69 -Mapped URL path [/v2/api-docs] onto method [springfox.documentation.swagger2.web.Swagger2Controller#getDocumentation(String, HttpServletRequest)]
2021-04-09 09:29:56.056 WARN  [main]com.netflix.config.sources.URLConfigurationSource.<init>:121 -No URLs will be polled as dynamic configuration sources.
2021-04-09 09:29:56.057 INFO  [main]com.netflix.config.sources.URLConfigurationSource.<init>:122 -To enable URLs as dynamic configuration sources, define System property archaius.configurationSource.additionalUrls or make config.properties available on classpath.
2021-04-09 09:29:56.062 WARN  [main]com.netflix.config.sources.URLConfigurationSource.<init>:121 -No URLs will be polled as dynamic configuration sources.
2021-04-09 09:29:56.062 INFO  [main]com.netflix.config.sources.URLConfigurationSource.<init>:122 -To enable URLs as dynamic configuration sources, define System property archaius.configurationSource.additionalUrls or make config.properties available on classpath.
2021-04-09 09:29:56.149 INFO  [main]o.s.scheduling.concurrent.ThreadPoolTaskExecutor.initialize:181 -Initializing ExecutorService 'applicationTaskExecutor'
2021-04-09 09:29:56.263 INFO  [main]o.s.scheduling.concurrent.ThreadPoolTaskScheduler.initialize:181 -Initializing ExecutorService 'Nacos-Watch-Task-Scheduler'
2021-04-09 09:29:56.568 INFO  [main]org.apache.coyote.http11.Http11NioProtocol.log:173 -Starting ProtocolHandler ["http-nio-10010"]
2021-04-09 09:29:56.595 INFO  [main]o.s.boot.web.embedded.tomcat.TomcatWebServer.start:220 -Tomcat started on port(s): 10010 (http) with context path ''
2021-04-09 09:29:56.605 INFO  [main]com.alibaba.cloud.nacos.registry.NacosServiceRegistry.register:75 -nacos registry, DEFAULT_GROUP user-server 192.168.0.2:10010 register finished
2021-04-09 09:29:56.608 INFO  [main]s.d.spring.web.plugins.DocumentationPluginsBootstrapper.start:160 -Context refreshed
2021-04-09 09:29:56.618 INFO  [main]s.d.spring.web.plugins.DocumentationPluginsBootstrapper.start:163 -Found 1 custom documentation plugin(s)
2021-04-09 09:29:56.646 INFO  [main]s.d.spring.web.scanners.ApiListingReferenceScanner.scan:41 -Scanning for api listing references
2021-04-09 09:29:56.665 INFO  [main]xyz.fusheng.UserServerApplication.logStarted:61 -Started UserServerApplication in 4.074 seconds (JVM running for 4.818)
2021-04-09 09:29:56.668 INFO  [main]xyz.fusheng.UserServerApplication.main:31 -用户服务[user-server]已经启动,端口号:10010
2021-04-09 09:30:33.005 INFO  [http-nio-10010-exec-1]o.a.catalina.core.ContainerBase.[Tomcat].[localhost].[/].log:173 -Initializing Spring DispatcherServlet 'dispatcherServlet'
2021-04-09 09:30:33.006 INFO  [http-nio-10010-exec-1]org.springframework.web.servlet.DispatcherServlet.initServletBean:525 -Initializing Servlet 'dispatcherServlet'
2021-04-09 09:30:33.017 INFO  [http-nio-10010-exec-1]org.springframework.web.servlet.DispatcherServlet.initServletBean:547 -Completed initialization in 11 ms
2021-04-09 09:30:33.211 INFO  [http-nio-10010-exec-1]com.alibaba.druid.pool.DruidDataSource.init:922 -{dataSource-1} inited
2021-04-09 09:30:33.918 DEBUG [http-nio-10010-exec-1]xyz.fusheng.mapper.UserMapper.selectOne.debug:137 -==>  Preparing: SELECT user_id,username,password,header,phone,mail,signature,description,realname,sex,address,lng,lat,github_id,state,remark,memo,version,is_enabled AS enabled,is_deleted AS deleted,creator_id,updater_id,creator_name,updater_name,created_time,updated_time FROM sys_user WHERE (username = ?)
2021-04-09 09:30:33.950 DEBUG [http-nio-10010-exec-1]xyz.fusheng.mapper.UserMapper.selectOne.debug:137 -==> Parameters: code-fusheng(String)
2021-04-09 09:30:34.000 DEBUG [http-nio-10010-exec-1]xyz.fusheng.mapper.UserMapper.selectOne.debug:137 -<==      Total: 1
2021-04-09 09:30:34.002 DEBUG [http-nio-10010-exec-2]xyz.fusheng.mapper.UserMapper.selectOne.debug:137 -==>  Preparing: SELECT user_id,username,password,header,phone,mail,signature,description,realname,sex,address,lng,lat,github_id,state,remark,memo,version,is_enabled AS enabled,is_deleted AS deleted,creator_id,updater_id,creator_name,updater_name,created_time,updated_time FROM sys_user WHERE (username = ?)
2021-04-09 09:30:34.002 DEBUG [http-nio-10010-exec-2]xyz.fusheng.mapper.UserMapper.selectOne.debug:137 -==> Parameters: code-fusheng(String)
2021-04-09 09:30:34.030 DEBUG [http-nio-10010-exec-2]xyz.fusheng.mapper.UserMapper.selectOne.debug:137 -<==      Total: 1
2021-04-09 09:30:34.031 DEBUG [http-nio-10010-exec-1]xyz.fusheng.mapper.UserMapper.selectRolesByUserId.debug:137 -==>  Preparing: select r.* from sys_role r left join sys_user_role ur on ur.role_id = r.role_id where ur.user_id = ?
2021-04-09 09:30:34.031 DEBUG [http-nio-10010-exec-1]xyz.fusheng.mapper.UserMapper.selectRolesByUserId.debug:137 -==> Parameters: 1(Long)
2021-04-09 09:30:34.057 DEBUG [http-nio-10010-exec-1]xyz.fusheng.mapper.UserMapper.selectRolesByUserId.debug:137 -<==      Total: 0
2021-04-09 09:30:34.059 DEBUG [http-nio-10010-exec-2]xyz.fusheng.mapper.UserMapper.selectRolesByUserId.debug:137 -==>  Preparing: select r.* from sys_role r left join sys_user_role ur on ur.role_id = r.role_id where ur.user_id = ?
2021-04-09 09:30:34.061 DEBUG [http-nio-10010-exec-2]xyz.fusheng.mapper.UserMapper.selectRolesByUserId.debug:137 -==> Parameters: 1(Long)
2021-04-09 09:30:34.087 DEBUG [http-nio-10010-exec-2]xyz.fusheng.mapper.UserMapper.selectRolesByUserId.debug:137 -<==      Total: 0
2021-04-09 10:23:03.723 DEBUG [http-nio-10010-exec-3]xyz.fusheng.mapper.UserMapper.selectOne.debug:137 -==>  Preparing: SELECT user_id,username,password,header,phone,mail,signature,description,realname,sex,address,lng,lat,github_id,state,remark,memo,version,is_enabled AS enabled,is_deleted AS deleted,creator_id,updater_id,creator_name,updater_name,created_time,updated_time FROM sys_user WHERE (username = ?)
2021-04-09 10:23:03.727 DEBUG [http-nio-10010-exec-3]xyz.fusheng.mapper.UserMapper.selectOne.debug:137 -==> Parameters: code-fusheng(String)
2021-04-09 10:23:03.757 DEBUG [http-nio-10010-exec-3]xyz.fusheng.mapper.UserMapper.selectOne.debug:137 -<==      Total: 1
2021-04-09 10:23:03.759 DEBUG [http-nio-10010-exec-3]xyz.fusheng.mapper.UserMapper.selectRolesByUserId.debug:137 -==>  Preparing: select r.* from sys_role r left join sys_user_role ur on ur.role_id = r.role_id where ur.user_id = ?
2021-04-09 10:23:03.759 DEBUG [http-nio-10010-exec-3]xyz.fusheng.mapper.UserMapper.selectRolesByUserId.debug:137 -==> Parameters: 1(Long)
2021-04-09 10:23:03.786 DEBUG [http-nio-10010-exec-3]xyz.fusheng.mapper.UserMapper.selectRolesByUserId.debug:137 -<==      Total: 0
2021-04-09 10:48:57.417 DEBUG [http-nio-10010-exec-4]xyz.fusheng.mapper.UserMapper.selectOne.debug:137 -==>  Preparing: SELECT user_id,username,password,header,phone,mail,signature,description,realname,sex,address,lng,lat,github_id,state,remark,memo,version,is_enabled AS enabled,is_deleted AS deleted,creator_id,updater_id,creator_name,updater_name,created_time,updated_time FROM sys_user WHERE (username = ?)
2021-04-09 10:48:57.419 DEBUG [http-nio-10010-exec-4]xyz.fusheng.mapper.UserMapper.selectOne.debug:137 -==> Parameters: code-fusheng(String)
2021-04-09 10:48:57.452 DEBUG [http-nio-10010-exec-4]xyz.fusheng.mapper.UserMapper.selectOne.debug:137 -<==      Total: 1
2021-04-09 10:48:57.453 DEBUG [http-nio-10010-exec-4]xyz.fusheng.mapper.UserMapper.selectRolesByUserId.debug:137 -==>  Preparing: select r.* from sys_role r left join sys_user_role ur on ur.role_id = r.role_id where ur.user_id = ?
2021-04-09 10:48:57.455 DEBUG [http-nio-10010-exec-4]xyz.fusheng.mapper.UserMapper.selectRolesByUserId.debug:137 -==> Parameters: 1(Long)
2021-04-09 10:48:57.479 DEBUG [http-nio-10010-exec-4]xyz.fusheng.mapper.UserMapper.selectRolesByUserId.debug:137 -<==      Total: 0
2021-04-09 10:49:02.005 DEBUG [http-nio-10010-exec-5]xyz.fusheng.mapper.UserMapper.selectOne.debug:137 -==>  Preparing: SELECT user_id,username,password,header,phone,mail,signature,description,realname,sex,address,lng,lat,github_id,state,remark,memo,version,is_enabled AS enabled,is_deleted AS deleted,creator_id,updater_id,creator_name,updater_name,created_time,updated_time FROM sys_user WHERE (username = ?)
2021-04-09 10:49:02.006 DEBUG [http-nio-10010-exec-5]xyz.fusheng.mapper.UserMapper.selectOne.debug:137 -==> Parameters: code-fusheng(String)
2021-04-09 10:49:02.045 DEBUG [http-nio-10010-exec-5]xyz.fusheng.mapper.UserMapper.selectOne.debug:137 -<==      Total: 1
2021-04-09 10:49:02.046 DEBUG [http-nio-10010-exec-5]xyz.fusheng.mapper.UserMapper.selectRolesByUserId.debug:137 -==>  Preparing: select r.* from sys_role r left join sys_user_role ur on ur.role_id = r.role_id where ur.user_id = ?
2021-04-09 10:49:02.047 DEBUG [http-nio-10010-exec-5]xyz.fusheng.mapper.UserMapper.selectRolesByUserId.debug:137 -==> Parameters: 1(Long)
2021-04-09 10:49:02.073 DEBUG [http-nio-10010-exec-5]xyz.fusheng.mapper.UserMapper.selectRolesByUserId.debug:137 -<==      Total: 0
2021-04-09 10:51:13.745 DEBUG [http-nio-10010-exec-6]xyz.fusheng.mapper.UserMapper.selectOne.debug:137 -==>  Preparing: SELECT user_id,username,password,header,phone,mail,signature,description,realname,sex,address,lng,lat,github_id,state,remark,memo,version,is_enabled AS enabled,is_deleted AS deleted,creator_id,updater_id,creator_name,updater_name,created_time,updated_time FROM sys_user WHERE (username = ?)
2021-04-09 10:51:13.747 DEBUG [http-nio-10010-exec-6]xyz.fusheng.mapper.UserMapper.selectOne.debug:137 -==> Parameters: code-fusheng(String)
2021-04-09 10:51:13.800 DEBUG [http-nio-10010-exec-6]xyz.fusheng.mapper.UserMapper.selectOne.debug:137 -<==      Total: 1
2021-04-09 10:51:13.802 DEBUG [http-nio-10010-exec-6]xyz.fusheng.mapper.UserMapper.selectRolesByUserId.debug:137 -==>  Preparing: select r.* from sys_role r left join sys_user_role ur on ur.role_id = r.role_id where ur.user_id = ?
2021-04-09 10:51:13.803 DEBUG [http-nio-10010-exec-6]xyz.fusheng.mapper.UserMapper.selectRolesByUserId.debug:137 -==> Parameters: 1(Long)
2021-04-09 10:51:13.828 DEBUG [http-nio-10010-exec-6]xyz.fusheng.mapper.UserMapper.selectRolesByUserId.debug:137 -<==      Total: 0
2021-04-09 10:52:24.247 DEBUG [http-nio-10010-exec-7]xyz.fusheng.mapper.UserMapper.selectOne.debug:137 -==>  Preparing: SELECT user_id,username,password,header,phone,mail,signature,description,realname,sex,address,lng,lat,github_id,state,remark,memo,version,is_enabled AS enabled,is_deleted AS deleted,creator_id,updater_id,creator_name,updater_name,created_time,updated_time FROM sys_user WHERE (username = ?)
2021-04-09 10:52:24.248 DEBUG [http-nio-10010-exec-7]xyz.fusheng.mapper.UserMapper.selectOne.debug:137 -==> Parameters: code-fusheng(String)
2021-04-09 10:52:24.277 DEBUG [http-nio-10010-exec-7]xyz.fusheng.mapper.UserMapper.selectOne.debug:137 -<==      Total: 1
2021-04-09 10:52:24.279 DEBUG [http-nio-10010-exec-7]xyz.fusheng.mapper.UserMapper.selectRolesByUserId.debug:137 -==>  Preparing: select r.* from sys_role r left join sys_user_role ur on ur.role_id = r.role_id where ur.user_id = ?
2021-04-09 10:52:24.279 DEBUG [http-nio-10010-exec-7]xyz.fusheng.mapper.UserMapper.selectRolesByUserId.debug:137 -==> Parameters: 1(Long)
2021-04-09 10:52:24.304 DEBUG [http-nio-10010-exec-7]xyz.fusheng.mapper.UserMapper.selectRolesByUserId.debug:137 -<==      Total: 0
2021-04-09 11:00:25.787 DEBUG [http-nio-10010-exec-8]xyz.fusheng.mapper.UserMapper.selectOne.debug:137 -==>  Preparing: SELECT user_id,username,password,header,phone,mail,signature,description,realname,sex,address,lng,lat,github_id,state,remark,memo,version,is_enabled AS enabled,is_deleted AS deleted,creator_id,updater_id,creator_name,updater_name,created_time,updated_time FROM sys_user WHERE (username = ?)
2021-04-09 11:00:25.789 DEBUG [http-nio-10010-exec-8]xyz.fusheng.mapper.UserMapper.selectOne.debug:137 -==> Parameters: code-fusheng(String)
2021-04-09 11:00:25.818 DEBUG [http-nio-10010-exec-8]xyz.fusheng.mapper.UserMapper.selectOne.debug:137 -<==      Total: 1
2021-04-09 11:00:25.820 DEBUG [http-nio-10010-exec-8]xyz.fusheng.mapper.UserMapper.selectRolesByUserId.debug:137 -==>  Preparing: select r.* from sys_role r left join sys_user_role ur on ur.role_id = r.role_id where ur.user_id = ?
2021-04-09 11:00:25.821 DEBUG [http-nio-10010-exec-8]xyz.fusheng.mapper.UserMapper.selectRolesByUserId.debug:137 -==> Parameters: 1(Long)
2021-04-09 11:00:25.847 DEBUG [http-nio-10010-exec-8]xyz.fusheng.mapper.UserMapper.selectRolesByUserId.debug:137 -<==      Total: 0
2021-04-09 11:04:34.038 DEBUG [http-nio-10010-exec-9]xyz.fusheng.mapper.UserMapper.selectOne.debug:137 -==>  Preparing: SELECT user_id,username,password,header,phone,mail,signature,description,realname,sex,address,lng,lat,github_id,state,remark,memo,version,is_enabled AS enabled,is_deleted AS deleted,creator_id,updater_id,creator_name,updater_name,created_time,updated_time FROM sys_user WHERE (username = ?)
2021-04-09 11:04:34.040 DEBUG [http-nio-10010-exec-9]xyz.fusheng.mapper.UserMapper.selectOne.debug:137 -==> Parameters: code-fusheng(String)
2021-04-09 11:04:34.068 DEBUG [http-nio-10010-exec-9]xyz.fusheng.mapper.UserMapper.selectOne.debug:137 -<==      Total: 1
2021-04-09 11:04:34.069 DEBUG [http-nio-10010-exec-9]xyz.fusheng.mapper.UserMapper.selectRolesByUserId.debug:137 -==>  Preparing: select r.* from sys_role r left join sys_user_role ur on ur.role_id = r.role_id where ur.user_id = ?
2021-04-09 11:04:34.069 DEBUG [http-nio-10010-exec-9]xyz.fusheng.mapper.UserMapper.selectRolesByUserId.debug:137 -==> Parameters: 1(Long)
2021-04-09 11:04:34.095 DEBUG [http-nio-10010-exec-9]xyz.fusheng.mapper.UserMapper.selectRolesByUserId.debug:137 -<==      Total: 0
2021-04-09 11:17:39.830 DEBUG [http-nio-10010-exec-10]xyz.fusheng.mapper.UserMapper.selectOne.debug:137 -==>  Preparing: SELECT user_id,username,password,header,phone,mail,signature,description,realname,sex,address,lng,lat,github_id,state,remark,memo,version,is_enabled AS enabled,is_deleted AS deleted,creator_id,updater_id,creator_name,updater_name,created_time,updated_time FROM sys_user WHERE (username = ?)
2021-04-09 11:17:39.833 DEBUG [http-nio-10010-exec-10]xyz.fusheng.mapper.UserMapper.selectOne.debug:137 -==> Parameters: code-fusheng(String)
2021-04-09 11:17:39.916 DEBUG [http-nio-10010-exec-10]xyz.fusheng.mapper.UserMapper.selectOne.debug:137 -<==      Total: 1
2021-04-09 11:17:39.918 DEBUG [http-nio-10010-exec-10]xyz.fusheng.mapper.UserMapper.selectRolesByUserId.debug:137 -==>  Preparing: select r.* from sys_role r left join sys_user_role ur on ur.role_id = r.role_id where ur.user_id = ?
2021-04-09 11:17:39.918 DEBUG [http-nio-10010-exec-10]xyz.fusheng.mapper.UserMapper.selectRolesByUserId.debug:137 -==> Parameters: 1(Long)
2021-04-09 11:17:40.061 DEBUG [http-nio-10010-exec-10]xyz.fusheng.mapper.UserMapper.selectRolesByUserId.debug:137 -<==      Total: 0
2021-04-09 11:55:22.473 DEBUG [http-nio-10010-exec-2]xyz.fusheng.mapper.UserMapper.selectOne.debug:137 -==>  Preparing: SELECT user_id,username,password,header,phone,mail,signature,description,realname,sex,address,lng,lat,github_id,state,remark,memo,version,is_enabled AS enabled,is_deleted AS deleted,creator_id,updater_id,creator_name,updater_name,created_time,updated_time FROM sys_user WHERE (username = ?)
2021-04-09 11:55:22.476 DEBUG [http-nio-10010-exec-2]xyz.fusheng.mapper.UserMapper.selectOne.debug:137 -==> Parameters: code-fusheng(String)
2021-04-09 11:55:22.505 DEBUG [http-nio-10010-exec-2]xyz.fusheng.mapper.UserMapper.selectOne.debug:137 -<==      Total: 1
2021-04-09 11:55:22.505 DEBUG [http-nio-10010-exec-2]xyz.fusheng.mapper.UserMapper.selectRolesByUserId.debug:137 -==>  Preparing: select r.* from sys_role r left join sys_user_role ur on ur.role_id = r.role_id where ur.user_id = ?
2021-04-09 11:55:22.506 DEBUG [http-nio-10010-exec-2]xyz.fusheng.mapper.UserMapper.selectRolesByUserId.debug:137 -==> Parameters: 1(Long)
2021-04-09 11:55:22.528 DEBUG [http-nio-10010-exec-2]xyz.fusheng.mapper.UserMapper.selectRolesByUserId.debug:137 -<==      Total: 0
2021-04-09 12:20:58.780 DEBUG [http-nio-10010-exec-1]xyz.fusheng.mapper.UserMapper.selectOne.debug:137 -==>  Preparing: SELECT user_id,username,password,header,phone,mail,signature,description,realname,sex,address,lng,lat,github_id,state,remark,memo,version,is_enabled AS enabled,is_deleted AS deleted,creator_id,updater_id,creator_name,updater_name,created_time,updated_time FROM sys_user WHERE (username = ?)
2021-04-09 12:20:58.785 DEBUG [http-nio-10010-exec-1]xyz.fusheng.mapper.UserMapper.selectOne.debug:137 -==> Parameters: code-fusheng(String)
2021-04-09 12:20:58.811 DEBUG [http-nio-10010-exec-1]xyz.fusheng.mapper.UserMapper.selectOne.debug:137 -<==      Total: 1
2021-04-09 12:20:58.812 DEBUG [http-nio-10010-exec-1]xyz.fusheng.mapper.UserMapper.selectRolesByUserId.debug:137 -==>  Preparing: select r.* from sys_role r left join sys_user_role ur on ur.role_id = r.role_id where ur.user_id = ?
2021-04-09 12:20:58.813 DEBUG [http-nio-10010-exec-1]xyz.fusheng.mapper.UserMapper.selectRolesByUserId.debug:137 -==> Parameters: 1(Long)
2021-04-09 12:20:58.835 DEBUG [http-nio-10010-exec-1]xyz.fusheng.mapper.UserMapper.selectRolesByUserId.debug:137 -<==      Total: 0
2021-04-09 13:04:35.805 DEBUG [http-nio-10010-exec-4]xyz.fusheng.mapper.UserMapper.selectOne.debug:137 -==>  Preparing: SELECT user_id,username,password,header,phone,mail,signature,description,realname,sex,address,lng,lat,github_id,state,remark,memo,version,is_enabled AS enabled,is_deleted AS deleted,creator_id,updater_id,creator_name,updater_name,created_time,updated_time FROM sys_user WHERE (username = ?)
2021-04-09 13:04:35.812 DEBUG [http-nio-10010-exec-4]xyz.fusheng.mapper.UserMapper.selectOne.debug:137 -==> Parameters: code-fusheng(String)
2021-04-09 13:04:35.843 DEBUG [http-nio-10010-exec-4]xyz.fusheng.mapper.UserMapper.selectOne.debug:137 -<==      Total: 1
2021-04-09 13:04:35.845 DEBUG [http-nio-10010-exec-4]xyz.fusheng.mapper.UserMapper.selectRolesByUserId.debug:137 -==>  Preparing: select r.* from sys_role r left join sys_user_role ur on ur.role_id = r.role_id where ur.user_id = ?
2021-04-09 13:04:35.846 DEBUG [http-nio-10010-exec-4]xyz.fusheng.mapper.UserMapper.selectRolesByUserId.debug:137 -==> Parameters: 1(Long)
2021-04-09 13:04:35.871 DEBUG [http-nio-10010-exec-4]xyz.fusheng.mapper.UserMapper.selectRolesByUserId.debug:137 -<==      Total: 0
2021-04-09 13:43:47.128 WARN  [Thread-12]com.alibaba.nacos.common.http.HttpClientBeanHolder.shutdown:108 -[HttpClientBeanHolder] Start destroying common HttpClient
2021-04-09 13:43:47.128 WARN  [Thread-18]com.alibaba.nacos.common.notify.NotifyCenter.shutdown:145 -[NotifyCenter] Start destroying Publisher
2021-04-09 13:43:47.131 WARN  [Thread-18]com.alibaba.nacos.common.notify.NotifyCenter.shutdown:162 -[NotifyCenter] Destruction of the end
2021-04-09 13:43:47.132 WARN  [Thread-12]com.alibaba.nacos.common.http.HttpClientBeanHolder.shutdown:114 -[HttpClientBeanHolder] Destruction of the end
2021-04-09 13:43:48.288 INFO  [SpringContextShutdownHook]o.s.scheduling.concurrent.ThreadPoolTaskScheduler.shutdown:218 -Shutting down ExecutorService 'Nacos-Watch-Task-Scheduler'
2021-04-09 13:43:48.293 INFO  [SpringContextShutdownHook]com.alibaba.cloud.nacos.registry.NacosServiceRegistry.deregister:90 -De-registering from Nacos Server now...
2021-04-09 13:43:48.299 INFO  [SpringContextShutdownHook]com.alibaba.cloud.nacos.registry.NacosServiceRegistry.deregister:110 -De-registration finished.
2021-04-09 13:43:57.347 WARN  [SpringContextShutdownHook]o.s.beans.factory.support.DisposableBeanAdapter.invokeCustomDestroyMethod:349 -Destroy method 'close' on bean with name 'nacosServiceRegistry' threw an exception: java.lang.NullPointerException
2021-04-09 13:43:57.351 INFO  [SpringContextShutdownHook]o.s.scheduling.concurrent.ThreadPoolTaskExecutor.shutdown:218 -Shutting down ExecutorService 'applicationTaskExecutor'
2021-04-09 13:43:57.360 INFO  [SpringContextShutdownHook]com.alibaba.druid.pool.DruidDataSource.close:1817 -{dataSource-1} closed
2021-04-09 13:44:09.184 INFO  [main]xyz.fusheng.UserServerApplication.logStartupProfileInfo:651 -No active profile set, falling back to default profiles: default
2021-04-09 13:44:10.080 INFO  [main]org.springframework.cloud.context.scope.GenericScope.setSerializationId:295 -BeanFactory id=585ebfe8-1db1-3abb-8d4e-7891b0764f3f
2021-04-09 13:44:10.372 INFO  [main]o.s.boot.web.embedded.tomcat.TomcatWebServer.initialize:108 -Tomcat initialized with port(s): 10010 (http)
2021-04-09 13:44:10.383 INFO  [main]org.apache.coyote.http11.Http11NioProtocol.log:173 -Initializing ProtocolHandler ["http-nio-10010"]
2021-04-09 13:44:10.384 INFO  [main]org.apache.catalina.core.StandardService.log:173 -Starting service [Tomcat]
2021-04-09 13:44:10.385 INFO  [main]org.apache.catalina.core.StandardEngine.log:173 -Starting Servlet engine: [Apache Tomcat/9.0.41]
2021-04-09 13:44:10.476 INFO  [main]o.a.catalina.core.ContainerBase.[Tomcat].[localhost].[/].log:173 -Initializing Spring embedded WebApplicationContext
2021-04-09 13:44:10.477 INFO  [main]o.s.b.w.s.context.ServletWebServerApplicationContext.prepareWebApplicationContext:285 -Root WebApplicationContext: initialization completed in 1268 ms
2021-04-09 13:44:11.275 INFO  [main]s.d.s.web.PropertySourcedRequestMappingHandlerMapping.initHandlerMethods:69 -Mapped URL path [/v2/api-docs] onto method [springfox.documentation.swagger2.web.Swagger2Controller#getDocumentation(String, HttpServletRequest)]
2021-04-09 13:44:11.310 WARN  [main]com.netflix.config.sources.URLConfigurationSource.<init>:121 -No URLs will be polled as dynamic configuration sources.
2021-04-09 13:44:11.313 INFO  [main]com.netflix.config.sources.URLConfigurationSource.<init>:122 -To enable URLs as dynamic configuration sources, define System property archaius.configurationSource.additionalUrls or make config.properties available on classpath.
2021-04-09 13:44:11.323 WARN  [main]com.netflix.config.sources.URLConfigurationSource.<init>:121 -No URLs will be polled as dynamic configuration sources.
2021-04-09 13:44:11.324 INFO  [main]com.netflix.config.sources.URLConfigurationSource.<init>:122 -To enable URLs as dynamic configuration sources, define System property archaius.configurationSource.additionalUrls or make config.properties available on classpath.
2021-04-09 13:44:11.586 INFO  [main]o.s.scheduling.concurrent.ThreadPoolTaskExecutor.initialize:181 -Initializing ExecutorService 'applicationTaskExecutor'
2021-04-09 13:44:12.060 INFO  [main]o.s.scheduling.concurrent.ThreadPoolTaskScheduler.initialize:181 -Initializing ExecutorService 'Nacos-Watch-Task-Scheduler'
2021-04-09 13:44:13.466 INFO  [main]org.apache.coyote.http11.Http11NioProtocol.log:173 -Starting ProtocolHandler ["http-nio-10010"]
2021-04-09 13:44:13.683 INFO  [main]o.s.boot.web.embedded.tomcat.TomcatWebServer.start:220 -Tomcat started on port(s): 10010 (http) with context path ''
2021-04-09 13:44:13.792 INFO  [main]com.alibaba.cloud.nacos.registry.NacosServiceRegistry.register:75 -nacos registry, DEFAULT_GROUP user-server 192.168.0.2:10010 register finished
2021-04-09 13:44:13.814 INFO  [main]s.d.spring.web.plugins.DocumentationPluginsBootstrapper.start:160 -Context refreshed
2021-04-09 13:44:13.932 INFO  [main]s.d.spring.web.plugins.DocumentationPluginsBootstrapper.start:163 -Found 1 custom documentation plugin(s)
2021-04-09 13:44:14.207 INFO  [main]s.d.spring.web.scanners.ApiListingReferenceScanner.scan:41 -Scanning for api listing references
2021-04-09 13:44:14.363 INFO  [main]xyz.fusheng.UserServerApplication.logStarted:61 -Started UserServerApplication in 6.639 seconds (JVM running for 7.456)
2021-04-09 13:44:14.368 INFO  [main]xyz.fusheng.UserServerApplication.main:31 -用户服务[user-server]已经启动,端口号:10010
2021-04-09 15:04:25.278 INFO  [http-nio-10010-exec-1]o.a.catalina.core.ContainerBase.[Tomcat].[localhost].[/].log:173 -Initializing Spring DispatcherServlet 'dispatcherServlet'
2021-04-09 15:04:25.279 INFO  [http-nio-10010-exec-1]org.springframework.web.servlet.DispatcherServlet.initServletBean:525 -Initializing Servlet 'dispatcherServlet'
2021-04-09 15:04:25.292 INFO  [http-nio-10010-exec-1]org.springframework.web.servlet.DispatcherServlet.initServletBean:547 -Completed initialization in 13 ms
2021-04-09 15:04:25.545 INFO  [http-nio-10010-exec-1]com.alibaba.druid.pool.DruidDataSource.init:922 -{dataSource-1} inited
2021-04-09 15:04:26.228 DEBUG [http-nio-10010-exec-1]xyz.fusheng.mapper.UserMapper.selectOne.debug:137 -==>  Preparing: SELECT user_id,username,password,header,phone,mail,signature,description,realname,sex,address,lng,lat,github_id,state,remark,memo,version,is_enabled AS enabled,is_deleted AS deleted,creator_id,updater_id,creator_name,updater_name,created_time,updated_time FROM sys_user WHERE (username = ?)
2021-04-09 15:04:26.251 DEBUG [http-nio-10010-exec-1]xyz.fusheng.mapper.UserMapper.selectOne.debug:137 -==> Parameters: code-fusheng(String)
2021-04-09 15:04:26.348 DEBUG [http-nio-10010-exec-1]xyz.fusheng.mapper.UserMapper.selectOne.debug:137 -<==      Total: 1
2021-04-09 15:04:26.350 DEBUG [http-nio-10010-exec-2]xyz.fusheng.mapper.UserMapper.selectOne.debug:137 -==>  Preparing: SELECT user_id,username,password,header,phone,mail,signature,description,realname,sex,address,lng,lat,github_id,state,remark,memo,version,is_enabled AS enabled,is_deleted AS deleted,creator_id,updater_id,creator_name,updater_name,created_time,updated_time FROM sys_user WHERE (username = ?)
2021-04-09 15:04:26.351 DEBUG [http-nio-10010-exec-2]xyz.fusheng.mapper.UserMapper.selectOne.debug:137 -==> Parameters: code-fusheng(String)
2021-04-09 15:04:26.378 DEBUG [http-nio-10010-exec-2]xyz.fusheng.mapper.UserMapper.selectOne.debug:137 -<==      Total: 1
2021-04-09 15:04:26.379 DEBUG [http-nio-10010-exec-1]xyz.fusheng.mapper.UserMapper.selectRolesByUserId.debug:137 -==>  Preparing: select r.* from sys_role r left join sys_user_role ur on ur.role_id = r.role_id where ur.user_id = ?
2021-04-09 15:04:26.380 DEBUG [http-nio-10010-exec-1]xyz.fusheng.mapper.UserMapper.selectRolesByUserId.debug:137 -==> Parameters: 1(Long)
2021-04-09 15:04:26.403 DEBUG [http-nio-10010-exec-1]xyz.fusheng.mapper.UserMapper.selectRolesByUserId.debug:137 -<==      Total: 0
2021-04-09 15:04:26.404 DEBUG [http-nio-10010-exec-2]xyz.fusheng.mapper.UserMapper.selectRolesByUserId.debug:137 -==>  Preparing: select r.* from sys_role r left join sys_user_role ur on ur.role_id = r.role_id where ur.user_id = ?
2021-04-09 15:04:26.405 DEBUG [http-nio-10010-exec-2]xyz.fusheng.mapper.UserMapper.selectRolesByUserId.debug:137 -==> Parameters: 1(Long)
2021-04-09 15:04:26.429 DEBUG [http-nio-10010-exec-2]xyz.fusheng.mapper.UserMapper.selectRolesByUserId.debug:137 -<==      Total: 0
2021-04-09 15:11:06.459 DEBUG [http-nio-10010-exec-3]xyz.fusheng.mapper.UserMapper.selectOne.debug:137 -==>  Preparing: SELECT user_id,username,password,header,phone,mail,signature,description,realname,sex,address,lng,lat,github_id,state,remark,memo,version,is_enabled AS enabled,is_deleted AS deleted,creator_id,updater_id,creator_name,updater_name,created_time,updated_time FROM sys_user WHERE (username = ?)
2021-04-09 15:11:06.460 DEBUG [http-nio-10010-exec-3]xyz.fusheng.mapper.UserMapper.selectOne.debug:137 -==> Parameters: code-fusheng(String)
2021-04-09 15:11:06.491 DEBUG [http-nio-10010-exec-3]xyz.fusheng.mapper.UserMapper.selectOne.debug:137 -<==      Total: 1
2021-04-09 15:11:06.491 DEBUG [http-nio-10010-exec-3]xyz.fusheng.mapper.UserMapper.selectRolesByUserId.debug:137 -==>  Preparing: select r.* from sys_role r left join sys_user_role ur on ur.role_id = r.role_id where ur.user_id = ?
2021-04-09 15:11:06.492 DEBUG [http-nio-10010-exec-3]xyz.fusheng.mapper.UserMapper.selectRolesByUserId.debug:137 -==> Parameters: 1(Long)
2021-04-09 15:11:06.518 DEBUG [http-nio-10010-exec-3]xyz.fusheng.mapper.UserMapper.selectRolesByUserId.debug:137 -<==      Total: 0
2021-04-09 16:44:47.134 DEBUG [http-nio-10010-exec-4]xyz.fusheng.mapper.UserMapper.selectOne.debug:137 -==>  Preparing: SELECT user_id,username,password,header,phone,mail,signature,description,realname,sex,address,lng,lat,github_id,state,remark,memo,version,is_enabled AS enabled,is_deleted AS deleted,creator_id,updater_id,creator_name,updater_name,created_time,updated_time FROM sys_user WHERE (username = ?)
2021-04-09 16:44:47.143 DEBUG [http-nio-10010-exec-4]xyz.fusheng.mapper.UserMapper.selectOne.debug:137 -==> Parameters: code-fusheng(String)
2021-04-09 16:44:47.179 DEBUG [http-nio-10010-exec-4]xyz.fusheng.mapper.UserMapper.selectOne.debug:137 -<==      Total: 1
2021-04-09 16:44:47.180 DEBUG [http-nio-10010-exec-4]xyz.fusheng.mapper.UserMapper.selectRolesByUserId.debug:137 -==>  Preparing: select r.* from sys_role r left join sys_user_role ur on ur.role_id = r.role_id where ur.user_id = ?
2021-04-09 16:44:47.181 DEBUG [http-nio-10010-exec-4]xyz.fusheng.mapper.UserMapper.selectRolesByUserId.debug:137 -==> Parameters: 1(Long)
2021-04-09 16:44:47.207 DEBUG [http-nio-10010-exec-4]xyz.fusheng.mapper.UserMapper.selectRolesByUserId.debug:137 -<==      Total: 0
2021-04-09 17:29:08.573 DEBUG [http-nio-10010-exec-5]xyz.fusheng.mapper.UserMapper.selectOne.debug:137 -==>  Preparing: SELECT user_id,username,password,header,phone,mail,signature,description,realname,sex,address,lng,lat,github_id,state,remark,memo,version,is_enabled AS enabled,is_deleted AS deleted,creator_id,updater_id,creator_name,updater_name,created_time,updated_time FROM sys_user WHERE (username = ?)
2021-04-09 17:29:08.575 DEBUG [http-nio-10010-exec-5]xyz.fusheng.mapper.UserMapper.selectOne.debug:137 -==> Parameters: code-fusheng(String)
2021-04-09 17:29:08.606 DEBUG [http-nio-10010-exec-5]xyz.fusheng.mapper.UserMapper.selectOne.debug:137 -<==      Total: 1
2021-04-09 17:29:08.607 DEBUG [http-nio-10010-exec-5]xyz.fusheng.mapper.UserMapper.selectRolesByUserId.debug:137 -==>  Preparing: select r.* from sys_role r left join sys_user_role ur on ur.role_id = r.role_id where ur.user_id = ?
2021-04-09 17:29:08.608 DEBUG [http-nio-10010-exec-5]xyz.fusheng.mapper.UserMapper.selectRolesByUserId.debug:137 -==> Parameters: 1(Long)
2021-04-09 17:29:08.636 DEBUG [http-nio-10010-exec-5]xyz.fusheng.mapper.UserMapper.selectRolesByUserId.debug:137 -<==      Total: 1
2021-04-09 17:31:08.502 DEBUG [http-nio-10010-exec-7]xyz.fusheng.mapper.UserMapper.selectOne.debug:137 -==>  Preparing: SELECT user_id,username,password,header,phone,mail,signature,description,realname,sex,address,lng,lat,github_id,state,remark,memo,version,is_enabled AS enabled,is_deleted AS deleted,creator_id,updater_id,creator_name,updater_name,created_time,updated_time FROM sys_user WHERE (username = ?)
2021-04-09 17:31:08.504 DEBUG [http-nio-10010-exec-7]xyz.fusheng.mapper.UserMapper.selectOne.debug:137 -==> Parameters: code-fusheng(String)
2021-04-09 17:31:08.532 DEBUG [http-nio-10010-exec-7]xyz.fusheng.mapper.UserMapper.selectOne.debug:137 -<==      Total: 1
2021-04-09 17:31:08.533 DEBUG [http-nio-10010-exec-7]xyz.fusheng.mapper.UserMapper.selectRolesByUserId.debug:137 -==>  Preparing: select r.* from sys_role r left join sys_user_role ur on ur.role_id = r.role_id where ur.user_id = ?
2021-04-09 17:31:08.534 DEBUG [http-nio-10010-exec-7]xyz.fusheng.mapper.UserMapper.selectRolesByUserId.debug:137 -==> Parameters: 1(Long)
2021-04-09 17:31:08.658 DEBUG [http-nio-10010-exec-7]xyz.fusheng.mapper.UserMapper.selectRolesByUserId.debug:137 -<==      Total: 1
2021-04-09 17:58:07.053 WARN  [Thread-5]com.alibaba.nacos.common.http.HttpClientBeanHolder.shutdown:108 -[HttpClientBeanHolder] Start destroying common HttpClient
2021-04-09 17:58:07.053 WARN  [Thread-11]com.alibaba.nacos.common.notify.NotifyCenter.shutdown:145 -[NotifyCenter] Start destroying Publisher
2021-04-09 17:58:07.055 WARN  [Thread-11]com.alibaba.nacos.common.notify.NotifyCenter.shutdown:162 -[NotifyCenter] Destruction of the end
2021-04-09 17:58:07.057 WARN  [Thread-5]com.alibaba.nacos.common.http.HttpClientBeanHolder.shutdown:114 -[HttpClientBeanHolder] Destruction of the end
2021-04-09 17:58:08.211 INFO  [SpringContextShutdownHook]o.s.scheduling.concurrent.ThreadPoolTaskScheduler.shutdown:218 -Shutting down ExecutorService 'Nacos-Watch-Task-Scheduler'
2021-04-09 17:58:08.215 INFO  [SpringContextShutdownHook]com.alibaba.cloud.nacos.registry.NacosServiceRegistry.deregister:90 -De-registering from Nacos Server now...
2021-04-09 17:58:08.220 INFO  [SpringContextShutdownHook]com.alibaba.cloud.nacos.registry.NacosServiceRegistry.deregister:110 -De-registration finished.
2021-04-09 17:58:16.779 WARN  [SpringContextShutdownHook]o.s.beans.factory.support.DisposableBeanAdapter.invokeCustomDestroyMethod:349 -Destroy method 'close' on bean with name 'nacosServiceRegistry' threw an exception: java.lang.NullPointerException
2021-04-09 17:58:16.780 INFO  [SpringContextShutdownHook]o.s.scheduling.concurrent.ThreadPoolTaskExecutor.shutdown:218 -Shutting down ExecutorService 'applicationTaskExecutor'
2021-04-09 17:58:16.792 INFO  [SpringContextShutdownHook]com.alibaba.druid.pool.DruidDataSource.close:1817 -{dataSource-1} closed
2021-04-09 17:58:23.680 INFO  [main]xyz.fusheng.UserServerApplication.logStartupProfileInfo:651 -No active profile set, falling back to default profiles: default
2021-04-09 17:58:24.443 INFO  [main]org.springframework.cloud.context.scope.GenericScope.setSerializationId:295 -BeanFactory id=73a44c0c-d6a6-336e-aa3e-8f0058843494
2021-04-09 17:58:24.684 INFO  [main]o.s.boot.web.embedded.tomcat.TomcatWebServer.initialize:108 -Tomcat initialized with port(s): 10010 (http)
2021-04-09 17:58:24.693 INFO  [main]org.apache.coyote.http11.Http11NioProtocol.log:173 -Initializing ProtocolHandler ["http-nio-10010"]
2021-04-09 17:58:24.694 INFO  [main]org.apache.catalina.core.StandardService.log:173 -Starting service [Tomcat]
2021-04-09 17:58:24.694 INFO  [main]org.apache.catalina.core.StandardEngine.log:173 -Starting Servlet engine: [Apache Tomcat/9.0.41]
2021-04-09 17:58:24.786 INFO  [main]o.a.catalina.core.ContainerBase.[Tomcat].[localhost].[/].log:173 -Initializing Spring embedded WebApplicationContext
2021-04-09 17:58:24.786 INFO  [main]o.s.b.w.s.context.ServletWebServerApplicationContext.prepareWebApplicationContext:285 -Root WebApplicationContext: initialization completed in 1087 ms
2021-04-09 17:58:25.498 INFO  [main]s.d.s.web.PropertySourcedRequestMappingHandlerMapping.initHandlerMethods:69 -Mapped URL path [/v2/api-docs] onto method [springfox.documentation.swagger2.web.Swagger2Controller#getDocumentation(String, HttpServletRequest)]
2021-04-09 17:58:25.514 WARN  [main]com.netflix.config.sources.URLConfigurationSource.<init>:121 -No URLs will be polled as dynamic configuration sources.
2021-04-09 17:58:25.514 INFO  [main]com.netflix.config.sources.URLConfigurationSource.<init>:122 -To enable URLs as dynamic configuration sources, define System property archaius.configurationSource.additionalUrls or make config.properties available on classpath.
2021-04-09 17:58:25.517 WARN  [main]com.netflix.config.sources.URLConfigurationSource.<init>:121 -No URLs will be polled as dynamic configuration sources.
2021-04-09 17:58:25.518 INFO  [main]com.netflix.config.sources.URLConfigurationSource.<init>:122 -To enable URLs as dynamic configuration sources, define System property archaius.configurationSource.additionalUrls or make config.properties available on classpath.
2021-04-09 17:58:25.595 INFO  [main]o.s.scheduling.concurrent.ThreadPoolTaskExecutor.initialize:181 -Initializing ExecutorService 'applicationTaskExecutor'
2021-04-09 17:58:25.696 INFO  [main]o.s.scheduling.concurrent.ThreadPoolTaskScheduler.initialize:181 -Initializing ExecutorService 'Nacos-Watch-Task-Scheduler'
2021-04-09 17:58:26.010 INFO  [main]org.apache.coyote.http11.Http11NioProtocol.log:173 -Starting ProtocolHandler ["http-nio-10010"]
2021-04-09 17:58:26.037 INFO  [main]o.s.boot.web.embedded.tomcat.TomcatWebServer.start:220 -Tomcat started on port(s): 10010 (http) with context path ''
2021-04-09 17:58:26.047 INFO  [main]com.alibaba.cloud.nacos.registry.NacosServiceRegistry.register:75 -nacos registry, DEFAULT_GROUP user-server 192.168.0.2:10010 register finished
2021-04-09 17:58:26.051 INFO  [main]s.d.spring.web.plugins.DocumentationPluginsBootstrapper.start:160 -Context refreshed
2021-04-09 17:58:26.062 INFO  [main]s.d.spring.web.plugins.DocumentationPluginsBootstrapper.start:163 -Found 1 custom documentation plugin(s)
2021-04-09 17:58:26.099 INFO  [main]s.d.spring.web.scanners.ApiListingReferenceScanner.scan:41 -Scanning for api listing references
2021-04-09 17:58:26.118 INFO  [main]xyz.fusheng.UserServerApplication.logStarted:61 -Started UserServerApplication in 3.445 seconds (JVM running for 4.19)
2021-04-09 17:58:26.121 INFO  [main]xyz.fusheng.UserServerApplication.main:31 -用户服务[user-server]已经启动,端口号:10010
2021-04-09 18:01:21.116 WARN  [Thread-11]com.alibaba.nacos.common.http.HttpClientBeanHolder.shutdown:108 -[HttpClientBeanHolder] Start destroying common HttpClient
2021-04-09 18:01:21.116 WARN  [Thread-17]com.alibaba.nacos.common.notify.NotifyCenter.shutdown:145 -[NotifyCenter] Start destroying Publisher
2021-04-09 18:01:21.117 WARN  [Thread-17]com.alibaba.nacos.common.notify.NotifyCenter.shutdown:162 -[NotifyCenter] Destruction of the end
2021-04-09 18:01:21.117 WARN  [Thread-11]com.alibaba.nacos.common.http.HttpClientBeanHolder.shutdown:114 -[HttpClientBeanHolder] Destruction of the end
2021-04-09 18:01:22.283 INFO  [SpringContextShutdownHook]o.s.scheduling.concurrent.ThreadPoolTaskScheduler.shutdown:218 -Shutting down ExecutorService 'Nacos-Watch-Task-Scheduler'
2021-04-09 18:01:22.286 INFO  [SpringContextShutdownHook]com.alibaba.cloud.nacos.registry.NacosServiceRegistry.deregister:90 -De-registering from Nacos Server now...
2021-04-09 18:01:22.288 INFO  [SpringContextShutdownHook]com.alibaba.cloud.nacos.registry.NacosServiceRegistry.deregister:110 -De-registration finished.
2021-04-09 18:01:30.166 WARN  [SpringContextShutdownHook]o.s.beans.factory.support.DisposableBeanAdapter.invokeCustomDestroyMethod:349 -Destroy method 'close' on bean with name 'nacosServiceRegistry' threw an exception: java.lang.NullPointerException
2021-04-09 18:01:30.168 INFO  [SpringContextShutdownHook]o.s.scheduling.concurrent.ThreadPoolTaskExecutor.shutdown:218 -Shutting down ExecutorService 'applicationTaskExecutor'
