2021-04-07 12:28:09.288 ERROR [main]o.s.boot.diagnostics.LoggingFailureAnalysisReporter.report:40 -

***************************
APPLICATION FAILED TO START
***************************

Description:

Failed to configure a DataSource: 'url' attribute is not specified and no embedded datasource could be configured.

Reason: Failed to determine a suitable driver class


Action:

Consider the following:
	If you want an embedded database (H2, HSQL or Derby), please put it on the classpath.
	If you have database settings to be loaded from a particular profile you may need to activate it (no profiles are currently active).

2021-04-07 13:21:15.760 ERROR [main]o.s.boot.diagnostics.LoggingFailureAnalysisReporter.report:40 -

***************************
APPLICATION FAILED TO START
***************************

Description:

A component required a bean of type 'xyz.fusheng.mapper.MenuMapper' that could not be found.


Action:

Consider defining a bean of type 'xyz.fusheng.mapper.MenuMapper' in your configuration.

2021-04-07 13:23:36.266 ERROR [main]o.s.boot.diagnostics.LoggingFailureAnalysisReporter.report:40 -

***************************
APPLICATION FAILED TO START
***************************

Description:

A component required a bean of type 'xyz.fusheng.mapper.MenuMapper' that could not be found.


Action:

Consider defining a bean of type 'xyz.fusheng.mapper.MenuMapper' in your configuration.

2021-04-07 13:26:56.727 ERROR [main]o.s.boot.diagnostics.LoggingFailureAnalysisReporter.report:40 -

***************************
APPLICATION FAILED TO START
***************************

Description:

A component required a bean of type 'xyz.fusheng.mapper.MenuMapper' that could not be found.


Action:

Consider defining a bean of type 'xyz.fusheng.mapper.MenuMapper' in your configuration.

2021-04-07 13:28:00.856 ERROR [main]o.s.boot.diagnostics.LoggingFailureAnalysisReporter.report:40 -

***************************
APPLICATION FAILED TO START
***************************

Description:

A component required a bean of type 'xyz.fusheng.mapper.MenuMapper' that could not be found.


Action:

Consider defining a bean of type 'xyz.fusheng.mapper.MenuMapper' in your configuration.

2021-04-07 13:37:03.677 ERROR [main]o.s.boot.diagnostics.LoggingFailureAnalysisReporter.report:40 -

***************************
APPLICATION FAILED TO START
***************************

Description:

A component required a bean of type 'xyz.fusheng.mapper.MenuMapper' that could not be found.


Action:

Consider defining a bean of type 'xyz.fusheng.mapper.MenuMapper' in your configuration.

