2021-04-08 13:04:02.118 WARN  [main]org.springframework.boot.actuate.endpoint.EndpointId.logWarning:155 -Endpoint ID 'service-registry' contains invalid characters, please migrate to a valid format.
2021-04-08 13:04:02.172 WARN  [main]org.mybatis.spring.mapper.ClassPathMapperScanner.warn:44 -No MyBatis mapper was found in '[xyz.fusheng]' package. Please check your configuration.
2021-04-08 13:04:04.003 WARN  [main]com.netflix.config.sources.URLConfigurationSource.<init>:121 -No URLs will be polled as dynamic configuration sources.
2021-04-08 13:04:04.008 WARN  [main]com.netflix.config.sources.URLConfigurationSource.<init>:121 -No URLs will be polled as dynamic configuration sources.
2021-04-08 13:04:04.375 WARN  [main]o.s.c.s.oauth2.SpringCloudSecurityAutoConfiguration.<init>:38 -All Spring Cloud Security modules and starters are deprecated. They will be moved to individual projects in the next major release.
2021-04-08 13:04:21.247 WARN  [Thread-17]com.alibaba.nacos.common.notify.NotifyCenter.shutdown:145 -[NotifyCenter] Start destroying Publisher
2021-04-08 13:04:21.247 WARN  [Thread-11]com.alibaba.nacos.common.http.HttpClientBeanHolder.shutdown:108 -[HttpClientBeanHolder] Start destroying common HttpClient
2021-04-08 13:04:21.248 WARN  [Thread-17]com.alibaba.nacos.common.notify.NotifyCenter.shutdown:162 -[NotifyCenter] Destruction of the end
2021-04-08 13:04:21.248 WARN  [Thread-11]com.alibaba.nacos.common.http.HttpClientBeanHolder.shutdown:114 -[HttpClientBeanHolder] Destruction of the end
2021-04-08 13:04:28.602 WARN  [SpringContextShutdownHook]o.s.beans.factory.support.DisposableBeanAdapter.invokeCustomDestroyMethod:349 -Destroy method 'close' on bean with name 'nacosServiceRegistry' threw an exception: java.lang.NullPointerException
2021-04-08 13:04:38.092 WARN  [main]org.springframework.boot.actuate.endpoint.EndpointId.logWarning:155 -Endpoint ID 'service-registry' contains invalid characters, please migrate to a valid format.
2021-04-08 13:04:38.170 WARN  [main]org.mybatis.spring.mapper.ClassPathMapperScanner.warn:44 -No MyBatis mapper was found in '[xyz.fusheng]' package. Please check your configuration.
2021-04-08 13:04:40.214 WARN  [main]com.netflix.config.sources.URLConfigurationSource.<init>:121 -No URLs will be polled as dynamic configuration sources.
2021-04-08 13:04:40.219 WARN  [main]com.netflix.config.sources.URLConfigurationSource.<init>:121 -No URLs will be polled as dynamic configuration sources.
2021-04-08 13:04:40.644 WARN  [main]o.s.c.s.oauth2.SpringCloudSecurityAutoConfiguration.<init>:38 -All Spring Cloud Security modules and starters are deprecated. They will be moved to individual projects in the next major release.
2021-04-08 13:07:24.812 WARN  [Thread-20]com.alibaba.nacos.common.notify.NotifyCenter.shutdown:145 -[NotifyCenter] Start destroying Publisher
2021-04-08 13:07:24.812 WARN  [Thread-14]com.alibaba.nacos.common.http.HttpClientBeanHolder.shutdown:108 -[HttpClientBeanHolder] Start destroying common HttpClient
2021-04-08 13:07:24.813 WARN  [Thread-20]com.alibaba.nacos.common.notify.NotifyCenter.shutdown:162 -[NotifyCenter] Destruction of the end
2021-04-08 13:07:24.813 WARN  [Thread-14]com.alibaba.nacos.common.http.HttpClientBeanHolder.shutdown:114 -[HttpClientBeanHolder] Destruction of the end
2021-04-08 13:07:32.102 WARN  [SpringContextShutdownHook]o.s.beans.factory.support.DisposableBeanAdapter.invokeCustomDestroyMethod:349 -Destroy method 'close' on bean with name 'nacosServiceRegistry' threw an exception: java.lang.NullPointerException
2021-04-08 13:07:43.547 WARN  [main]org.springframework.boot.actuate.endpoint.EndpointId.logWarning:155 -Endpoint ID 'service-registry' contains invalid characters, please migrate to a valid format.
2021-04-08 13:07:43.608 WARN  [main]org.mybatis.spring.mapper.ClassPathMapperScanner.warn:44 -No MyBatis mapper was found in '[xyz.fusheng]' package. Please check your configuration.
2021-04-08 13:07:45.668 WARN  [main]com.netflix.config.sources.URLConfigurationSource.<init>:121 -No URLs will be polled as dynamic configuration sources.
2021-04-08 13:07:45.672 WARN  [main]com.netflix.config.sources.URLConfigurationSource.<init>:121 -No URLs will be polled as dynamic configuration sources.
2021-04-08 13:07:46.077 WARN  [main]o.s.c.s.oauth2.SpringCloudSecurityAutoConfiguration.<init>:38 -All Spring Cloud Security modules and starters are deprecated. They will be moved to individual projects in the next major release.
2021-04-08 13:07:53.725 WARN  [http-nio-9000-exec-1]o.s.security.oauth2.provider.endpoint.TokenEndpoint.handleException:169 -Handling error: InternalAuthenticationServiceException, [404] during [GET] to [http://user-server/user/selectByUsername/code-fusheng] [UserFeignClientServer#selectUserByUsername(String)]: [{"timestamp":"2021-04-08T05:07:53.673+00:00","status":404,"error":"Not Found","message":"","path":"/user/selectByUsername/code-fusheng"}]
2021-04-08 13:25:24.861 WARN  [http-nio-9000-exec-5]o.s.security.oauth2.provider.endpoint.TokenEndpoint.handleException:169 -Handling error: InternalAuthenticationServiceException, [404] during [GET] to [http://user-server/user/selectByUsername/code-fusheng] [UserFeignClientServer#selectUserByUsername(String)]: [{"timestamp":"2021-04-08T05:25:24.856+00:00","status":404,"error":"Not Found","message":"","path":"/user/selectByUsername/code-fusheng"}]
2021-04-08 13:28:34.674 WARN  [Thread-12]com.alibaba.nacos.common.http.HttpClientBeanHolder.shutdown:108 -[HttpClientBeanHolder] Start destroying common HttpClient
2021-04-08 13:28:34.674 WARN  [Thread-18]com.alibaba.nacos.common.notify.NotifyCenter.shutdown:145 -[NotifyCenter] Start destroying Publisher
2021-04-08 13:28:34.675 WARN  [Thread-18]com.alibaba.nacos.common.notify.NotifyCenter.shutdown:162 -[NotifyCenter] Destruction of the end
2021-04-08 13:28:34.676 WARN  [Thread-12]com.alibaba.nacos.common.http.HttpClientBeanHolder.shutdown:114 -[HttpClientBeanHolder] Destruction of the end
2021-04-08 13:28:43.641 WARN  [SpringContextShutdownHook]o.s.beans.factory.support.DisposableBeanAdapter.invokeCustomDestroyMethod:349 -Destroy method 'close' on bean with name 'nacosServiceRegistry' threw an exception: java.lang.NullPointerException
2021-04-08 13:28:50.948 WARN  [main]org.springframework.boot.actuate.endpoint.EndpointId.logWarning:155 -Endpoint ID 'service-registry' contains invalid characters, please migrate to a valid format.
2021-04-08 13:28:51.014 WARN  [main]org.mybatis.spring.mapper.ClassPathMapperScanner.warn:44 -No MyBatis mapper was found in '[xyz.fusheng]' package. Please check your configuration.
2021-04-08 13:28:53.413 WARN  [main]com.netflix.config.sources.URLConfigurationSource.<init>:121 -No URLs will be polled as dynamic configuration sources.
2021-04-08 13:28:53.419 WARN  [main]com.netflix.config.sources.URLConfigurationSource.<init>:121 -No URLs will be polled as dynamic configuration sources.
2021-04-08 13:28:53.892 WARN  [main]o.s.c.s.oauth2.SpringCloudSecurityAutoConfiguration.<init>:38 -All Spring Cloud Security modules and starters are deprecated. They will be moved to individual projects in the next major release.
2021-04-08 13:29:09.916 WARN  [http-nio-9000-exec-1]o.s.security.oauth2.provider.endpoint.TokenEndpoint.handleException:169 -Handling error: InternalAuthenticationServiceException, [404] during [GET] to [http://user-server/user/selectByUsername?username=code-fusheng] [UserFeignClientServer#selectUserByUsername(String)]: [{"timestamp":"2021-04-08T05:29:09.877+00:00","status":404,"error":"Not Found","message":"","path":"/user/selectByUsername"}]
2021-04-08 13:32:00.963 WARN  [Thread-19]com.alibaba.nacos.common.notify.NotifyCenter.shutdown:145 -[NotifyCenter] Start destroying Publisher
2021-04-08 13:32:00.963 WARN  [Thread-13]com.alibaba.nacos.common.http.HttpClientBeanHolder.shutdown:108 -[HttpClientBeanHolder] Start destroying common HttpClient
2021-04-08 13:32:00.965 WARN  [Thread-19]com.alibaba.nacos.common.notify.NotifyCenter.shutdown:162 -[NotifyCenter] Destruction of the end
2021-04-08 13:32:00.966 WARN  [Thread-13]com.alibaba.nacos.common.http.HttpClientBeanHolder.shutdown:114 -[HttpClientBeanHolder] Destruction of the end
2021-04-08 13:32:10.346 WARN  [SpringContextShutdownHook]o.s.beans.factory.support.DisposableBeanAdapter.invokeCustomDestroyMethod:349 -Destroy method 'close' on bean with name 'nacosServiceRegistry' threw an exception: java.lang.NullPointerException
2021-04-08 13:32:16.660 WARN  [main]org.springframework.boot.actuate.endpoint.EndpointId.logWarning:155 -Endpoint ID 'service-registry' contains invalid characters, please migrate to a valid format.
2021-04-08 13:32:16.733 WARN  [main]org.mybatis.spring.mapper.ClassPathMapperScanner.warn:44 -No MyBatis mapper was found in '[xyz.fusheng]' package. Please check your configuration.
2021-04-08 13:32:27.017 WARN  [main]com.netflix.config.sources.URLConfigurationSource.<init>:121 -No URLs will be polled as dynamic configuration sources.
2021-04-08 13:32:27.023 WARN  [main]com.netflix.config.sources.URLConfigurationSource.<init>:121 -No URLs will be polled as dynamic configuration sources.
2021-04-08 13:32:27.485 WARN  [main]o.s.c.s.oauth2.SpringCloudSecurityAutoConfiguration.<init>:38 -All Spring Cloud Security modules and starters are deprecated. They will be moved to individual projects in the next major release.
2021-04-08 13:33:21.054 WARN  [http-nio-9000-exec-2]o.s.security.oauth2.provider.endpoint.TokenEndpoint.handleException:169 -Handling error: InternalAuthenticationServiceException, [404] during [GET] to [http://user-server/user/selectByUsername?username=code-fusheng] [UserFeignClientServer#selectUserByUsername(String)]: [{"timestamp":"2021-04-08T05:33:11.924+00:00","status":404,"error":"Not Found","message":"","path":"/user/selectByUsername"}]
2021-04-08 13:35:08.878 WARN  [Thread-22]com.alibaba.nacos.common.notify.NotifyCenter.shutdown:145 -[NotifyCenter] Start destroying Publisher
2021-04-08 13:35:08.878 WARN  [Thread-16]com.alibaba.nacos.common.http.HttpClientBeanHolder.shutdown:108 -[HttpClientBeanHolder] Start destroying common HttpClient
2021-04-08 13:35:08.879 WARN  [Thread-22]com.alibaba.nacos.common.notify.NotifyCenter.shutdown:162 -[NotifyCenter] Destruction of the end
2021-04-08 13:35:08.880 WARN  [Thread-16]com.alibaba.nacos.common.http.HttpClientBeanHolder.shutdown:114 -[HttpClientBeanHolder] Destruction of the end
2021-04-08 13:35:17.208 WARN  [SpringContextShutdownHook]o.s.beans.factory.support.DisposableBeanAdapter.invokeCustomDestroyMethod:349 -Destroy method 'close' on bean with name 'nacosServiceRegistry' threw an exception: java.lang.NullPointerException
2021-04-08 13:35:24.049 WARN  [main]org.springframework.boot.actuate.endpoint.EndpointId.logWarning:155 -Endpoint ID 'service-registry' contains invalid characters, please migrate to a valid format.
2021-04-08 13:35:24.105 WARN  [main]org.mybatis.spring.mapper.ClassPathMapperScanner.warn:44 -No MyBatis mapper was found in '[xyz.fusheng]' package. Please check your configuration.
2021-04-08 13:35:26.089 WARN  [main]com.netflix.config.sources.URLConfigurationSource.<init>:121 -No URLs will be polled as dynamic configuration sources.
2021-04-08 13:35:26.094 WARN  [main]com.netflix.config.sources.URLConfigurationSource.<init>:121 -No URLs will be polled as dynamic configuration sources.
2021-04-08 13:35:26.489 WARN  [main]o.s.c.s.oauth2.SpringCloudSecurityAutoConfiguration.<init>:38 -All Spring Cloud Security modules and starters are deprecated. They will be moved to individual projects in the next major release.
2021-04-08 13:37:31.976 WARN  [Thread-18]com.alibaba.nacos.common.notify.NotifyCenter.shutdown:145 -[NotifyCenter] Start destroying Publisher
2021-04-08 13:37:31.976 WARN  [Thread-12]com.alibaba.nacos.common.http.HttpClientBeanHolder.shutdown:108 -[HttpClientBeanHolder] Start destroying common HttpClient
2021-04-08 13:37:31.977 WARN  [Thread-18]com.alibaba.nacos.common.notify.NotifyCenter.shutdown:162 -[NotifyCenter] Destruction of the end
2021-04-08 13:37:31.978 WARN  [Thread-12]com.alibaba.nacos.common.http.HttpClientBeanHolder.shutdown:114 -[HttpClientBeanHolder] Destruction of the end
2021-04-08 13:37:42.216 WARN  [SpringContextShutdownHook]o.s.beans.factory.support.DisposableBeanAdapter.invokeCustomDestroyMethod:349 -Destroy method 'close' on bean with name 'nacosServiceRegistry' threw an exception: java.lang.NullPointerException
2021-04-08 13:37:47.270 WARN  [main]org.springframework.boot.actuate.endpoint.EndpointId.logWarning:155 -Endpoint ID 'service-registry' contains invalid characters, please migrate to a valid format.
2021-04-08 13:37:47.324 WARN  [main]org.mybatis.spring.mapper.ClassPathMapperScanner.warn:44 -No MyBatis mapper was found in '[xyz.fusheng]' package. Please check your configuration.
2021-04-08 13:37:49.275 WARN  [main]com.netflix.config.sources.URLConfigurationSource.<init>:121 -No URLs will be polled as dynamic configuration sources.
2021-04-08 13:37:49.279 WARN  [main]com.netflix.config.sources.URLConfigurationSource.<init>:121 -No URLs will be polled as dynamic configuration sources.
2021-04-08 13:37:49.656 WARN  [main]o.s.c.s.oauth2.SpringCloudSecurityAutoConfiguration.<init>:38 -All Spring Cloud Security modules and starters are deprecated. They will be moved to individual projects in the next major release.
2021-04-08 14:05:09.131 WARN  [Thread-17]com.alibaba.nacos.common.notify.NotifyCenter.shutdown:145 -[NotifyCenter] Start destroying Publisher
2021-04-08 14:05:09.131 WARN  [Thread-11]com.alibaba.nacos.common.http.HttpClientBeanHolder.shutdown:108 -[HttpClientBeanHolder] Start destroying common HttpClient
2021-04-08 14:05:09.133 WARN  [Thread-17]com.alibaba.nacos.common.notify.NotifyCenter.shutdown:162 -[NotifyCenter] Destruction of the end
2021-04-08 14:05:09.134 WARN  [Thread-11]com.alibaba.nacos.common.http.HttpClientBeanHolder.shutdown:114 -[HttpClientBeanHolder] Destruction of the end
2021-04-08 14:05:16.736 WARN  [SpringContextShutdownHook]o.s.beans.factory.support.DisposableBeanAdapter.invokeCustomDestroyMethod:349 -Destroy method 'close' on bean with name 'nacosServiceRegistry' threw an exception: java.lang.NullPointerException
2021-04-08 14:05:23.813 WARN  [main]org.springframework.boot.actuate.endpoint.EndpointId.logWarning:155 -Endpoint ID 'service-registry' contains invalid characters, please migrate to a valid format.
2021-04-08 14:05:23.872 WARN  [main]org.mybatis.spring.mapper.ClassPathMapperScanner.warn:44 -No MyBatis mapper was found in '[xyz.fusheng]' package. Please check your configuration.
2021-04-08 14:05:26.075 WARN  [main]com.netflix.config.sources.URLConfigurationSource.<init>:121 -No URLs will be polled as dynamic configuration sources.
2021-04-08 14:05:26.080 WARN  [main]com.netflix.config.sources.URLConfigurationSource.<init>:121 -No URLs will be polled as dynamic configuration sources.
2021-04-08 14:05:26.472 WARN  [main]o.s.c.s.oauth2.SpringCloudSecurityAutoConfiguration.<init>:38 -All Spring Cloud Security modules and starters are deprecated. They will be moved to individual projects in the next major release.
2021-04-08 14:07:20.768 WARN  [Thread-18]com.alibaba.nacos.common.notify.NotifyCenter.shutdown:145 -[NotifyCenter] Start destroying Publisher
2021-04-08 14:07:20.768 WARN  [Thread-12]com.alibaba.nacos.common.http.HttpClientBeanHolder.shutdown:108 -[HttpClientBeanHolder] Start destroying common HttpClient
2021-04-08 14:07:20.770 WARN  [Thread-18]com.alibaba.nacos.common.notify.NotifyCenter.shutdown:162 -[NotifyCenter] Destruction of the end
2021-04-08 14:07:20.771 WARN  [Thread-12]com.alibaba.nacos.common.http.HttpClientBeanHolder.shutdown:114 -[HttpClientBeanHolder] Destruction of the end
2021-04-08 14:07:30.758 WARN  [SpringContextShutdownHook]o.s.beans.factory.support.DisposableBeanAdapter.invokeCustomDestroyMethod:349 -Destroy method 'close' on bean with name 'nacosServiceRegistry' threw an exception: java.lang.NullPointerException
2021-04-08 14:07:36.305 WARN  [main]org.springframework.boot.actuate.endpoint.EndpointId.logWarning:155 -Endpoint ID 'service-registry' contains invalid characters, please migrate to a valid format.
2021-04-08 14:07:36.359 WARN  [main]org.mybatis.spring.mapper.ClassPathMapperScanner.warn:44 -No MyBatis mapper was found in '[xyz.fusheng]' package. Please check your configuration.
2021-04-08 14:07:38.553 WARN  [main]com.netflix.config.sources.URLConfigurationSource.<init>:121 -No URLs will be polled as dynamic configuration sources.
2021-04-08 14:07:38.558 WARN  [main]com.netflix.config.sources.URLConfigurationSource.<init>:121 -No URLs will be polled as dynamic configuration sources.
2021-04-08 14:07:38.956 WARN  [main]o.s.c.s.oauth2.SpringCloudSecurityAutoConfiguration.<init>:38 -All Spring Cloud Security modules and starters are deprecated. They will be moved to individual projects in the next major release.
2021-04-08 14:18:53.322 WARN  [Thread-18]com.alibaba.nacos.common.notify.NotifyCenter.shutdown:145 -[NotifyCenter] Start destroying Publisher
2021-04-08 14:18:53.322 WARN  [Thread-12]com.alibaba.nacos.common.http.HttpClientBeanHolder.shutdown:108 -[HttpClientBeanHolder] Start destroying common HttpClient
2021-04-08 14:18:53.323 WARN  [Thread-18]com.alibaba.nacos.common.notify.NotifyCenter.shutdown:162 -[NotifyCenter] Destruction of the end
2021-04-08 14:18:53.323 WARN  [Thread-12]com.alibaba.nacos.common.http.HttpClientBeanHolder.shutdown:114 -[HttpClientBeanHolder] Destruction of the end
2021-04-08 14:19:00.963 WARN  [SpringContextShutdownHook]o.s.beans.factory.support.DisposableBeanAdapter.invokeCustomDestroyMethod:349 -Destroy method 'close' on bean with name 'nacosServiceRegistry' threw an exception: java.lang.NullPointerException
2021-04-08 14:20:11.539 WARN  [main]org.springframework.boot.actuate.endpoint.EndpointId.logWarning:155 -Endpoint ID 'service-registry' contains invalid characters, please migrate to a valid format.
2021-04-08 14:20:11.661 WARN  [main]org.mybatis.spring.mapper.ClassPathMapperScanner.warn:44 -No MyBatis mapper was found in '[xyz.fusheng]' package. Please check your configuration.
2021-04-08 14:20:15.287 WARN  [main]com.netflix.config.sources.URLConfigurationSource.<init>:121 -No URLs will be polled as dynamic configuration sources.
2021-04-08 14:20:15.292 WARN  [main]com.netflix.config.sources.URLConfigurationSource.<init>:121 -No URLs will be polled as dynamic configuration sources.
2021-04-08 14:20:15.844 WARN  [main]o.s.c.s.oauth2.SpringCloudSecurityAutoConfiguration.<init>:38 -All Spring Cloud Security modules and starters are deprecated. They will be moved to individual projects in the next major release.
2021-04-08 14:31:34.756 WARN  [Thread-16]com.alibaba.nacos.common.http.HttpClientBeanHolder.shutdown:108 -[HttpClientBeanHolder] Start destroying common HttpClient
2021-04-08 14:31:34.756 WARN  [Thread-22]com.alibaba.nacos.common.notify.NotifyCenter.shutdown:145 -[NotifyCenter] Start destroying Publisher
2021-04-08 14:31:34.758 WARN  [Thread-22]com.alibaba.nacos.common.notify.NotifyCenter.shutdown:162 -[NotifyCenter] Destruction of the end
2021-04-08 14:31:34.759 WARN  [Thread-16]com.alibaba.nacos.common.http.HttpClientBeanHolder.shutdown:114 -[HttpClientBeanHolder] Destruction of the end
2021-04-08 14:31:43.105 WARN  [SpringContextShutdownHook]o.s.beans.factory.support.DisposableBeanAdapter.invokeCustomDestroyMethod:349 -Destroy method 'close' on bean with name 'nacosServiceRegistry' threw an exception: java.lang.NullPointerException
2021-04-08 14:31:51.396 WARN  [main]org.springframework.boot.actuate.endpoint.EndpointId.logWarning:155 -Endpoint ID 'service-registry' contains invalid characters, please migrate to a valid format.
2021-04-08 14:31:51.449 WARN  [main]org.mybatis.spring.mapper.ClassPathMapperScanner.warn:44 -No MyBatis mapper was found in '[xyz.fusheng]' package. Please check your configuration.
2021-04-08 14:31:53.175 WARN  [main]com.netflix.config.sources.URLConfigurationSource.<init>:121 -No URLs will be polled as dynamic configuration sources.
2021-04-08 14:31:53.180 WARN  [main]com.netflix.config.sources.URLConfigurationSource.<init>:121 -No URLs will be polled as dynamic configuration sources.
2021-04-08 14:31:53.586 WARN  [main]o.s.c.s.oauth2.SpringCloudSecurityAutoConfiguration.<init>:38 -All Spring Cloud Security modules and starters are deprecated. They will be moved to individual projects in the next major release.
2021-04-08 14:33:21.457 WARN  [Thread-17]com.alibaba.nacos.common.notify.NotifyCenter.shutdown:145 -[NotifyCenter] Start destroying Publisher
2021-04-08 14:33:21.457 WARN  [Thread-11]com.alibaba.nacos.common.http.HttpClientBeanHolder.shutdown:108 -[HttpClientBeanHolder] Start destroying common HttpClient
2021-04-08 14:33:21.457 WARN  [Thread-17]com.alibaba.nacos.common.notify.NotifyCenter.shutdown:162 -[NotifyCenter] Destruction of the end
2021-04-08 14:33:21.458 WARN  [Thread-11]com.alibaba.nacos.common.http.HttpClientBeanHolder.shutdown:114 -[HttpClientBeanHolder] Destruction of the end
2021-04-08 14:33:27.861 WARN  [SpringContextShutdownHook]o.s.beans.factory.support.DisposableBeanAdapter.invokeCustomDestroyMethod:349 -Destroy method 'close' on bean with name 'nacosServiceRegistry' threw an exception: java.lang.NullPointerException
2021-04-08 14:33:35.932 WARN  [main]org.springframework.boot.actuate.endpoint.EndpointId.logWarning:155 -Endpoint ID 'service-registry' contains invalid characters, please migrate to a valid format.
2021-04-08 14:33:35.990 WARN  [main]org.mybatis.spring.mapper.ClassPathMapperScanner.warn:44 -No MyBatis mapper was found in '[xyz.fusheng]' package. Please check your configuration.
2021-04-08 14:33:38.137 WARN  [main]com.netflix.config.sources.URLConfigurationSource.<init>:121 -No URLs will be polled as dynamic configuration sources.
2021-04-08 14:33:38.140 WARN  [main]com.netflix.config.sources.URLConfigurationSource.<init>:121 -No URLs will be polled as dynamic configuration sources.
2021-04-08 14:33:38.509 WARN  [main]o.s.c.s.oauth2.SpringCloudSecurityAutoConfiguration.<init>:38 -All Spring Cloud Security modules and starters are deprecated. They will be moved to individual projects in the next major release.
2021-04-08 18:24:51.902 WARN  [Thread-11]com.alibaba.nacos.common.http.HttpClientBeanHolder.shutdown:108 -[HttpClientBeanHolder] Start destroying common HttpClient
2021-04-08 18:24:51.908 WARN  [Thread-11]com.alibaba.nacos.common.http.HttpClientBeanHolder.shutdown:114 -[HttpClientBeanHolder] Destruction of the end
2021-04-08 18:24:51.908 WARN  [Thread-18]com.alibaba.nacos.common.notify.NotifyCenter.shutdown:145 -[NotifyCenter] Start destroying Publisher
2021-04-08 18:24:51.909 WARN  [Thread-18]com.alibaba.nacos.common.notify.NotifyCenter.shutdown:162 -[NotifyCenter] Destruction of the end
2021-04-08 18:24:59.659 WARN  [SpringContextShutdownHook]o.s.beans.factory.support.DisposableBeanAdapter.invokeCustomDestroyMethod:349 -Destroy method 'close' on bean with name 'nacosServiceRegistry' threw an exception: java.lang.NullPointerException
2021-04-08 18:30:40.687 WARN  [main]org.springframework.boot.actuate.endpoint.EndpointId.logWarning:155 -Endpoint ID 'service-registry' contains invalid characters, please migrate to a valid format.
2021-04-08 18:30:40.775 WARN  [main]org.mybatis.spring.mapper.ClassPathMapperScanner.warn:44 -No MyBatis mapper was found in '[xyz.fusheng]' package. Please check your configuration.
2021-04-08 18:30:44.442 WARN  [main]com.netflix.config.sources.URLConfigurationSource.<init>:121 -No URLs will be polled as dynamic configuration sources.
2021-04-08 18:30:44.448 WARN  [main]com.netflix.config.sources.URLConfigurationSource.<init>:121 -No URLs will be polled as dynamic configuration sources.
2021-04-08 18:30:45.127 WARN  [main]o.s.c.s.oauth2.SpringCloudSecurityAutoConfiguration.<init>:38 -All Spring Cloud Security modules and starters are deprecated. They will be moved to individual projects in the next major release.
