2021-04-07 12:28:07.973 WARN  [main]org.mybatis.spring.mapper.ClassPathMapperScanner.warn:44 -No MyBatis mapper was found in '[xyz.fusheng.controller]' package. Please check your configuration.
2021-04-07 12:28:08.580 WARN  [main]o.s.cloud.netflix.archaius.ArchaiusAutoConfiguration.configureArchaius:123 -No spring.application.name found, defaulting to 'application'
2021-04-07 12:28:08.587 WARN  [main]com.netflix.config.sources.URLConfigurationSource.<init>:121 -No URLs will be polled as dynamic configuration sources.
2021-04-07 12:28:08.596 WARN  [main]com.netflix.config.sources.URLConfigurationSource.<init>:121 -No URLs will be polled as dynamic configuration sources.
2021-04-07 12:28:09.219 WARN  [main]o.s.b.w.s.c.AnnotationConfigServletWebServerApplicationContext.refresh:559 -Exception encountered during context initialization - cancelling refresh attempt: org.springframework.beans.factory.BeanCreationException: Error creating bean with name 'dataSource' defined in class path resource [org/springframework/boot/autoconfigure/jdbc/DataSourceConfiguration$Hikari.class]: Bean instantiation via factory method failed; nested exception is org.springframework.beans.BeanInstantiationException: Failed to instantiate [com.zaxxer.hikari.HikariDataSource]: Factory method 'dataSource' threw exception; nested exception is org.springframework.boot.autoconfigure.jdbc.DataSourceProperties$DataSourceBeanCreationException: Failed to determine a suitable driver class
2021-04-07 12:28:09.220 WARN  [main]o.s.beans.factory.support.DisposableBeanAdapter.invokeCustomDestroyMethod:349 -Destroy method 'close' on bean with name 'nacosServiceRegistry' threw an exception: java.lang.NullPointerException
2021-04-07 12:29:02.020 WARN  [main]org.mybatis.spring.mapper.ClassPathMapperScanner.warn:44 -No MyBatis mapper was found in '[xyz.fusheng.controller]' package. Please check your configuration.
2021-04-07 12:29:02.473 WARN  [main]com.netflix.config.sources.URLConfigurationSource.<init>:121 -No URLs will be polled as dynamic configuration sources.
2021-04-07 12:29:02.478 WARN  [main]com.netflix.config.sources.URLConfigurationSource.<init>:121 -No URLs will be polled as dynamic configuration sources.
2021-04-07 12:29:24.736 WARN  [Thread-10]com.alibaba.nacos.common.http.HttpClientBeanHolder.shutdown:108 -[HttpClientBeanHolder] Start destroying common HttpClient
2021-04-07 12:29:24.737 WARN  [Thread-16]com.alibaba.nacos.common.notify.NotifyCenter.shutdown:145 -[NotifyCenter] Start destroying Publisher
2021-04-07 12:29:24.737 WARN  [Thread-10]com.alibaba.nacos.common.http.HttpClientBeanHolder.shutdown:114 -[HttpClientBeanHolder] Destruction of the end
2021-04-07 12:29:24.737 WARN  [Thread-16]com.alibaba.nacos.common.notify.NotifyCenter.shutdown:162 -[NotifyCenter] Destruction of the end
2021-04-07 12:29:34.472 WARN  [SpringContextShutdownHook]o.s.beans.factory.support.DisposableBeanAdapter.invokeCustomDestroyMethod:349 -Destroy method 'close' on bean with name 'nacosServiceRegistry' threw an exception: java.lang.NullPointerException
2021-04-07 12:31:04.657 WARN  [main]org.mybatis.spring.mapper.ClassPathMapperScanner.warn:44 -No MyBatis mapper was found in '[xyz.fusheng.controller]' package. Please check your configuration.
2021-04-07 12:31:05.080 WARN  [main]com.netflix.config.sources.URLConfigurationSource.<init>:121 -No URLs will be polled as dynamic configuration sources.
2021-04-07 12:31:05.084 WARN  [main]com.netflix.config.sources.URLConfigurationSource.<init>:121 -No URLs will be polled as dynamic configuration sources.
2021-04-07 13:20:57.653 WARN  [Thread-15]com.alibaba.nacos.common.notify.NotifyCenter.shutdown:145 -[NotifyCenter] Start destroying Publisher
2021-04-07 13:20:57.652 WARN  [Thread-9]com.alibaba.nacos.common.http.HttpClientBeanHolder.shutdown:108 -[HttpClientBeanHolder] Start destroying common HttpClient
2021-04-07 13:20:57.653 WARN  [Thread-15]com.alibaba.nacos.common.notify.NotifyCenter.shutdown:162 -[NotifyCenter] Destruction of the end
2021-04-07 13:20:57.654 WARN  [Thread-9]com.alibaba.nacos.common.http.HttpClientBeanHolder.shutdown:114 -[HttpClientBeanHolder] Destruction of the end
2021-04-07 13:21:05.374 WARN  [SpringContextShutdownHook]o.s.beans.factory.support.DisposableBeanAdapter.invokeCustomDestroyMethod:349 -Destroy method 'close' on bean with name 'nacosServiceRegistry' threw an exception: java.lang.NullPointerException
2021-04-07 13:21:14.808 WARN  [main]org.mybatis.spring.mapper.ClassPathMapperScanner.warn:44 -No MyBatis mapper was found in '[xyz.fusheng.controller]' package. Please check your configuration.
2021-04-07 13:21:15.453 WARN  [main]o.s.b.w.s.c.AnnotationConfigServletWebServerApplicationContext.refresh:559 -Exception encountered during context initialization - cancelling refresh attempt: org.springframework.beans.factory.BeanCreationException: Error creating bean with name 'menuServiceImpl': Injection of resource dependencies failed; nested exception is org.springframework.beans.factory.NoSuchBeanDefinitionException: No qualifying bean of type 'xyz.fusheng.mapper.MenuMapper' available: expected at least 1 bean which qualifies as autowire candidate. Dependency annotations: {@javax.annotation.Resource(shareable=true, lookup=, name=, description=, authenticationType=CONTAINER, type=class java.lang.Object, mappedName=)}
2021-04-07 13:23:35.704 WARN  [main]org.mybatis.spring.mapper.ClassPathMapperScanner.warn:44 -No MyBatis mapper was found in '[xyz.fusheng.controller]' package. Please check your configuration.
2021-04-07 13:23:36.146 WARN  [main]o.s.b.w.s.c.AnnotationConfigServletWebServerApplicationContext.refresh:559 -Exception encountered during context initialization - cancelling refresh attempt: org.springframework.beans.factory.BeanCreationException: Error creating bean with name 'menuServiceImpl': Injection of resource dependencies failed; nested exception is org.springframework.beans.factory.NoSuchBeanDefinitionException: No qualifying bean of type 'xyz.fusheng.mapper.MenuMapper' available: expected at least 1 bean which qualifies as autowire candidate. Dependency annotations: {@javax.annotation.Resource(shareable=true, lookup=, name=, description=, authenticationType=CONTAINER, type=class java.lang.Object, mappedName=)}
2021-04-07 13:26:56.148 WARN  [main]org.mybatis.spring.mapper.ClassPathMapperScanner.warn:44 -No MyBatis mapper was found in '[xyz.fusheng.controller]' package. Please check your configuration.
2021-04-07 13:26:56.602 WARN  [main]o.s.b.w.s.c.AnnotationConfigServletWebServerApplicationContext.refresh:559 -Exception encountered during context initialization - cancelling refresh attempt: org.springframework.beans.factory.BeanCreationException: Error creating bean with name 'menuServiceImpl': Injection of resource dependencies failed; nested exception is org.springframework.beans.factory.NoSuchBeanDefinitionException: No qualifying bean of type 'xyz.fusheng.mapper.MenuMapper' available: expected at least 1 bean which qualifies as autowire candidate. Dependency annotations: {@javax.annotation.Resource(shareable=true, lookup=, name=, description=, authenticationType=CONTAINER, type=class java.lang.Object, mappedName=)}
2021-04-07 13:28:00.185 WARN  [main]org.mybatis.spring.mapper.ClassPathMapperScanner.warn:44 -No MyBatis mapper was found in '[xyz.fusheng.controller]' package. Please check your configuration.
2021-04-07 13:28:00.705 WARN  [main]o.s.b.w.s.c.AnnotationConfigServletWebServerApplicationContext.refresh:559 -Exception encountered during context initialization - cancelling refresh attempt: org.springframework.beans.factory.BeanCreationException: Error creating bean with name 'menuServiceImpl': Injection of resource dependencies failed; nested exception is org.springframework.beans.factory.NoSuchBeanDefinitionException: No qualifying bean of type 'xyz.fusheng.mapper.MenuMapper' available: expected at least 1 bean which qualifies as autowire candidate. Dependency annotations: {@javax.annotation.Resource(shareable=true, lookup=, name=, description=, authenticationType=CONTAINER, type=class java.lang.Object, mappedName=)}
2021-04-07 13:37:03.105 WARN  [main]org.mybatis.spring.mapper.ClassPathMapperScanner.warn:44 -No MyBatis mapper was found in '[xyz.fusheng.controller]' package. Please check your configuration.
2021-04-07 13:37:03.553 WARN  [main]o.s.b.w.s.c.AnnotationConfigServletWebServerApplicationContext.refresh:559 -Exception encountered during context initialization - cancelling refresh attempt: org.springframework.beans.factory.BeanCreationException: Error creating bean with name 'menuServiceImpl': Injection of resource dependencies failed; nested exception is org.springframework.beans.factory.NoSuchBeanDefinitionException: No qualifying bean of type 'xyz.fusheng.mapper.MenuMapper' available: expected at least 1 bean which qualifies as autowire candidate. Dependency annotations: {@javax.annotation.Resource(shareable=true, lookup=, name=, description=, authenticationType=CONTAINER, type=class java.lang.Object, mappedName=)}
2021-04-07 13:38:05.896 WARN  [main]org.mybatis.spring.mapper.ClassPathMapperScanner.warn:44 -No MyBatis mapper was found in '[xyz.fusheng.controller]' package. Please check your configuration.
2021-04-07 13:38:06.367 WARN  [main]com.netflix.config.sources.URLConfigurationSource.<init>:121 -No URLs will be polled as dynamic configuration sources.
2021-04-07 13:38:06.371 WARN  [main]com.netflix.config.sources.URLConfigurationSource.<init>:121 -No URLs will be polled as dynamic configuration sources.
2021-04-07 13:38:06.941 WARN  [main]com.baomidou.mybatisplus.core.metadata.TableInfoHelper.initTableFields:307 -Can not find table primary key in Class: "xyz.fusheng.model.entity.User".
2021-04-07 13:44:04.477 WARN  [Thread-10]com.alibaba.nacos.common.http.HttpClientBeanHolder.shutdown:108 -[HttpClientBeanHolder] Start destroying common HttpClient
2021-04-07 13:44:04.477 WARN  [Thread-16]com.alibaba.nacos.common.notify.NotifyCenter.shutdown:145 -[NotifyCenter] Start destroying Publisher
2021-04-07 13:44:04.478 WARN  [Thread-16]com.alibaba.nacos.common.notify.NotifyCenter.shutdown:162 -[NotifyCenter] Destruction of the end
2021-04-07 13:44:04.478 WARN  [Thread-10]com.alibaba.nacos.common.http.HttpClientBeanHolder.shutdown:114 -[HttpClientBeanHolder] Destruction of the end
2021-04-07 13:44:11.721 WARN  [SpringContextShutdownHook]o.s.beans.factory.support.DisposableBeanAdapter.invokeCustomDestroyMethod:349 -Destroy method 'close' on bean with name 'nacosServiceRegistry' threw an exception: java.lang.NullPointerException
2021-04-07 13:44:19.430 WARN  [main]com.baomidou.mybatisplus.core.metadata.TableInfoHelper.initTableFields:307 -Can not find table primary key in Class: "xyz.fusheng.model.entity.User".
2021-04-07 13:44:19.551 WARN  [main]com.netflix.config.sources.URLConfigurationSource.<init>:121 -No URLs will be polled as dynamic configuration sources.
2021-04-07 13:44:19.556 WARN  [main]com.netflix.config.sources.URLConfigurationSource.<init>:121 -No URLs will be polled as dynamic configuration sources.
2021-04-07 16:03:44.971 WARN  [Thread-10]com.alibaba.nacos.common.http.HttpClientBeanHolder.shutdown:108 -[HttpClientBeanHolder] Start destroying common HttpClient
2021-04-07 16:03:44.971 WARN  [Thread-16]com.alibaba.nacos.common.notify.NotifyCenter.shutdown:145 -[NotifyCenter] Start destroying Publisher
2021-04-07 16:03:44.972 WARN  [Thread-16]com.alibaba.nacos.common.notify.NotifyCenter.shutdown:162 -[NotifyCenter] Destruction of the end
2021-04-07 16:03:44.973 WARN  [Thread-10]com.alibaba.nacos.common.http.HttpClientBeanHolder.shutdown:114 -[HttpClientBeanHolder] Destruction of the end
2021-04-07 16:03:54.435 WARN  [SpringContextShutdownHook]o.s.beans.factory.support.DisposableBeanAdapter.invokeCustomDestroyMethod:349 -Destroy method 'close' on bean with name 'nacosServiceRegistry' threw an exception: java.lang.NullPointerException
2021-04-07 16:03:59.250 WARN  [main]com.netflix.config.sources.URLConfigurationSource.<init>:121 -No URLs will be polled as dynamic configuration sources.
2021-04-07 16:03:59.255 WARN  [main]com.netflix.config.sources.URLConfigurationSource.<init>:121 -No URLs will be polled as dynamic configuration sources.
2021-04-07 16:13:19.588 WARN  [Thread-16]com.alibaba.nacos.common.notify.NotifyCenter.shutdown:145 -[NotifyCenter] Start destroying Publisher
2021-04-07 16:13:19.588 WARN  [Thread-10]com.alibaba.nacos.common.http.HttpClientBeanHolder.shutdown:108 -[HttpClientBeanHolder] Start destroying common HttpClient
2021-04-07 16:13:19.590 WARN  [Thread-16]com.alibaba.nacos.common.notify.NotifyCenter.shutdown:162 -[NotifyCenter] Destruction of the end
2021-04-07 16:13:19.591 WARN  [Thread-10]com.alibaba.nacos.common.http.HttpClientBeanHolder.shutdown:114 -[HttpClientBeanHolder] Destruction of the end
2021-04-07 16:13:29.804 WARN  [SpringContextShutdownHook]o.s.beans.factory.support.DisposableBeanAdapter.invokeCustomDestroyMethod:349 -Destroy method 'close' on bean with name 'nacosServiceRegistry' threw an exception: java.lang.NullPointerException
2021-04-07 16:13:36.319 WARN  [main]com.netflix.config.sources.URLConfigurationSource.<init>:121 -No URLs will be polled as dynamic configuration sources.
2021-04-07 16:13:36.323 WARN  [main]com.netflix.config.sources.URLConfigurationSource.<init>:121 -No URLs will be polled as dynamic configuration sources.
2021-04-07 16:17:45.517 WARN  [Thread-11]com.alibaba.nacos.common.http.HttpClientBeanHolder.shutdown:108 -[HttpClientBeanHolder] Start destroying common HttpClient
2021-04-07 16:17:45.517 WARN  [Thread-17]com.alibaba.nacos.common.notify.NotifyCenter.shutdown:145 -[NotifyCenter] Start destroying Publisher
2021-04-07 16:17:45.519 WARN  [Thread-17]com.alibaba.nacos.common.notify.NotifyCenter.shutdown:162 -[NotifyCenter] Destruction of the end
2021-04-07 16:17:45.519 WARN  [Thread-11]com.alibaba.nacos.common.http.HttpClientBeanHolder.shutdown:114 -[HttpClientBeanHolder] Destruction of the end
2021-04-07 16:18:00.208 WARN  [main]com.netflix.config.sources.URLConfigurationSource.<init>:121 -No URLs will be polled as dynamic configuration sources.
2021-04-07 16:18:00.212 WARN  [main]com.netflix.config.sources.URLConfigurationSource.<init>:121 -No URLs will be polled as dynamic configuration sources.
